Updated file D:\soft\workspace\workspace\AppSioeye\build.xml
Buildfile: D:\soft\workspace\workspace\AppSioeye\build.xml

-check-env:
 [checkenv] Android SDK Tools Revision 24.0.2
 [checkenv] Installed at D:\soft\adt-bundle-windows-x86_64-20130219\sdk

-build-setup:
[getbuildtools] Using latest Build Tools: 23.0.2
     [echo] Resolving Build Target for AppSioeye...
[getuitarget] Project Target:   Android 6.0
[getuitarget] API level:        23
     [echo] ----------
     [echo] Creating output directories if needed...

-pre-compile:

compile:
    [javac] Compiling 3 source files to D:\soft\workspace\workspace\AppSioeye\bin\classes

-post-compile:

-dex:
      [dex] input: D:\soft\workspace\workspace\AppSioeye\bin\classes
      [dex] Found Deleted Target File
      [dex] Converting compiled files and external libraries into D:\soft\workspace\workspace\AppSioeye\bin\classes.dex...

-post-dex:

-jar:
      [jar] Building jar: D:\soft\workspace\workspace\AppSioeye\bin\AppSioeye.jar

-post-jar:

build:

BUILD SUCCESSFUL
Total time: 4 seconds
* daemon not running. starting it now on port 5037 *
* daemon started successfully *
adb: error: connect failed: device unauthorized.
This adb server's $ADB_VENDOR_KEYS is not set
Try 'adb kill-server' if that seems wrong.
Otherwise check for a confirmation dialog on your device.
error: device unauthorized.
This adb server's $ADB_VENDOR_KEYS is not set
Try 'adb kill-server' if that seems wrong.
Otherwise check for a confirmation dialog on your device.
Updated file D:\soft\workspace\workspace\AppSioeye\build.xml
Buildfile: D:\soft\workspace\workspace\AppSioeye\build.xml

-check-env:
 [checkenv] Android SDK Tools Revision 24.0.2
 [checkenv] Installed at D:\soft\adt-bundle-windows-x86_64-20130219\sdk

-build-setup:
[getbuildtools] Using latest Build Tools: 23.0.2
     [echo] Resolving Build Target for AppSioeye...
[getuitarget] Project Target:   Android 6.0
[getuitarget] API level:        23
     [echo] ----------
     [echo] Creating output directories if needed...

-pre-compile:

compile:

-post-compile:

-dex:
      [dex] input: D:\soft\workspace\workspace\AppSioeye\bin\classes
      [dex] Found Deleted Target File
      [dex] Converting compiled files and external libraries into D:\soft\workspace\workspace\AppSioeye\bin\classes.dex...

-post-dex:

-jar:
      [jar] Building jar: D:\soft\workspace\workspace\AppSioeye\bin\AppSioeye.jar

-post-jar:

build:

BUILD SUCCESSFUL
Total time: 3 seconds
[100%] /data/local/tmp/AppSioeye.jar
INSTRUMENTATION_STATUS: numtests=1

INSTRUMENTATION_STATUS: stream=

one.hardware.Testcase.BurstCase:

INSTRUMENTATION_STATUS: id=UiAutomatorTestRunner

INSTRUMENTATION_STATUS: test=testBurst10P2M169

INSTRUMENTATION_STATUS: class=one.hardware.Testcase.BurstCase

INSTRUMENTATION_STATUS: current=1

INSTRUMENTATION_STATUS_CODE: 1

[CktTest-BurstCase-testBurst10P2M169] *****Start to run BurstCase-testBurst10P2M169 *****

[CktTest-BurstCase-testBurst10P2M169] 当前package:com.hicam

[CktTest-BurstCase-testBurst10P2M169] 关闭filemanager-Success

[CktTest-BurstCase-testBurst10P2M169] 当前package:com.android.launcher3

[CktTest-BurstCase-testBurst10P2M169] 关闭Camera-Success

[CktTest-BurstCase-testBurst10P2M169] 当前package:com.android.launcher3

[CktTest-BurstCase-testBurst10P2M169] 关闭Gallery-Success

Updated file D:\soft\workspace\workspace\AppSioeye\build.xml
Buildfile: D:\soft\workspace\workspace\AppSioeye\build.xml

-check-env:
 [checkenv] Android SDK Tools Revision 24.0.2
 [checkenv] Installed at D:\soft\adt-bundle-windows-x86_64-20130219\sdk

-build-setup:
[getbuildtools] Using latest Build Tools: 23.0.2
     [echo] Resolving Build Target for AppSioeye...
[getuitarget] Project Target:   Android 6.0
[getuitarget] API level:        23
     [echo] ----------
     [echo] Creating output directories if needed...

-pre-compile:

compile:

-post-compile:

-dex:
      [dex] input: D:\soft\workspace\workspace\AppSioeye\bin\classes
      [dex] Found Deleted Target File
      [dex] Converting compiled files and external libraries into D:\soft\workspace\workspace\AppSioeye\bin\classes.dex...

-post-dex:

-jar:
      [jar] Building jar: D:\soft\workspace\workspace\AppSioeye\bin\AppSioeye.jar

-post-jar:

build:

BUILD SUCCESSFUL
Total time: 3 seconds
[100%] /data/local/tmp/AppSioeye.jar
INSTRUMENTATION_STATUS: numtests=1

INSTRUMENTATION_STATUS: stream=

one.hardware.Testcase.BurstCase:

INSTRUMENTATION_STATUS: id=UiAutomatorTestRunner

INSTRUMENTATION_STATUS: test=testBurst10P2M169

INSTRUMENTATION_STATUS: class=one.hardware.Testcase.BurstCase

INSTRUMENTATION_STATUS: current=1

INSTRUMENTATION_STATUS_CODE: 1

[CktTest-BurstCase-testBurst10P2M169] *****Start to run BurstCase-testBurst10P2M169 *****

[CktTest-BurstCase-testBurst10P2M169] 当前package:com.hicam

[CktTest-BurstCase-testBurst10P2M169] 关闭filemanager-Success

[CktTest-BurstCase-testBurst10P2M169] 当前package:com.android.launcher3

[CktTest-BurstCase-testBurst10P2M169] 关闭Camera-Success

[CktTest-BurstCase-testBurst10P2M169] 当前package:com.android.launcher3

[CktTest-BurstCase-testBurst10P2M169] 关闭Gallery-Success

[CktTest-BurstCase-testBurst10P2M169] 当前package:com.hicam

[CktTest-BurstCase-testBurst10P2M169] 已经进入相机

[CktTest-BurstCase-testBurst10P2M169] [Scroll Find Object]: Capture

[CktTest-BurstCase-testBurst10P2M169] [Find Object]: Capture

[CktTest-BurstCase-testBurst10P2M169] [Find Object]: com.hicam:id/camera_setting_shortcut

[CktTest-BurstCase-testBurst10P2M169] [Find Object]: Image Size

[CktTest-BurstCase-testBurst10P2M169] [Not Find Object]: 2M(16:9)

[CktTest-BurstCase-testBurst10P2M169] 截图存储在 /sdcard/CktTest/screen/2016-09-03-14-36-19.png

[CktTest-BurstCase-testBurst10P2M169] <img src="screen/2016-09-03-14-36-19.png" width="320" height="240">

[CktTest-BurstCase-testBurst10P2M169] 发生异常，正在捕获异常

[CktTest-BurstCase-testBurst10P2M169] 开始抓取崩溃日志

[CktTest-BurstCase-testBurst10P2M169] 崩溃日志文件抓取成功-/sdcard/CktTest/screen/Crash_Exception_2016-09-03-14-36-19.txt

[CktTest-BurstCase-testBurst10P2M169] [Fail Reason]: NotFindObject2M(16:9)

[CktTest-BurstCase-testBurst10P2M169] [Test Result]: The Test Case BurstCase-testBurst10P2M169 Failed

INSTRUMENTATION_STATUS: numtests=1

INSTRUMENTATION_STATUS: stream=

Failure in testBurst10P2M169:

junit.framework.AssertionFailedError: Case Failed==> NotFindObject2M(16:9)

	at one.hardware.Util.Common.handleException(Common.java:1110)

	at one.hardware.Testcase.BurstCase.testBurst10P2M169(BurstCase.java:347)

	at com.android.uiautomator.testrunner.UiAutomatorTestRunner.start(UiAutomatorTestRunner.java:161)

	at com.android.uiautomator.testrunner.UiAutomatorTestRunner.run(UiAutomatorTestRunner.java:96)

	at com.android.commands.uiautomator.RunTestCommand.run(RunTestCommand.java:91)

	at com.android.commands.uiautomator.Launcher.main(Launcher.java:83)

	at com.android.internal.os.RuntimeInit.nativeFinishInit(Native Method)

	at com.android.internal.os.RuntimeInit.main(RuntimeInit.java:276)



INSTRUMENTATION_STATUS: id=UiAutomatorTestRunner

INSTRUMENTATION_STATUS: test=testBurst10P2M169

INSTRUMENTATION_STATUS: class=one.hardware.Testcase.BurstCase

INSTRUMENTATION_STATUS: stack=junit.framework.AssertionFailedError: Case Failed==> NotFindObject2M(16:9)

	at one.hardware.Util.Common.handleException(Common.java:1110)

	at one.hardware.Testcase.BurstCase.testBurst10P2M169(BurstCase.java:347)

	at com.android.uiautomator.testrunner.UiAutomatorTestRunner.start(UiAutomatorTestRunner.java:161)

	at com.android.uiautomator.testrunner.UiAutomatorTestRunner.run(UiAutomatorTestRunner.java:96)

	at com.android.commands.uiautomator.RunTestCommand.run(RunTestCommand.java:91)

	at com.android.commands.uiautomator.Launcher.main(Launcher.java:83)

	at com.android.internal.os.RuntimeInit.nativeFinishInit(Native Method)

	at com.android.internal.os.RuntimeInit.main(RuntimeInit.java:276)



INSTRUMENTATION_STATUS: current=1

INSTRUMENTATION_STATUS_CODE: -2

INSTRUMENTATION_STATUS: stream=

Test results for WatcherResultPrinter=.F

Time: 95.003



FAILURES!!!

Tests run: 1,  Failures: 1,  Errors: 0





INSTRUMENTATION_STATUS_CODE: -1

Updated file D:\soft\workspace\workspace\AppSioeye\build.xml
Buildfile: D:\soft\workspace\workspace\AppSioeye\build.xml

-check-env:
 [checkenv] Android SDK Tools Revision 24.0.2
 [checkenv] Installed at D:\soft\adt-bundle-windows-x86_64-20130219\sdk

-build-setup:
[getbuildtools] Using latest Build Tools: 23.0.2
     [echo] Resolving Build Target for AppSioeye...
[getuitarget] Project Target:   Android 6.0
[getuitarget] API level:        23
     [echo] ----------
     [echo] Creating output directories if needed...

-pre-compile:

compile:
    [javac] Compiling 1 source file to D:\soft\workspace\workspace\AppSioeye\bin\classes

-post-compile:

-dex:
      [dex] input: D:\soft\workspace\workspace\AppSioeye\bin\classes
      [dex] Found Deleted Target File
      [dex] Converting compiled files and external libraries into D:\soft\workspace\workspace\AppSioeye\bin\classes.dex...

-post-dex:

-jar:
      [jar] Building jar: D:\soft\workspace\workspace\AppSioeye\bin\AppSioeye.jar

-post-jar:

build:

BUILD SUCCESSFUL
Total time: 3 seconds
[100%] /data/local/tmp/AppSioeye.jar
INSTRUMENTATION_STATUS: numtests=1

INSTRUMENTATION_STATUS: stream=

one.hardware.Testcase.BurstCase:

INSTRUMENTATION_STATUS: id=UiAutomatorTestRunner

INSTRUMENTATION_STATUS: test=testBurst10P2M169

INSTRUMENTATION_STATUS: class=one.hardware.Testcase.BurstCase

INSTRUMENTATION_STATUS: current=1

INSTRUMENTATION_STATUS_CODE: 1

[CktTest-BurstCase-testBurst10P2M169] *****Start to run BurstCase-testBurst10P2M169 *****

[CktTest-BurstCase-testBurst10P2M169] 当前package:com.hicam

[CktTest-BurstCase-testBurst10P2M169] 关闭filemanager-Success

[CktTest-BurstCase-testBurst10P2M169] 当前package:com.android.launcher3

[CktTest-BurstCase-testBurst10P2M169] 关闭Camera-Success

[CktTest-BurstCase-testBurst10P2M169] 当前package:com.android.launcher3

[CktTest-BurstCase-testBurst10P2M169] 关闭Gallery-Success

[CktTest-BurstCase-testBurst10P2M169] 当前package:com.hicam

[CktTest-BurstCase-testBurst10P2M169] 已经进入相机

[CktTest-BurstCase-testBurst10P2M169] [Scroll Find Object]: Capture

[CktTest-BurstCase-testBurst10P2M169] [Find Object]: Capture

[CktTest-BurstCase-testBurst10P2M169] [Find Object]: com.hicam:id/camera_setting_shortcut

[CktTest-BurstCase-testBurst10P2M169] [Find Object]: Image Size

[CktTest-BurstCase-testBurst10P2M169] [Scroll Find Object]: 2M(16:9)

[CktTest-BurstCase-testBurst10P2M169] [Find Object]: 2M(16:9)

[CktTest-BurstCase-testBurst10P2M169] Image Size设置为 :2M(16:9)

[CktTest-BurstCase-testBurst10P2M169] [Scroll Find Object]: Burst

[CktTest-BurstCase-testBurst10P2M169] [Find Object]: Burst

[CktTest-BurstCase-testBurst10P2M169] [Find Object]: com.hicam:id/camera_setting_shortcut

[CktTest-BurstCase-testBurst10P2M169] [Find Object]: Burst Rate

[CktTest-BurstCase-testBurst10P2M169] [Find Object]: 10P

[CktTest-BurstCase-testBurst10P2M169] Burst Rate设置为 :10P

[CktTest-BurstCase-testBurst10P2M169] []

[CktTest-BurstCase-testBurst10P2M169] Launch-Camera-Key

[CktTest-BurstCase-testBurst10P2M169] [/sdcard/Photo/IMG_20160903143932_10.jpg, /sdcard/Photo/IMG_20160903143932_07.jpg, /sdcard/Photo/IMG_20160903143932_03.jpg, /sdcard/Photo/IMG_20160903143932_05.jpg, /sdcard/Photo/IMG_20160903143932_08.jpg, /sdcard/Photo/IMG_20160903143932_02.jpg, /sdcard/Photo/IMG_20160903143932_09.jpg, /sdcard/Photo/IMG_20160903143932_06.jpg, /sdcard/Photo/IMG_20160903143932_01.jpg, /sdcard/Photo/IMG_20160903143932_04.jpg]

[CktTest-BurstCase-testBurst10P2M169] 旧文件夹列表:[]

[CktTest-BurstCase-testBurst10P2M169] 新文件夹列表:[/sdcard/Photo/IMG_20160903143932_10.jpg, /sdcard/Photo/IMG_20160903143932_07.jpg, /sdcard/Photo/IMG_20160903143932_03.jpg, /sdcard/Photo/IMG_20160903143932_05.jpg, /sdcard/Photo/IMG_20160903143932_08.jpg, /sdcard/Photo/IMG_20160903143932_02.jpg, /sdcard/Photo/IMG_20160903143932_09.jpg, /sdcard/Photo/IMG_20160903143932_06.jpg, /sdcard/Photo/IMG_20160903143932_01.jpg, /sdcard/Photo/IMG_20160903143932_04.jpg]

[CktTest-BurstCase-testBurst10P2M169] 文件差集:[/sdcard/Photo/IMG_20160903143932_07.jpg, /sdcard/Photo/IMG_20160903143932_10.jpg, /sdcard/Photo/IMG_20160903143932_03.jpg, /sdcard/Photo/IMG_20160903143932_05.jpg, /sdcard/Photo/IMG_20160903143932_08.jpg, /sdcard/Photo/IMG_20160903143932_02.jpg, /sdcard/Photo/IMG_20160903143932_09.jpg, /sdcard/Photo/IMG_20160903143932_06.jpg, /sdcard/Photo/IMG_20160903143932_01.jpg, /sdcard/Photo/IMG_20160903143932_04.jpg]

[CktTest-BurstCase-testBurst10P2M169] [Find Object]: com.hicam:id/camera_setting_shortcut

[CktTest-BurstCase-testBurst10P2M169] expect图片总数：10张-Success

[CktTest-BurstCase-testBurst10P2M169] 1080-1920

[CktTest-BurstCase-testBurst10P2M169] /sdcard/Photo/IMG_20160903143932_07.jpg -图片比列验证成功

[CktTest-BurstCase-testBurst10P2M169] 1080-1920

[CktTest-BurstCase-testBurst10P2M169] /sdcard/Photo/IMG_20160903143932_10.jpg -图片比列验证成功

[CktTest-BurstCase-testBurst10P2M169] 1080-1920

[CktTest-BurstCase-testBurst10P2M169] /sdcard/Photo/IMG_20160903143932_03.jpg -图片比列验证成功

[CktTest-BurstCase-testBurst10P2M169] 1080-1920

[CktTest-BurstCase-testBurst10P2M169] /sdcard/Photo/IMG_20160903143932_05.jpg -图片比列验证成功

[CktTest-BurstCase-testBurst10P2M169] 1080-1920

[CktTest-BurstCase-testBurst10P2M169] /sdcard/Photo/IMG_20160903143932_08.jpg -图片比列验证成功

[CktTest-BurstCase-testBurst10P2M169] 1080-1920

[CktTest-BurstCase-testBurst10P2M169] /sdcard/Photo/IMG_20160903143932_02.jpg -图片比列验证成功

[CktTest-BurstCase-testBurst10P2M169] 1080-1920

[CktTest-BurstCase-testBurst10P2M169] /sdcard/Photo/IMG_20160903143932_09.jpg -图片比列验证成功

[CktTest-BurstCase-testBurst10P2M169] 1080-1920

[CktTest-BurstCase-testBurst10P2M169] /sdcard/Photo/IMG_20160903143932_06.jpg -图片比列验证成功

[CktTest-BurstCase-testBurst10P2M169] 1080-1920

[CktTest-BurstCase-testBurst10P2M169] /sdcard/Photo/IMG_20160903143932_01.jpg -图片比列验证成功

[CktTest-BurstCase-testBurst10P2M169] 1080-1920

[CktTest-BurstCase-testBurst10P2M169] /sdcard/Photo/IMG_20160903143932_04.jpg -图片比列验证成功

[CktTest-BurstCase-testBurst10P2M169] [Test Result]: The Test case BurstCase-testBurst10P2M169 Pass

[CktTest-BurstCase-testBurst10P2M169] *****End to run BurstCase-testBurst10P2M169 *****

INSTRUMENTATION_STATUS: numtests=1

INSTRUMENTATION_STATUS: stream=.

INSTRUMENTATION_STATUS: id=UiAutomatorTestRunner

INSTRUMENTATION_STATUS: test=testBurst10P2M169

INSTRUMENTATION_STATUS: class=one.hardware.Testcase.BurstCase

INSTRUMENTATION_STATUS: current=1

INSTRUMENTATION_STATUS_CODE: 0

INSTRUMENTATION_STATUS: stream=

Test results for WatcherResultPrinter=.

Time: 75.419



OK (1 test)





INSTRUMENTATION_STATUS_CODE: -1

Updated file D:\soft\workspace\workspace\AppSioeye\build.xml
Buildfile: D:\soft\workspace\workspace\AppSioeye\build.xml

-check-env:
 [checkenv] Android SDK Tools Revision 24.0.2
 [checkenv] Installed at D:\soft\adt-bundle-windows-x86_64-20130219\sdk

-build-setup:
[getbuildtools] Using latest Build Tools: 23.0.2
     [echo] Resolving Build Target for demo1...
[getuitarget] Project Target:   Android 4.2.2
[getuitarget] API level:        17
     [echo] ----------
     [echo] Creating output directories if needed...

-pre-compile:

compile:
    [javac] Compiling 1 source file to D:\soft\workspace\workspace\AppSioeye\bin\classes

-post-compile:

-dex:
      [dex] input: D:\soft\workspace\workspace\AppSioeye\bin\classes
      [dex] Found Deleted Target File
      [dex] Converting compiled files and external libraries into D:\soft\workspace\workspace\AppSioeye\bin\classes.dex...

-post-dex:

-jar:
      [jar] Building jar: D:\soft\workspace\workspace\AppSioeye\bin\demo1.jar

-post-jar:

build:

BUILD SUCCESSFUL
Total time: 3 seconds
Updated file D:\soft\workspace\workspace\AppSioeye\build.xml
Buildfile: D:\soft\workspace\workspace\AppSioeye\build.xml

-check-env:
 [checkenv] Android SDK Tools Revision 24.0.2
 [checkenv] Installed at D:\soft\adt-bundle-windows-x86_64-20130219\sdk

-build-setup:
[getbuildtools] Using latest Build Tools: 23.0.2
     [echo] Resolving Build Target for AppSioeye...
[getuitarget] Project Target:   Android 6.0
[getuitarget] API level:        23
     [echo] ----------
     [echo] Creating output directories if needed...

-pre-compile:

compile:
    [javac] Compiling 1 source file to D:\soft\workspace\workspace\AppSioeye\bin\classes

-post-compile:

-dex:
      [dex] input: D:\soft\workspace\workspace\AppSioeye\bin\classes
      [dex] Found Deleted Target File
      [dex] Converting compiled files and external libraries into D:\soft\workspace\workspace\AppSioeye\bin\classes.dex...

-post-dex:

-jar:
      [jar] Building jar: D:\soft\workspace\workspace\AppSioeye\bin\AppSioeye.jar

-post-jar:

build:

BUILD SUCCESSFUL
Total time: 3 seconds
Updated file D:\soft\workspace\workspace\AppSioeye\build.xml
Buildfile: D:\soft\workspace\workspace\AppSioeye\build.xml

-check-env:
 [checkenv] Android SDK Tools Revision 24.0.2
 [checkenv] Installed at D:\soft\adt-bundle-windows-x86_64-20130219\sdk

-build-setup:
[getbuildtools] Using latest Build Tools: 23.0.2
     [echo] Resolving Build Target for AppSioeye...
[getuitarget] Project Target:   Android 6.0
[getuitarget] API level:        23
     [echo] ----------
     [echo] Creating output directories if needed...

-pre-compile:

compile:

-post-compile:

-dex:
      [dex] input: D:\soft\workspace\workspace\AppSioeye\bin\classes
      [dex] Found Deleted Target File
      [dex] Converting compiled files and external libraries into D:\soft\workspace\workspace\AppSioeye\bin\classes.dex...

-post-dex:

-jar:
      [jar] Building jar: D:\soft\workspace\workspace\AppSioeye\bin\AppSioeye.jar

-post-jar:

build:

BUILD SUCCESSFUL
Total time: 3 seconds
Updated file D:\soft\workspace\workspace\AppSioeye\build.xml
Buildfile: D:\soft\workspace\workspace\AppSioeye\build.xml

-check-env:
 [checkenv] Android SDK Tools Revision 24.0.2
 [checkenv] Installed at D:\soft\adt-bundle-windows-x86_64-20130219\sdk

-build-setup:
[getbuildtools] Using latest Build Tools: 23.0.2
     [echo] Resolving Build Target for demo1...
[getuitarget] Project Target:   Android 4.2.2
[getuitarget] API level:        17
     [echo] ----------
     [echo] Creating output directories if needed...

-pre-compile:

compile:
    [javac] Compiling 1 source file to D:\soft\workspace\workspace\AppSioeye\bin\classes

-post-compile:

-dex:
      [dex] input: D:\soft\workspace\workspace\AppSioeye\bin\classes
      [dex] Found Deleted Target File
      [dex] Converting compiled files and external libraries into D:\soft\workspace\workspace\AppSioeye\bin\classes.dex...

-post-dex:

-jar:
      [jar] Building jar: D:\soft\workspace\workspace\AppSioeye\bin\demo1.jar

-post-jar:

build:

BUILD SUCCESSFUL
Total time: 3 seconds
Updated file D:\soft\workspace\workspace\AppSioeye\build.xml
Buildfile: D:\soft\workspace\workspace\AppSioeye\build.xml

-check-env:
 [checkenv] Android SDK Tools Revision 24.0.2
 [checkenv] Installed at D:\soft\adt-bundle-windows-x86_64-20130219\sdk

-build-setup:
[getbuildtools] Using latest Build Tools: 23.0.2
     [echo] Resolving Build Target for demo1...
[getuitarget] Project Target:   Android 4.2.2
[getuitarget] API level:        17
     [echo] ----------
     [echo] Creating output directories if needed...

-pre-compile:

compile:

-post-compile:

-dex:
      [dex] input: D:\soft\workspace\workspace\AppSioeye\bin\classes
      [dex] Found Deleted Target File
      [dex] Converting compiled files and external libraries into D:\soft\workspace\workspace\AppSioeye\bin\classes.dex...

-post-dex:

-jar:
      [jar] Building jar: D:\soft\workspace\workspace\AppSioeye\bin\demo1.jar

-post-jar:

build:

BUILD SUCCESSFUL
Total time: 3 seconds
Updated file D:\soft\workspace\workspace\AppSioeye\build.xml
Buildfile: D:\soft\workspace\workspace\AppSioeye\build.xml

-check-env:
 [checkenv] Android SDK Tools Revision 24.0.2
 [checkenv] Installed at D:\soft\adt-bundle-windows-x86_64-20130219\sdk

-build-setup:
[getbuildtools] Using latest Build Tools: 23.0.2
     [echo] Resolving Build Target for demo1...
[getuitarget] Project Target:   Android 4.2.2
[getuitarget] API level:        17
     [echo] ----------
     [echo] Creating output directories if needed...

-pre-compile:

compile:

-post-compile:

-dex:
      [dex] input: D:\soft\workspace\workspace\AppSioeye\bin\classes
      [dex] Found Deleted Target File
      [dex] Converting compiled files and external libraries into D:\soft\workspace\workspace\AppSioeye\bin\classes.dex...

-post-dex:

-jar:
      [jar] Building jar: D:\soft\workspace\workspace\AppSioeye\bin\demo1.jar

-post-jar:

build:

BUILD SUCCESSFUL
Total time: 3 seconds
Updated file D:\soft\workspace\workspace\AppSioeye\build.xml
Buildfile: D:\soft\workspace\workspace\AppSioeye\build.xml

-check-env:
 [checkenv] Android SDK Tools Revision 24.0.2
 [checkenv] Installed at D:\soft\adt-bundle-windows-x86_64-20130219\sdk

-build-setup:
[getbuildtools] Using latest Build Tools: 23.0.2
     [echo] Resolving Build Target for demo1...
[getuitarget] Project Target:   Android 4.2.2
[getuitarget] API level:        17
     [echo] ----------
     [echo] Creating output directories if needed...

-pre-compile:

compile:

-post-compile:

-dex:
      [dex] input: D:\soft\workspace\workspace\AppSioeye\bin\classes
      [dex] Found Deleted Target File
      [dex] Converting compiled files and external libraries into D:\soft\workspace\workspace\AppSioeye\bin\classes.dex...

-post-dex:

-jar:
      [jar] Building jar: D:\soft\workspace\workspace\AppSioeye\bin\demo1.jar

-post-jar:

build:

BUILD SUCCESSFUL
Total time: 3 seconds
Updated file D:\soft\workspace\workspace\AppSioeye\build.xml
Buildfile: D:\soft\workspace\workspace\AppSioeye\build.xml

-check-env:
 [checkenv] Android SDK Tools Revision 24.0.2
 [checkenv] Installed at D:\soft\adt-bundle-windows-x86_64-20130219\sdk

-build-setup:
[getbuildtools] Using latest Build Tools: 23.0.2
     [echo] Resolving Build Target for demo1...
[getuitarget] Project Target:   Android 4.2.2
[getuitarget] API level:        17
     [echo] ----------
     [echo] Creating output directories if needed...

-pre-compile:

compile:

-post-compile:

-dex:
      [dex] input: D:\soft\workspace\workspace\AppSioeye\bin\classes
      [dex] Found Deleted Target File
      [dex] Converting compiled files and external libraries into D:\soft\workspace\workspace\AppSioeye\bin\classes.dex...

-post-dex:

-jar:
      [jar] Building jar: D:\soft\workspace\workspace\AppSioeye\bin\demo1.jar

-post-jar:

build:

BUILD SUCCESSFUL
Total time: 3 seconds
Updated file D:\soft\workspace\workspace\AppSioeye\build.xml
Buildfile: D:\soft\workspace\workspace\AppSioeye\build.xml

-check-env:
 [checkenv] Android SDK Tools Revision 24.0.2
 [checkenv] Installed at D:\soft\adt-bundle-windows-x86_64-20130219\sdk

-build-setup:
[getbuildtools] Using latest Build Tools: 23.0.2
     [echo] Resolving Build Target for demo1...
[getuitarget] Project Target:   Android 4.2.2
[getuitarget] API level:        17
     [echo] ----------
     [echo] Creating output directories if needed...

-pre-compile:

compile:

-post-compile:

-dex:
      [dex] input: D:\soft\workspace\workspace\AppSioeye\bin\classes
      [dex] Found Deleted Target File
      [dex] Converting compiled files and external libraries into D:\soft\workspace\workspace\AppSioeye\bin\classes.dex...

-post-dex:

-jar:
      [jar] Building jar: D:\soft\workspace\workspace\AppSioeye\bin\demo1.jar

-post-jar:

build:

BUILD SUCCESSFUL
Total time: 3 seconds
Updated file D:\soft\workspace\workspace\AppSioeye\build.xml
Buildfile: D:\soft\workspace\workspace\AppSioeye\build.xml

-check-env:
 [checkenv] Android SDK Tools Revision 24.0.2
 [checkenv] Installed at D:\soft\adt-bundle-windows-x86_64-20130219\sdk

-build-setup:
[getbuildtools] Using latest Build Tools: 23.0.2
     [echo] Resolving Build Target for demo1...
[getuitarget] Project Target:   Android 4.2.2
[getuitarget] API level:        17
     [echo] ----------
     [echo] Creating output directories if needed...

-pre-compile:

compile:
    [javac] Compiling 4 source files to D:\soft\workspace\workspace\AppSioeye\bin\classes

-post-compile:

-dex:
      [dex] input: D:\soft\workspace\workspace\AppSioeye\bin\classes
      [dex] Found Deleted Target File
      [dex] Converting compiled files and external libraries into D:\soft\workspace\workspace\AppSioeye\bin\classes.dex...

-post-dex:

-jar:
      [jar] Building jar: D:\soft\workspace\workspace\AppSioeye\bin\demo1.jar

-post-jar:

build:

BUILD SUCCESSFUL
Total time: 3 seconds
Updated file D:\soft\workspace\workspace\AppSioeye\build.xml
Buildfile: D:\soft\workspace\workspace\AppSioeye\build.xml

-check-env:
 [checkenv] Android SDK Tools Revision 24.0.2
 [checkenv] Installed at D:\soft\adt-bundle-windows-x86_64-20130219\sdk

-build-setup:
[getbuildtools] Using latest Build Tools: 23.0.2
     [echo] Resolving Build Target for AppSioeye...
[getuitarget] Project Target:   Android 6.0
[getuitarget] API level:        23
     [echo] ----------
     [echo] Creating output directories if needed...

-pre-compile:

compile:

-post-compile:

-dex:
      [dex] input: D:\soft\workspace\workspace\AppSioeye\bin\classes
      [dex] Found Deleted Target File
      [dex] Converting compiled files and external libraries into D:\soft\workspace\workspace\AppSioeye\bin\classes.dex...

-post-dex:

-jar:
      [jar] Building jar: D:\soft\workspace\workspace\AppSioeye\bin\AppSioeye.jar

-post-jar:

build:

BUILD SUCCESSFUL
Total time: 3 seconds
[100%] /data/local/tmp/AppSioeye.jar
INSTRUMENTATION_STATUS: numtests=1

INSTRUMENTATION_STATUS: stream=

one.hardware.Testcase.BurstCase:

INSTRUMENTATION_STATUS: id=UiAutomatorTestRunner

INSTRUMENTATION_STATUS: test=testBurst10P2M169

INSTRUMENTATION_STATUS: class=one.hardware.Testcase.BurstCase

INSTRUMENTATION_STATUS: current=1

INSTRUMENTATION_STATUS_CODE: 1

[CktTest-BurstCase-testBurst10P2M169] *****Start to run BurstCase-testBurst10P2M169 *****

[CktTest-BurstCase-testBurst10P2M169] 当前package:com.cyanogenmod.trebuchet

[CktTest-BurstCase-testBurst10P2M169] 关闭filemanager-Success

[CktTest-BurstCase-testBurst10P2M169] 当前package:com.cyanogenmod.trebuchet

[CktTest-BurstCase-testBurst10P2M169] 关闭Camera-Success

[CktTest-BurstCase-testBurst10P2M169] 当前package:com.cyanogenmod.trebuchet

[CktTest-BurstCase-testBurst10P2M169] 关闭Gallery-Success

[CktTest-BurstCase-testBurst10P2M169] 截图存储在 /sdcard/CktTest/screen/2016-09-03-03-18-42.png

[CktTest-BurstCase-testBurst10P2M169] <img src="screen/2016-09-03-03-18-42.png" width="320" height="240">

[CktTest-BurstCase-testBurst10P2M169] 发生异常，正在捕获异常

[CktTest-BurstCase-testBurst10P2M169] 开始抓取崩溃日志

[CktTest-BurstCase-testBurst10P2M169] 崩溃日志文件抓取成功-/sdcard/CktTest/screen/Crash_Exception_2016-09-03-03-18-42.txt

[CktTest-BurstCase-testBurst10P2M169] [Fail Reason]: Attempt to get length of null array

[CktTest-BurstCase-testBurst10P2M169] [Test Result]: The Test Case BurstCase-testBurst10P2M169 Failed

INSTRUMENTATION_STATUS: numtests=1

INSTRUMENTATION_STATUS: stream=

Failure in testBurst10P2M169:

junit.framework.AssertionFailedError: Case Failed==> Attempt to get length of null array

	at one.hardware.Util.Common.handleException(Common.java:1110)

	at one.hardware.Testcase.BurstCase.testBurst10P2M169(BurstCase.java:347)

	at com.android.uiautomator.testrunner.UiAutomatorTestRunner.start(UiAutomatorTestRunner.java:160)

	at com.android.uiautomator.testrunner.UiAutomatorTestRunner.run(UiAutomatorTestRunner.java:96)

	at com.android.commands.uiautomator.RunTestCommand.run(RunTestCommand.java:91)

	at com.android.commands.uiautomator.Launcher.main(Launcher.java:83)

	at com.android.internal.os.RuntimeInit.nativeFinishInit(Native Method)

	at com.android.internal.os.RuntimeInit.main(RuntimeInit.java:251)



INSTRUMENTATION_STATUS: id=UiAutomatorTestRunner

INSTRUMENTATION_STATUS: test=testBurst10P2M169

INSTRUMENTATION_STATUS: class=one.hardware.Testcase.BurstCase

INSTRUMENTATION_STATUS: stack=junit.framework.AssertionFailedError: Case Failed==> Attempt to get length of null array

	at one.hardware.Util.Common.handleException(Common.java:1110)

	at one.hardware.Testcase.BurstCase.testBurst10P2M169(BurstCase.java:347)

	at com.android.uiautomator.testrunner.UiAutomatorTestRunner.start(UiAutomatorTestRunner.java:160)

	at com.android.uiautomator.testrunner.UiAutomatorTestRunner.run(UiAutomatorTestRunner.java:96)

	at com.android.commands.uiautomator.RunTestCommand.run(RunTestCommand.java:91)

	at com.android.commands.uiautomator.Launcher.main(Launcher.java:83)

	at com.android.internal.os.RuntimeInit.nativeFinishInit(Native Method)

	at com.android.internal.os.RuntimeInit.main(RuntimeInit.java:251)



INSTRUMENTATION_STATUS: current=1

INSTRUMENTATION_STATUS_CODE: -2

INSTRUMENTATION_STATUS: stream=

Test results for WatcherResultPrinter=.F

Time: 74.155



FAILURES!!!

Tests run: 1,  Failures: 1,  Errors: 0





INSTRUMENTATION_STATUS_CODE: -1

Updated file D:\soft\workspace\workspace\AppSioeye\build.xml
Buildfile: D:\soft\workspace\workspace\AppSioeye\build.xml

-check-env:
 [checkenv] Android SDK Tools Revision 24.0.2
 [checkenv] Installed at D:\soft\adt-bundle-windows-x86_64-20130219\sdk

-build-setup:
[getbuildtools] Using latest Build Tools: 23.0.2
     [echo] Resolving Build Target for demo1...
[getuitarget] Project Target:   Android 4.2.2
[getuitarget] API level:        17
     [echo] ----------
     [echo] Creating output directories if needed...

-pre-compile:

compile:
    [javac] Compiling 2 source files to D:\soft\workspace\workspace\AppSioeye\bin\classes

-post-compile:

-dex:
      [dex] input: D:\soft\workspace\workspace\AppSioeye\bin\classes
      [dex] Found Deleted Target File
      [dex] Converting compiled files and external libraries into D:\soft\workspace\workspace\AppSioeye\bin\classes.dex...

-post-dex:

-jar:
      [jar] Building jar: D:\soft\workspace\workspace\AppSioeye\bin\demo1.jar

-post-jar:

build:

BUILD SUCCESSFUL
Total time: 3 seconds
Updated file D:\soft\workspace\workspace\AppSioeye\build.xml
Buildfile: D:\soft\workspace\workspace\AppSioeye\build.xml

-check-env:
 [checkenv] Android SDK Tools Revision 24.0.2
 [checkenv] Installed at D:\soft\adt-bundle-windows-x86_64-20130219\sdk

-build-setup:
[getbuildtools] Using latest Build Tools: 23.0.2
     [echo] Resolving Build Target for AppSioeye...
[getuitarget] Project Target:   Android 4.2.2
[getuitarget] API level:        17
     [echo] ----------
     [echo] Creating output directories if needed...

-pre-compile:

compile:
    [javac] Compiling 1 source file to D:\soft\workspace\workspace\AppSioeye\bin\classes

-post-compile:

-dex:
      [dex] input: D:\soft\workspace\workspace\AppSioeye\bin\classes
      [dex] Found Deleted Target File
      [dex] Converting compiled files and external libraries into D:\soft\workspace\workspace\AppSioeye\bin\classes.dex...

-post-dex:

-jar:
      [jar] Building jar: D:\soft\workspace\workspace\AppSioeye\bin\AppSioeye.jar

-post-jar:

build:

BUILD SUCCESSFUL
Total time: 3 seconds
Updated file D:\soft\workspace\workspace\AppSioeye\build.xml
Buildfile: D:\soft\workspace\workspace\AppSioeye\build.xml

-check-env:
 [checkenv] Android SDK Tools Revision 24.0.2
 [checkenv] Installed at D:\soft\adt-bundle-windows-x86_64-20130219\sdk

-build-setup:
[getbuildtools] Using latest Build Tools: 23.0.2
     [echo] Resolving Build Target for AppSioeye...
[getuitarget] Project Target:   Android 4.2.2
[getuitarget] API level:        17
     [echo] ----------
     [echo] Creating output directories if needed...

-pre-compile:

compile:

-post-compile:

-dex:
      [dex] input: D:\soft\workspace\workspace\AppSioeye\bin\classes
      [dex] Found Deleted Target File
      [dex] Converting compiled files and external libraries into D:\soft\workspace\workspace\AppSioeye\bin\classes.dex...

-post-dex:

-jar:
      [jar] Building jar: D:\soft\workspace\workspace\AppSioeye\bin\AppSioeye.jar

-post-jar:

build:

BUILD SUCCESSFUL
Total time: 3 seconds
Updated file D:\soft\workspace\workspace\AppSioeye\build.xml
Buildfile: D:\soft\workspace\workspace\AppSioeye\build.xml

-check-env:
 [checkenv] Android SDK Tools Revision 24.0.2
 [checkenv] Installed at D:\soft\adt-bundle-windows-x86_64-20130219\sdk

-build-setup:
[getbuildtools] Using latest Build Tools: 23.0.2
     [echo] Resolving Build Target for AppSioeye...
[getuitarget] Project Target:   Android 4.2.2
[getuitarget] API level:        17
     [echo] ----------
     [echo] Creating output directories if needed...

-pre-compile:

compile:

-post-compile:

-dex:
      [dex] input: D:\soft\workspace\workspace\AppSioeye\bin\classes
      [dex] Found Deleted Target File
      [dex] Converting compiled files and external libraries into D:\soft\workspace\workspace\AppSioeye\bin\classes.dex...

-post-dex:

-jar:
      [jar] Building jar: D:\soft\workspace\workspace\AppSioeye\bin\AppSioeye.jar

-post-jar:

build:

BUILD SUCCESSFUL
Total time: 3 seconds
Updated file D:\soft\workspace\workspace\AppSioeye\build.xml
Buildfile: D:\soft\workspace\workspace\AppSioeye\build.xml

-check-env:
 [checkenv] Android SDK Tools Revision 24.0.2
 [checkenv] Installed at D:\soft\adt-bundle-windows-x86_64-20130219\sdk

-build-setup:
[getbuildtools] Using latest Build Tools: 23.0.2
     [echo] Resolving Build Target for AppSioeye...
[getuitarget] Project Target:   Android 4.2.2
[getuitarget] API level:        17
     [echo] ----------
     [echo] Creating output directories if needed...

-pre-compile:

compile:
    [javac] Compiling 1 source file to D:\soft\workspace\workspace\AppSioeye\bin\classes

-post-compile:

-dex:
      [dex] input: D:\soft\workspace\workspace\AppSioeye\bin\classes
      [dex] Found Deleted Target File
      [dex] Converting compiled files and external libraries into D:\soft\workspace\workspace\AppSioeye\bin\classes.dex...

-post-dex:

-jar:
      [jar] Building jar: D:\soft\workspace\workspace\AppSioeye\bin\AppSioeye.jar

-post-jar:

build:

BUILD SUCCESSFUL
Total time: 3 seconds
Updated file D:\soft\workspace\workspace\AppSioeye\build.xml
Buildfile: D:\soft\workspace\workspace\AppSioeye\build.xml

-check-env:
 [checkenv] Android SDK Tools Revision 24.0.2
 [checkenv] Installed at D:\soft\adt-bundle-windows-x86_64-20130219\sdk

-build-setup:
[getbuildtools] Using latest Build Tools: 23.0.2
     [echo] Resolving Build Target for AppSioeye...
[getuitarget] Project Target:   Android 4.2.2
[getuitarget] API level:        17
     [echo] ----------
     [echo] Creating output directories if needed...

-pre-compile:

compile:
    [javac] Compiling 1 source file to D:\soft\workspace\workspace\AppSioeye\bin\classes

-post-compile:

-dex:
      [dex] input: D:\soft\workspace\workspace\AppSioeye\bin\classes
      [dex] Found Deleted Target File
      [dex] Converting compiled files and external libraries into D:\soft\workspace\workspace\AppSioeye\bin\classes.dex...

-post-dex:

-jar:
      [jar] Building jar: D:\soft\workspace\workspace\AppSioeye\bin\AppSioeye.jar

-post-jar:

build:

BUILD SUCCESSFUL
Total time: 3 seconds
Updated file D:\soft\workspace\workspace\AppSioeye\build.xml
Buildfile: D:\soft\workspace\workspace\AppSioeye\build.xml

-check-env:
 [checkenv] Android SDK Tools Revision 24.0.2
 [checkenv] Installed at D:\soft\adt-bundle-windows-x86_64-20130219\sdk

-build-setup:
[getbuildtools] Using latest Build Tools: 23.0.2
     [echo] Resolving Build Target for AppSioeye...
[getuitarget] Project Target:   Android 4.2.2
[getuitarget] API level:        17
     [echo] ----------
     [echo] Creating output directories if needed...

-pre-compile:

compile:
    [javac] Compiling 1 source file to D:\soft\workspace\workspace\AppSioeye\bin\classes

-post-compile:

-dex:
      [dex] input: D:\soft\workspace\workspace\AppSioeye\bin\classes
      [dex] Found Deleted Target File
      [dex] Converting compiled files and external libraries into D:\soft\workspace\workspace\AppSioeye\bin\classes.dex...

-post-dex:

-jar:
      [jar] Building jar: D:\soft\workspace\workspace\AppSioeye\bin\AppSioeye.jar

-post-jar:

build:

BUILD SUCCESSFUL
Total time: 3 seconds
Updated file D:\soft\workspace\workspace\AppSioeye\build.xml
Buildfile: D:\soft\workspace\workspace\AppSioeye\build.xml

-check-env:
 [checkenv] Android SDK Tools Revision 24.0.2
 [checkenv] Installed at D:\soft\adt-bundle-windows-x86_64-20130219\sdk

-build-setup:
[getbuildtools] Using latest Build Tools: 23.0.2
     [echo] Resolving Build Target for AppSioeye...
[getuitarget] Project Target:   Android 4.2.2
[getuitarget] API level:        17
     [echo] ----------
     [echo] Creating output directories if needed...

-pre-compile:

compile:

-post-compile:

-dex:
      [dex] input: D:\soft\workspace\workspace\AppSioeye\bin\classes
      [dex] Found Deleted Target File
      [dex] Converting compiled files and external libraries into D:\soft\workspace\workspace\AppSioeye\bin\classes.dex...

-post-dex:

-jar:
      [jar] Building jar: D:\soft\workspace\workspace\AppSioeye\bin\AppSioeye.jar

-post-jar:

build:

BUILD SUCCESSFUL
Total time: 3 seconds
Updated file D:\soft\workspace\workspace\AppSioeye\build.xml
Buildfile: D:\soft\workspace\workspace\AppSioeye\build.xml

-check-env:
 [checkenv] Android SDK Tools Revision 24.0.2
 [checkenv] Installed at D:\soft\adt-bundle-windows-x86_64-20130219\sdk

-build-setup:
[getbuildtools] Using latest Build Tools: 23.0.2
     [echo] Resolving Build Target for AppSioeye...
[getuitarget] Project Target:   Android 6.0
[getuitarget] API level:        23
     [echo] ----------
     [echo] Creating output directories if needed...

-pre-compile:

compile:
    [javac] Compiling 4 source files to D:\soft\workspace\workspace\AppSioeye\bin\classes

-post-compile:

-dex:
      [dex] input: D:\soft\workspace\workspace\AppSioeye\bin\classes
      [dex] Found Deleted Target File
      [dex] Converting compiled files and external libraries into D:\soft\workspace\workspace\AppSioeye\bin\classes.dex...

-post-dex:

-jar:
      [jar] Building jar: D:\soft\workspace\workspace\AppSioeye\bin\AppSioeye.jar

-post-jar:

build:

BUILD SUCCESSFUL
Total time: 16 seconds
[100%] /data/local/tmp/AppSioeye.jar
INSTRUMENTATION_STATUS: numtests=1

INSTRUMENTATION_STATUS: stream=

one.test.ImageTestCase:

INSTRUMENTATION_STATUS: id=UiAutomatorTestRunner

INSTRUMENTATION_STATUS: test=test

INSTRUMENTATION_STATUS: class=one.test.ImageTestCase

INSTRUMENTATION_STATUS: current=1

INSTRUMENTATION_STATUS_CODE: 1

referenceTable GDEF length=814 1

referenceTable GSUB length=11364 1

referenceTable GPOS length=47302 1

referenceTable head length=54 1

INSTRUMENTATION_STATUS: numtests=1

INSTRUMENTATION_STATUS: stream=.

INSTRUMENTATION_STATUS: id=UiAutomatorTestRunner

INSTRUMENTATION_STATUS: test=test

INSTRUMENTATION_STATUS: class=one.test.ImageTestCase

INSTRUMENTATION_STATUS: current=1

INSTRUMENTATION_STATUS_CODE: 0

INSTRUMENTATION_STATUS: stream=

Test results for WatcherResultPrinter=.

Time: 1.75



OK (1 test)





INSTRUMENTATION_STATUS_CODE: -1

Updated file D:\soft\workspace\workspace\AppSioeye\build.xml
Buildfile: D:\soft\workspace\workspace\AppSioeye\build.xml

-check-env:
 [checkenv] Android SDK Tools Revision 24.0.2
 [checkenv] Installed at D:\soft\adt-bundle-windows-x86_64-20130219\sdk

-build-setup:
[getbuildtools] Using latest Build Tools: 23.0.2
     [echo] Resolving Build Target for AppSioeye...
[getuitarget] Project Target:   Android 6.0
[getuitarget] API level:        23
     [echo] ----------
     [echo] Creating output directories if needed...

-pre-compile:

compile:

-post-compile:

-dex:
      [dex] input: D:\soft\workspace\workspace\AppSioeye\bin\classes
      [dex] Found Deleted Target File
      [dex] Converting compiled files and external libraries into D:\soft\workspace\workspace\AppSioeye\bin\classes.dex...

-post-dex:

-jar:
      [jar] Building jar: D:\soft\workspace\workspace\AppSioeye\bin\AppSioeye.jar

-post-jar:

build:

BUILD SUCCESSFUL
Total time: 3 seconds
[100%] /data/local/tmp/AppSioeye.jar
INSTRUMENTATION_STATUS: numtests=1

INSTRUMENTATION_STATUS: stream=

one.test.ImageTestCase:

INSTRUMENTATION_STATUS: id=UiAutomatorTestRunner

INSTRUMENTATION_STATUS: test=test

INSTRUMENTATION_STATUS: class=one.test.ImageTestCase

INSTRUMENTATION_STATUS: current=1

INSTRUMENTATION_STATUS_CODE: 1

referenceTable GDEF length=814 1

referenceTable GSUB length=11364 1

referenceTable GPOS length=47302 1

referenceTable head length=54 1

INSTRUMENTATION_STATUS: numtests=1

INSTRUMENTATION_STATUS: stream=.

INSTRUMENTATION_STATUS: id=UiAutomatorTestRunner

INSTRUMENTATION_STATUS: test=test

INSTRUMENTATION_STATUS: class=one.test.ImageTestCase

INSTRUMENTATION_STATUS: current=1

INSTRUMENTATION_STATUS_CODE: 0

INSTRUMENTATION_STATUS: stream=

Test results for WatcherResultPrinter=.

Time: 0.823



OK (1 test)





INSTRUMENTATION_STATUS_CODE: -1

Updated file D:\soft\workspace\workspace\AppSioeye\build.xml
Buildfile: D:\soft\workspace\workspace\AppSioeye\build.xml

-check-env:
 [checkenv] Android SDK Tools Revision 24.0.2
 [checkenv] Installed at D:\soft\adt-bundle-windows-x86_64-20130219\sdk

-build-setup:
[getbuildtools] Using latest Build Tools: 23.0.2
     [echo] Resolving Build Target for AppSioeye...
[getuitarget] Project Target:   Android 6.0
[getuitarget] API level:        23
     [echo] ----------
     [echo] Creating output directories if needed...

-pre-compile:

compile:
    [javac] Compiling 1 source file to D:\soft\workspace\workspace\AppSioeye\bin\classes

-post-compile:

-dex:
      [dex] input: D:\soft\workspace\workspace\AppSioeye\bin\classes
      [dex] Found Deleted Target File
      [dex] Converting compiled files and external libraries into D:\soft\workspace\workspace\AppSioeye\bin\classes.dex...

-post-dex:

-jar:
      [jar] Building jar: D:\soft\workspace\workspace\AppSioeye\bin\AppSioeye.jar

-post-jar:

build:

BUILD SUCCESSFUL
Total time: 3 seconds
[100%] /data/local/tmp/AppSioeye.jar
INSTRUMENTATION_STATUS: numtests=1

INSTRUMENTATION_STATUS: stream=

one.test.ImageTestCase:

INSTRUMENTATION_STATUS: id=UiAutomatorTestRunner

INSTRUMENTATION_STATUS: test=test

INSTRUMENTATION_STATUS: class=one.test.ImageTestCase

INSTRUMENTATION_STATUS: current=1

INSTRUMENTATION_STATUS_CODE: 1

referenceTable GDEF length=814 1

referenceTable GSUB length=11364 1

referenceTable GPOS length=47302 1

referenceTable head length=54 1

INSTRUMENTATION_STATUS: numtests=1

INSTRUMENTATION_STATUS: stream=.

INSTRUMENTATION_STATUS: id=UiAutomatorTestRunner

INSTRUMENTATION_STATUS: test=test

INSTRUMENTATION_STATUS: class=one.test.ImageTestCase

INSTRUMENTATION_STATUS: current=1

INSTRUMENTATION_STATUS_CODE: 0

INSTRUMENTATION_STATUS: stream=

Test results for WatcherResultPrinter=.

Time: 3.423



OK (1 test)





INSTRUMENTATION_STATUS_CODE: -1

Updated file D:\soft\workspace\workspace\AppSioeye\build.xml
Buildfile: D:\soft\workspace\workspace\AppSioeye\build.xml

-check-env:
 [checkenv] Android SDK Tools Revision 24.0.2
 [checkenv] Installed at D:\soft\adt-bundle-windows-x86_64-20130219\sdk

-build-setup:
[getbuildtools] Using latest Build Tools: 23.0.2
     [echo] Resolving Build Target for AppSioeye...
[getuitarget] Project Target:   Android 6.0
[getuitarget] API level:        23
     [echo] ----------
     [echo] Creating output directories if needed...

-pre-compile:

compile:
    [javac] Compiling 1 source file to D:\soft\workspace\workspace\AppSioeye\bin\classes

-post-compile:

-dex:
      [dex] input: D:\soft\workspace\workspace\AppSioeye\bin\classes
      [dex] Found Deleted Target File
      [dex] Converting compiled files and external libraries into D:\soft\workspace\workspace\AppSioeye\bin\classes.dex...

-post-dex:

-jar:
      [jar] Building jar: D:\soft\workspace\workspace\AppSioeye\bin\AppSioeye.jar

-post-jar:

build:

BUILD SUCCESSFUL
Total time: 3 seconds
[100%] /data/local/tmp/AppSioeye.jar
INSTRUMENTATION_STATUS: numtests=1

INSTRUMENTATION_STATUS: stream=

one.test.ImageTestCase:

INSTRUMENTATION_STATUS: id=UiAutomatorTestRunner

INSTRUMENTATION_STATUS: test=test

INSTRUMENTATION_STATUS: class=one.test.ImageTestCase

INSTRUMENTATION_STATUS: current=1

INSTRUMENTATION_STATUS_CODE: 1

referenceTable GDEF length=814 1

referenceTable GSUB length=11364 1

referenceTable GPOS length=47302 1

referenceTable head length=54 1

INSTRUMENTATION_STATUS: numtests=1

INSTRUMENTATION_STATUS: stream=.

INSTRUMENTATION_STATUS: id=UiAutomatorTestRunner

INSTRUMENTATION_STATUS: test=test

INSTRUMENTATION_STATUS: class=one.test.ImageTestCase

INSTRUMENTATION_STATUS: current=1

INSTRUMENTATION_STATUS_CODE: 0

INSTRUMENTATION_STATUS: stream=

Test results for WatcherResultPrinter=.

Time: 2.826



OK (1 test)





INSTRUMENTATION_STATUS_CODE: -1

Updated file D:\soft\workspace\workspace\AppSioeye\build.xml
Buildfile: D:\soft\workspace\workspace\AppSioeye\build.xml

-check-env:
 [checkenv] Android SDK Tools Revision 24.0.2
 [checkenv] Installed at D:\soft\adt-bundle-windows-x86_64-20130219\sdk

-build-setup:
[getbuildtools] Using latest Build Tools: 23.0.2
     [echo] Resolving Build Target for AppSioeye...
[getuitarget] Project Target:   Android 6.0
[getuitarget] API level:        23
     [echo] ----------
     [echo] Creating output directories if needed...

-pre-compile:

compile:
    [javac] Compiling 1 source file to D:\soft\workspace\workspace\AppSioeye\bin\classes

-post-compile:

-dex:
      [dex] input: D:\soft\workspace\workspace\AppSioeye\bin\classes
      [dex] Found Deleted Target File
      [dex] Converting compiled files and external libraries into D:\soft\workspace\workspace\AppSioeye\bin\classes.dex...

-post-dex:

-jar:
      [jar] Building jar: D:\soft\workspace\workspace\AppSioeye\bin\AppSioeye.jar

-post-jar:

build:

BUILD SUCCESSFUL
Total time: 15 seconds
[100%] /data/local/tmp/AppSioeye.jar
INSTRUMENTATION_STATUS: numtests=1

INSTRUMENTATION_STATUS: stream=

one.test.ImageTestCase:

INSTRUMENTATION_STATUS: id=UiAutomatorTestRunner

INSTRUMENTATION_STATUS: test=test

INSTRUMENTATION_STATUS: class=one.test.ImageTestCase

INSTRUMENTATION_STATUS: current=1

INSTRUMENTATION_STATUS_CODE: 1

referenceTable GDEF length=814 1

referenceTable GSUB length=11364 1

referenceTable GPOS length=47302 1

referenceTable head length=54 1

INSTRUMENTATION_STATUS: numtests=1

INSTRUMENTATION_STATUS: stream=.

INSTRUMENTATION_STATUS: id=UiAutomatorTestRunner

INSTRUMENTATION_STATUS: test=test

INSTRUMENTATION_STATUS: class=one.test.ImageTestCase

INSTRUMENTATION_STATUS: current=1

INSTRUMENTATION_STATUS_CODE: 0

INSTRUMENTATION_STATUS: stream=

Test results for WatcherResultPrinter=.

Time: 4.553



OK (1 test)





INSTRUMENTATION_STATUS_CODE: -1

Updated file D:\soft\workspace\workspace\AppSioeye\build.xml
Buildfile: D:\soft\workspace\workspace\AppSioeye\build.xml

-check-env:
 [checkenv] Android SDK Tools Revision 24.0.2
 [checkenv] Installed at D:\soft\adt-bundle-windows-x86_64-20130219\sdk

-build-setup:
[getbuildtools] Using latest Build Tools: 23.0.2
     [echo] Resolving Build Target for AppSioeye...
[getuitarget] Project Target:   Android 6.0
[getuitarget] API level:        23
     [echo] ----------
     [echo] Creating output directories if needed...

-pre-compile:

compile:

-post-compile:

-dex:
      [dex] input: D:\soft\workspace\workspace\AppSioeye\bin\classes
      [dex] Found Deleted Target File
      [dex] Converting compiled files and external libraries into D:\soft\workspace\workspace\AppSioeye\bin\classes.dex...

-post-dex:

-jar:
      [jar] Building jar: D:\soft\workspace\workspace\AppSioeye\bin\AppSioeye.jar

-post-jar:

build:

BUILD SUCCESSFUL
Total time: 15 seconds
[100%] /data/local/tmp/AppSioeye.jar
INSTRUMENTATION_STATUS: numtests=1

INSTRUMENTATION_STATUS: stream=

one.test.ImageTestCase:

INSTRUMENTATION_STATUS: id=UiAutomatorTestRunner

INSTRUMENTATION_STATUS: test=test

INSTRUMENTATION_STATUS: class=one.test.ImageTestCase

INSTRUMENTATION_STATUS: current=1

INSTRUMENTATION_STATUS_CODE: 1

referenceTable GDEF length=814 1

referenceTable GSUB length=11364 1

referenceTable GPOS length=47302 1

referenceTable head length=54 1

INSTRUMENTATION_STATUS: numtests=1

INSTRUMENTATION_STATUS: stream=.

INSTRUMENTATION_STATUS: id=UiAutomatorTestRunner

INSTRUMENTATION_STATUS: test=test

INSTRUMENTATION_STATUS: class=one.test.ImageTestCase

INSTRUMENTATION_STATUS: current=1

INSTRUMENTATION_STATUS_CODE: 0

INSTRUMENTATION_STATUS: stream=

Test results for WatcherResultPrinter=.

Time: 3.578



OK (1 test)





INSTRUMENTATION_STATUS_CODE: -1

Updated file D:\soft\workspace\workspace\AppSioeye\build.xml
Buildfile: D:\soft\workspace\workspace\AppSioeye\build.xml

-check-env:
 [checkenv] Android SDK Tools Revision 24.0.2
 [checkenv] Installed at D:\soft\adt-bundle-windows-x86_64-20130219\sdk

-build-setup:
[getbuildtools] Using latest Build Tools: 23.0.2
     [echo] Resolving Build Target for AppSioeye...
[getuitarget] Project Target:   Android 6.0
[getuitarget] API level:        23
     [echo] ----------
     [echo] Creating output directories if needed...

-pre-compile:

compile:
    [javac] Compiling 1 source file to D:\soft\workspace\workspace\AppSioeye\bin\classes

-post-compile:

-dex:
      [dex] input: D:\soft\workspace\workspace\AppSioeye\bin\classes
      [dex] Found Deleted Target File
      [dex] Converting compiled files and external libraries into D:\soft\workspace\workspace\AppSioeye\bin\classes.dex...

-post-dex:

-jar:
      [jar] Building jar: D:\soft\workspace\workspace\AppSioeye\bin\AppSioeye.jar

-post-jar:

build:

BUILD SUCCESSFUL
Total time: 14 seconds
[100%] /data/local/tmp/AppSioeye.jar
INSTRUMENTATION_STATUS: numtests=1

INSTRUMENTATION_STATUS: stream=

one.test.ImageTestCase:

INSTRUMENTATION_STATUS: id=UiAutomatorTestRunner

INSTRUMENTATION_STATUS: test=test

INSTRUMENTATION_STATUS: class=one.test.ImageTestCase

INSTRUMENTATION_STATUS: current=1

INSTRUMENTATION_STATUS_CODE: 1

referenceTable GDEF length=814 1

referenceTable GSUB length=11364 1

referenceTable GPOS length=47302 1

referenceTable head length=54 1

INSTRUMENTATION_STATUS: numtests=1

INSTRUMENTATION_STATUS: stream=.

INSTRUMENTATION_STATUS: id=UiAutomatorTestRunner

INSTRUMENTATION_STATUS: test=test

INSTRUMENTATION_STATUS: class=one.test.ImageTestCase

INSTRUMENTATION_STATUS: current=1

INSTRUMENTATION_STATUS_CODE: 0

INSTRUMENTATION_STATUS: stream=

Test results for WatcherResultPrinter=.

Time: 2.61



OK (1 test)





INSTRUMENTATION_STATUS_CODE: -1

Updated file D:\soft\workspace\workspace\AppSioeye\build.xml
Buildfile: D:\soft\workspace\workspace\AppSioeye\build.xml

-check-env:
 [checkenv] Android SDK Tools Revision 24.0.2
 [checkenv] Installed at D:\soft\adt-bundle-windows-x86_64-20130219\sdk

-build-setup:
[getbuildtools] Using latest Build Tools: 23.0.2
     [echo] Resolving Build Target for AppSioeye...
[getuitarget] Project Target:   Android 6.0
[getuitarget] API level:        23
     [echo] ----------
     [echo] Creating output directories if needed...

-pre-compile:

compile:
    [javac] Compiling 1 source file to D:\soft\workspace\workspace\AppSioeye\bin\classes

-post-compile:

-dex:
      [dex] input: D:\soft\workspace\workspace\AppSioeye\bin\classes
      [dex] Found Deleted Target File
      [dex] Converting compiled files and external libraries into D:\soft\workspace\workspace\AppSioeye\bin\classes.dex...

-post-dex:

-jar:
      [jar] Building jar: D:\soft\workspace\workspace\AppSioeye\bin\AppSioeye.jar

-post-jar:

build:

BUILD SUCCESSFUL
Total time: 16 seconds
[100%] /data/local/tmp/AppSioeye.jar
INSTRUMENTATION_STATUS: numtests=1

INSTRUMENTATION_STATUS: stream=

one.test.ImageTestCase:

INSTRUMENTATION_STATUS: id=UiAutomatorTestRunner

INSTRUMENTATION_STATUS: test=test

INSTRUMENTATION_STATUS: class=one.test.ImageTestCase

INSTRUMENTATION_STATUS: current=1

INSTRUMENTATION_STATUS_CODE: 1

referenceTable GDEF length=814 1

referenceTable GSUB length=11364 1

referenceTable GPOS length=47302 1

referenceTable head length=54 1

INSTRUMENTATION_STATUS: numtests=1

INSTRUMENTATION_STATUS: stream=.

INSTRUMENTATION_STATUS: id=UiAutomatorTestRunner

INSTRUMENTATION_STATUS: test=test

INSTRUMENTATION_STATUS: class=one.test.ImageTestCase

INSTRUMENTATION_STATUS: current=1

INSTRUMENTATION_STATUS_CODE: 0

INSTRUMENTATION_STATUS: stream=

Test results for WatcherResultPrinter=.

Time: 2.669



OK (1 test)





INSTRUMENTATION_STATUS_CODE: -1

Updated file D:\soft\workspace\workspace\AppSioeye\build.xml
Buildfile: D:\soft\workspace\workspace\AppSioeye\build.xml

-check-env:
 [checkenv] Android SDK Tools Revision 24.0.2
 [checkenv] Installed at D:\soft\adt-bundle-windows-x86_64-20130219\sdk

-build-setup:
[getbuildtools] Using latest Build Tools: 23.0.2
     [echo] Resolving Build Target for AppSioeye...
[getuitarget] Project Target:   Android 6.0
[getuitarget] API level:        23
     [echo] ----------
     [echo] Creating output directories if needed...

-pre-compile:

compile:
    [javac] Compiling 1 source file to D:\soft\workspace\workspace\AppSioeye\bin\classes

-post-compile:

-dex:
      [dex] input: D:\soft\workspace\workspace\AppSioeye\bin\classes
      [dex] Found Deleted Target File
      [dex] Converting compiled files and external libraries into D:\soft\workspace\workspace\AppSioeye\bin\classes.dex...

-post-dex:

-jar:
      [jar] Building jar: D:\soft\workspace\workspace\AppSioeye\bin\AppSioeye.jar

-post-jar:

build:

BUILD SUCCESSFUL
Total time: 15 seconds
[100%] /data/local/tmp/AppSioeye.jar
INSTRUMENTATION_STATUS: numtests=1

INSTRUMENTATION_STATUS: stream=

one.test.ImageTestCase:

INSTRUMENTATION_STATUS: id=UiAutomatorTestRunner

INSTRUMENTATION_STATUS: test=test

INSTRUMENTATION_STATUS: class=one.test.ImageTestCase

INSTRUMENTATION_STATUS: current=1

INSTRUMENTATION_STATUS_CODE: 1

referenceTable GDEF length=814 1

referenceTable GSUB length=11364 1

referenceTable GPOS length=47302 1

referenceTable head length=54 1

21

1388

246.0

88.0

INSTRUMENTATION_STATUS: numtests=1

INSTRUMENTATION_STATUS: stream=.

INSTRUMENTATION_STATUS: id=UiAutomatorTestRunner

INSTRUMENTATION_STATUS: test=test

INSTRUMENTATION_STATUS: class=one.test.ImageTestCase

INSTRUMENTATION_STATUS: current=1

INSTRUMENTATION_STATUS_CODE: 0

INSTRUMENTATION_STATUS: stream=

Test results for WatcherResultPrinter=.

Time: 2.661



OK (1 test)





INSTRUMENTATION_STATUS_CODE: -1

Updated file D:\soft\workspace\workspace\AppSioeye\build.xml
Buildfile: D:\soft\workspace\workspace\AppSioeye\build.xml

-check-env:
 [checkenv] Android SDK Tools Revision 24.0.2
 [checkenv] Installed at D:\soft\adt-bundle-windows-x86_64-20130219\sdk

-build-setup:
[getbuildtools] Using latest Build Tools: 23.0.2
     [echo] Resolving Build Target for AppSioeye...
[getuitarget] Project Target:   Android 6.0
[getuitarget] API level:        23
     [echo] ----------
     [echo] Creating output directories if needed...

-pre-compile:

compile:
    [javac] Compiling 1 source file to D:\soft\workspace\workspace\AppSioeye\bin\classes

-post-compile:

-dex:
      [dex] input: D:\soft\workspace\workspace\AppSioeye\bin\classes
      [dex] Found Deleted Target File
      [dex] Converting compiled files and external libraries into D:\soft\workspace\workspace\AppSioeye\bin\classes.dex...

-post-dex:

-jar:
      [jar] Building jar: D:\soft\workspace\workspace\AppSioeye\bin\AppSioeye.jar

-post-jar:

build:

BUILD SUCCESSFUL
Total time: 15 seconds
[100%] /data/local/tmp/AppSioeye.jar
INSTRUMENTATION_STATUS: numtests=1

INSTRUMENTATION_STATUS: stream=

one.test.test3:

INSTRUMENTATION_STATUS: id=UiAutomatorTestRunner

INSTRUMENTATION_STATUS: test=testA

INSTRUMENTATION_STATUS: class=one.test.test3

INSTRUMENTATION_STATUS: current=1

INSTRUMENTATION_STATUS_CODE: 1

21-1388

h246.0

w88.0

INSTRUMENTATION_STATUS: numtests=1

INSTRUMENTATION_STATUS: stream=.

INSTRUMENTATION_STATUS: id=UiAutomatorTestRunner

INSTRUMENTATION_STATUS: test=testA

INSTRUMENTATION_STATUS: class=one.test.test3

INSTRUMENTATION_STATUS: current=1

INSTRUMENTATION_STATUS_CODE: 0

INSTRUMENTATION_STATUS: stream=

Test results for WatcherResultPrinter=.

Time: 2.579



OK (1 test)





INSTRUMENTATION_STATUS_CODE: -1

Updated file D:\soft\workspace\workspace\AppSioeye\build.xml
Buildfile: D:\soft\workspace\workspace\AppSioeye\build.xml

-check-env:
 [checkenv] Android SDK Tools Revision 24.0.2
 [checkenv] Installed at D:\soft\adt-bundle-windows-x86_64-20130219\sdk

-build-setup:
[getbuildtools] Using latest Build Tools: 23.0.2
     [echo] Resolving Build Target for AppSioeye...
[getuitarget] Project Target:   Android 6.0
[getuitarget] API level:        23
     [echo] ----------
     [echo] Creating output directories if needed...

-pre-compile:

compile:
    [javac] Compiling 1 source file to D:\soft\workspace\workspace\AppSioeye\bin\classes

-post-compile:

-dex:
      [dex] input: D:\soft\workspace\workspace\AppSioeye\bin\classes
      [dex] Found Deleted Target File
      [dex] Converting compiled files and external libraries into D:\soft\workspace\workspace\AppSioeye\bin\classes.dex...

-post-dex:

-jar:
      [jar] Building jar: D:\soft\workspace\workspace\AppSioeye\bin\AppSioeye.jar

-post-jar:

build:

BUILD SUCCESSFUL
Total time: 3 seconds
[100%] /data/local/tmp/AppSioeye.jar
INSTRUMENTATION_STATUS: numtests=1

INSTRUMENTATION_STATUS: stream=

one.test.test3:

INSTRUMENTATION_STATUS: id=UiAutomatorTestRunner

INSTRUMENTATION_STATUS: test=testA

INSTRUMENTATION_STATUS: class=one.test.test3

INSTRUMENTATION_STATUS: current=1

INSTRUMENTATION_STATUS_CODE: 1

21-1388

h246.0

w88.0

INSTRUMENTATION_STATUS: numtests=1

INSTRUMENTATION_STATUS: stream=.

INSTRUMENTATION_STATUS: id=UiAutomatorTestRunner

INSTRUMENTATION_STATUS: test=testA

INSTRUMENTATION_STATUS: class=one.test.test3

INSTRUMENTATION_STATUS: current=1

INSTRUMENTATION_STATUS_CODE: 0

INSTRUMENTATION_STATUS: stream=

Test results for WatcherResultPrinter=.

Time: 2.548



OK (1 test)





INSTRUMENTATION_STATUS_CODE: -1

Updated file D:\soft\workspace\workspace\AppSioeye\build.xml
Buildfile: D:\soft\workspace\workspace\AppSioeye\build.xml

-check-env:
 [checkenv] Android SDK Tools Revision 24.0.2
 [checkenv] Installed at D:\soft\adt-bundle-windows-x86_64-20130219\sdk

-build-setup:
[getbuildtools] Using latest Build Tools: 23.0.2
     [echo] Resolving Build Target for AppSioeye...
[getuitarget] Project Target:   Android 6.0
[getuitarget] API level:        23
     [echo] ----------
     [echo] Creating output directories if needed...

-pre-compile:

compile:
    [javac] Compiling 1 source file to D:\soft\workspace\workspace\AppSioeye\bin\classes

-post-compile:

-dex:
      [dex] input: D:\soft\workspace\workspace\AppSioeye\bin\classes
      [dex] Found Deleted Target File
      [dex] Converting compiled files and external libraries into D:\soft\workspace\workspace\AppSioeye\bin\classes.dex...

-post-dex:

-jar:
      [jar] Building jar: D:\soft\workspace\workspace\AppSioeye\bin\AppSioeye.jar

-post-jar:

build:

BUILD SUCCESSFUL
Total time: 16 seconds
[100%] /data/local/tmp/AppSioeye.jar
INSTRUMENTATION_STATUS: numtests=1

INSTRUMENTATION_STATUS: stream=

one.test.test3:

INSTRUMENTATION_STATUS: id=UiAutomatorTestRunner

INSTRUMENTATION_STATUS: test=testA

INSTRUMENTATION_STATUS: class=one.test.test3

INSTRUMENTATION_STATUS: current=1

INSTRUMENTATION_STATUS_CODE: 1

21-1388

h246.0

w88.0

INSTRUMENTATION_STATUS: numtests=1

INSTRUMENTATION_STATUS: stream=.

INSTRUMENTATION_STATUS: id=UiAutomatorTestRunner

INSTRUMENTATION_STATUS: test=testA

INSTRUMENTATION_STATUS: class=one.test.test3

INSTRUMENTATION_STATUS: current=1

INSTRUMENTATION_STATUS_CODE: 0

INSTRUMENTATION_STATUS: stream=

Test results for WatcherResultPrinter=.

Time: 2.514



OK (1 test)





INSTRUMENTATION_STATUS_CODE: -1

Updated file D:\soft\workspace\workspace\AppSioeye\build.xml
Buildfile: D:\soft\workspace\workspace\AppSioeye\build.xml

-check-env:
 [checkenv] Android SDK Tools Revision 24.0.2
 [checkenv] Installed at D:\soft\adt-bundle-windows-x86_64-20130219\sdk

-build-setup:
[getbuildtools] Using latest Build Tools: 23.0.2
     [echo] Resolving Build Target for AppSioeye...
[getuitarget] Project Target:   Android 6.0
[getuitarget] API level:        23
     [echo] ----------
     [echo] Creating output directories if needed...

-pre-compile:

compile:
    [javac] Compiling 1 source file to D:\soft\workspace\workspace\AppSioeye\bin\classes

-post-compile:

-dex:
      [dex] input: D:\soft\workspace\workspace\AppSioeye\bin\classes
      [dex] Found Deleted Target File
      [dex] Converting compiled files and external libraries into D:\soft\workspace\workspace\AppSioeye\bin\classes.dex...

-post-dex:

-jar:
      [jar] Building jar: D:\soft\workspace\workspace\AppSioeye\bin\AppSioeye.jar

-post-jar:

build:

BUILD SUCCESSFUL
Total time: 4 seconds
[100%] /data/local/tmp/AppSioeye.jar
INSTRUMENTATION_STATUS: numtests=1

INSTRUMENTATION_STATUS: stream=

one.test.test3:

INSTRUMENTATION_STATUS: id=UiAutomatorTestRunner

INSTRUMENTATION_STATUS: test=testA

INSTRUMENTATION_STATUS: class=one.test.test3

INSTRUMENTATION_STATUS: current=1

INSTRUMENTATION_STATUS_CODE: 1

21-1388

h246.0

w88.0

INSTRUMENTATION_STATUS: numtests=1

INSTRUMENTATION_STATUS: stream=.

INSTRUMENTATION_STATUS: id=UiAutomatorTestRunner

INSTRUMENTATION_STATUS: test=testA

INSTRUMENTATION_STATUS: class=one.test.test3

INSTRUMENTATION_STATUS: current=1

INSTRUMENTATION_STATUS_CODE: 0

INSTRUMENTATION_STATUS: stream=

Test results for WatcherResultPrinter=.

Time: 2.582



OK (1 test)





INSTRUMENTATION_STATUS_CODE: -1

Updated file D:\soft\workspace\workspace\AppSioeye\build.xml
Buildfile: D:\soft\workspace\workspace\AppSioeye\build.xml

-check-env:
 [checkenv] Android SDK Tools Revision 24.0.2
 [checkenv] Installed at D:\soft\adt-bundle-windows-x86_64-20130219\sdk

-build-setup:
[getbuildtools] Using latest Build Tools: 23.0.2
     [echo] Resolving Build Target for AppSioeye...
[getuitarget] Project Target:   Android 6.0
[getuitarget] API level:        23
     [echo] ----------
     [echo] Creating output directories if needed...

-pre-compile:

compile:
    [javac] Compiling 1 source file to D:\soft\workspace\workspace\AppSioeye\bin\classes

-post-compile:

-dex:
      [dex] input: D:\soft\workspace\workspace\AppSioeye\bin\classes
      [dex] Found Deleted Target File
      [dex] Converting compiled files and external libraries into D:\soft\workspace\workspace\AppSioeye\bin\classes.dex...

-post-dex:

-jar:
      [jar] Building jar: D:\soft\workspace\workspace\AppSioeye\bin\AppSioeye.jar

-post-jar:

build:

BUILD SUCCESSFUL
Total time: 15 seconds
[100%] /data/local/tmp/AppSioeye.jar
INSTRUMENTATION_STATUS: numtests=1

INSTRUMENTATION_STATUS: stream=

one.test.test3:

INSTRUMENTATION_STATUS: id=UiAutomatorTestRunner

INSTRUMENTATION_STATUS: test=testA

INSTRUMENTATION_STATUS: class=one.test.test3

INSTRUMENTATION_STATUS: current=1

INSTRUMENTATION_STATUS_CODE: 1

21-1388

h246.0

w88.0

/sdcard/20160907012528.png

INSTRUMENTATION_STATUS: numtests=1

INSTRUMENTATION_STATUS: stream=.

INSTRUMENTATION_STATUS: id=UiAutomatorTestRunner

INSTRUMENTATION_STATUS: test=testA

INSTRUMENTATION_STATUS: class=one.test.test3

INSTRUMENTATION_STATUS: current=1

INSTRUMENTATION_STATUS_CODE: 0

INSTRUMENTATION_STATUS: stream=

Test results for WatcherResultPrinter=.

Time: 2.663



OK (1 test)





INSTRUMENTATION_STATUS_CODE: -1

Updated file D:\soft\workspace\workspace\AppSioeye\build.xml
Buildfile: D:\soft\workspace\workspace\AppSioeye\build.xml

-check-env:
 [checkenv] Android SDK Tools Revision 24.0.2
 [checkenv] Installed at D:\soft\adt-bundle-windows-x86_64-20130219\sdk

-build-setup:
[getbuildtools] Using latest Build Tools: 23.0.2
     [echo] Resolving Build Target for AppSioeye...
[getuitarget] Project Target:   Android 6.0
[getuitarget] API level:        23
     [echo] ----------
     [echo] Creating output directories if needed...

-pre-compile:

compile:

-post-compile:

-dex:
      [dex] input: D:\soft\workspace\workspace\AppSioeye\bin\classes
      [dex] Found Deleted Target File
      [dex] Converting compiled files and external libraries into D:\soft\workspace\workspace\AppSioeye\bin\classes.dex...

-post-dex:

-jar:
      [jar] Building jar: D:\soft\workspace\workspace\AppSioeye\bin\AppSioeye.jar

-post-jar:

build:

BUILD SUCCESSFUL
Total time: 3 seconds
[100%] /data/local/tmp/AppSioeye.jar
INSTRUMENTATION_STATUS: numtests=1

INSTRUMENTATION_STATUS: stream=

one.test.test3:

INSTRUMENTATION_STATUS: id=UiAutomatorTestRunner

INSTRUMENTATION_STATUS: test=testA

INSTRUMENTATION_STATUS: class=one.test.test3

INSTRUMENTATION_STATUS: current=1

INSTRUMENTATION_STATUS_CODE: 1

85-183

h73.0

w32.0

INSTRUMENTATION_STATUS: numtests=1

INSTRUMENTATION_STATUS: stream=

Error in testA:

java.lang.IllegalArgumentException: y + height must be <= bitmap.height()

	at android.graphics.Bitmap.createBitmap(Bitmap.java:689)

	at android.graphics.Bitmap.createBitmap(Bitmap.java:653)

	at one.test.test3.convertToBitmap(test3.java:43)

	at one.test.test3.takeScreenshotRectangle(test3.java:60)

	at one.test.test3.testA(test3.java:76)

	at com.android.uiautomator.testrunner.UiAutomatorTestRunner.start(UiAutomatorTestRunner.java:161)

	at com.android.uiautomator.testrunner.UiAutomatorTestRunner.run(UiAutomatorTestRunner.java:96)

	at com.android.commands.uiautomator.RunTestCommand.run(RunTestCommand.java:91)

	at com.android.commands.uiautomator.Launcher.main(Launcher.java:83)

	at com.android.internal.os.RuntimeInit.nativeFinishInit(Native Method)

	at com.android.internal.os.RuntimeInit.main(RuntimeInit.java:276)



INSTRUMENTATION_STATUS: id=UiAutomatorTestRunner

INSTRUMENTATION_STATUS: test=testA

INSTRUMENTATION_STATUS: class=one.test.test3

INSTRUMENTATION_STATUS: stack=java.lang.IllegalArgumentException: y + height must be <= bitmap.height()

	at android.graphics.Bitmap.createBitmap(Bitmap.java:689)

	at android.graphics.Bitmap.createBitmap(Bitmap.java:653)

	at one.test.test3.convertToBitmap(test3.java:43)

	at one.test.test3.takeScreenshotRectangle(test3.java:60)

	at one.test.test3.testA(test3.java:76)

	at com.android.uiautomator.testrunner.UiAutomatorTestRunner.start(UiAutomatorTestRunner.java:161)

	at com.android.uiautomator.testrunner.UiAutomatorTestRunner.run(UiAutomatorTestRunner.java:96)

	at com.android.commands.uiautomator.RunTestCommand.run(RunTestCommand.java:91)

	at com.android.commands.uiautomator.Launcher.main(Launcher.java:83)

	at com.android.internal.os.RuntimeInit.nativeFinishInit(Native Method)

	at com.android.internal.os.RuntimeInit.main(RuntimeInit.java:276)



INSTRUMENTATION_STATUS: current=1

INSTRUMENTATION_STATUS_CODE: -1

INSTRUMENTATION_STATUS: stream=

Test results for WatcherResultPrinter=.E

Time: 0.621



FAILURES!!!

Tests run: 1,  Failures: 0,  Errors: 1





INSTRUMENTATION_STATUS_CODE: -1

Updated file D:\soft\workspace\workspace\AppSioeye\build.xml
Buildfile: D:\soft\workspace\workspace\AppSioeye\build.xml

-check-env:
 [checkenv] Android SDK Tools Revision 24.0.2
 [checkenv] Installed at D:\soft\adt-bundle-windows-x86_64-20130219\sdk

-build-setup:
[getbuildtools] Using latest Build Tools: 23.0.2
     [echo] Resolving Build Target for AppSioeye...
[getuitarget] Project Target:   Android 6.0
[getuitarget] API level:        23
     [echo] ----------
     [echo] Creating output directories if needed...

-pre-compile:

compile:
    [javac] Compiling 1 source file to D:\soft\workspace\workspace\AppSioeye\bin\classes

-post-compile:

-dex:
      [dex] input: D:\soft\workspace\workspace\AppSioeye\bin\classes
      [dex] Found Deleted Target File
      [dex] Converting compiled files and external libraries into D:\soft\workspace\workspace\AppSioeye\bin\classes.dex...

-post-dex:

-jar:
      [jar] Building jar: D:\soft\workspace\workspace\AppSioeye\bin\AppSioeye.jar

-post-jar:

build:

BUILD SUCCESSFUL
Total time: 16 seconds
[100%] /data/local/tmp/AppSioeye.jar
INSTRUMENTATION_STATUS: numtests=1

INSTRUMENTATION_STATUS: stream=

one.test.test3:

INSTRUMENTATION_STATUS: id=UiAutomatorTestRunner

INSTRUMENTATION_STATUS: test=testA

INSTRUMENTATION_STATUS: class=one.test.test3

INSTRUMENTATION_STATUS: current=1

INSTRUMENTATION_STATUS_CODE: 1

85-183

h73.0

w32.0

/sdcard/20160907052802.png

INSTRUMENTATION_STATUS: numtests=1

INSTRUMENTATION_STATUS: stream=.

INSTRUMENTATION_STATUS: id=UiAutomatorTestRunner

INSTRUMENTATION_STATUS: test=testA

INSTRUMENTATION_STATUS: class=one.test.test3

INSTRUMENTATION_STATUS: current=1

INSTRUMENTATION_STATUS_CODE: 0

INSTRUMENTATION_STATUS: stream=

Test results for WatcherResultPrinter=.

Time: 0.606



OK (1 test)





INSTRUMENTATION_STATUS_CODE: -1

Updated file D:\soft\workspace\workspace\AppSioeye\build.xml
Buildfile: D:\soft\workspace\workspace\AppSioeye\build.xml

-check-env:
 [checkenv] Android SDK Tools Revision 24.0.2
 [checkenv] Installed at D:\soft\adt-bundle-windows-x86_64-20130219\sdk

-build-setup:
[getbuildtools] Using latest Build Tools: 23.0.2
     [echo] Resolving Build Target for AppSioeye...
[getuitarget] Project Target:   Android 6.0
[getuitarget] API level:        23
     [echo] ----------
     [echo] Creating output directories if needed...

-pre-compile:

compile:
    [javac] Compiling 1 source file to D:\soft\workspace\workspace\AppSioeye\bin\classes

-post-compile:

-dex:
      [dex] input: D:\soft\workspace\workspace\AppSioeye\bin\classes
      [dex] Found Deleted Target File
      [dex] Converting compiled files and external libraries into D:\soft\workspace\workspace\AppSioeye\bin\classes.dex...

-post-dex:

-jar:
      [jar] Building jar: D:\soft\workspace\workspace\AppSioeye\bin\AppSioeye.jar

-post-jar:

build:

BUILD SUCCESSFUL
Total time: 3 seconds
[100%] /data/local/tmp/AppSioeye.jar
INSTRUMENTATION_STATUS: numtests=1

INSTRUMENTATION_STATUS: stream=

one.test.ImageTestCase:

INSTRUMENTATION_STATUS: id=UiAutomatorTestRunner

INSTRUMENTATION_STATUS: test=test

INSTRUMENTATION_STATUS: class=one.test.ImageTestCase

INSTRUMENTATION_STATUS: current=1

INSTRUMENTATION_STATUS_CODE: 1

referenceTable GDEF length=814 1

referenceTable GSUB length=11364 1

referenceTable GPOS length=47302 1

referenceTable head length=54 1

21

1388

246.0

88.0

INSTRUMENTATION_STATUS: numtests=1

INSTRUMENTATION_STATUS: stream=.

INSTRUMENTATION_STATUS: id=UiAutomatorTestRunner

INSTRUMENTATION_STATUS: test=test

INSTRUMENTATION_STATUS: class=one.test.ImageTestCase

INSTRUMENTATION_STATUS: current=1

INSTRUMENTATION_STATUS_CODE: 0

INSTRUMENTATION_STATUS: stream=

Test results for WatcherResultPrinter=.

Time: 3.584



OK (1 test)





INSTRUMENTATION_STATUS_CODE: -1

Updated file D:\soft\workspace\workspace\AppSioeye\build.xml
Buildfile: D:\soft\workspace\workspace\AppSioeye\build.xml

-check-env:
 [checkenv] Android SDK Tools Revision 24.0.2
 [checkenv] Installed at D:\soft\adt-bundle-windows-x86_64-20130219\sdk

-build-setup:
[getbuildtools] Using latest Build Tools: 23.0.2
     [echo] Resolving Build Target for AppSioeye...
[getuitarget] Project Target:   Android 6.0
[getuitarget] API level:        23
     [echo] ----------
     [echo] Creating output directories if needed...

-pre-compile:

compile:
    [javac] Compiling 1 source file to D:\soft\workspace\workspace\AppSioeye\bin\classes

-post-compile:

-dex:
      [dex] input: D:\soft\workspace\workspace\AppSioeye\bin\classes
      [dex] Found Deleted Target File
      [dex] Converting compiled files and external libraries into D:\soft\workspace\workspace\AppSioeye\bin\classes.dex...

-post-dex:

-jar:
      [jar] Building jar: D:\soft\workspace\workspace\AppSioeye\bin\AppSioeye.jar

-post-jar:

build:

BUILD SUCCESSFUL
Total time: 3 seconds
[100%] /data/local/tmp/AppSioeye.jar
INSTRUMENTATION_STATUS: numtests=1

INSTRUMENTATION_STATUS: stream=

one.test.ImageTestCase:

INSTRUMENTATION_STATUS: id=UiAutomatorTestRunner

INSTRUMENTATION_STATUS: test=test

INSTRUMENTATION_STATUS: class=one.test.ImageTestCase

INSTRUMENTATION_STATUS: current=1

INSTRUMENTATION_STATUS_CODE: 1

referenceTable GDEF length=814 1

referenceTable GSUB length=11364 1

referenceTable GPOS length=47302 1

referenceTable head length=54 1

21

1388

246.0

88.0

/mnt/sdcard/DrawText20160907013441.jpg

INSTRUMENTATION_STATUS: numtests=1

INSTRUMENTATION_STATUS: stream=.

INSTRUMENTATION_STATUS: id=UiAutomatorTestRunner

INSTRUMENTATION_STATUS: test=test

INSTRUMENTATION_STATUS: class=one.test.ImageTestCase

INSTRUMENTATION_STATUS: current=1

INSTRUMENTATION_STATUS_CODE: 0

INSTRUMENTATION_STATUS: stream=

Test results for WatcherResultPrinter=.

Time: 2.547



OK (1 test)





INSTRUMENTATION_STATUS_CODE: -1

Updated file D:\soft\workspace\workspace\AppSioeye\build.xml
Buildfile: D:\soft\workspace\workspace\AppSioeye\build.xml

-check-env:
 [checkenv] Android SDK Tools Revision 24.0.2
 [checkenv] Installed at D:\soft\adt-bundle-windows-x86_64-20130219\sdk

-build-setup:
[getbuildtools] Using latest Build Tools: 23.0.2
     [echo] Resolving Build Target for AppSioeye...
[getuitarget] Project Target:   Android 6.0
[getuitarget] API level:        23
     [echo] ----------
     [echo] Creating output directories if needed...

-pre-compile:

compile:
    [javac] Compiling 1 source file to D:\soft\workspace\workspace\AppSioeye\bin\classes

-post-compile:

-dex:
      [dex] input: D:\soft\workspace\workspace\AppSioeye\bin\classes
      [dex] Found Deleted Target File
      [dex] Converting compiled files and external libraries into D:\soft\workspace\workspace\AppSioeye\bin\classes.dex...

-post-dex:

-jar:
      [jar] Building jar: D:\soft\workspace\workspace\AppSioeye\bin\AppSioeye.jar

-post-jar:

build:

BUILD SUCCESSFUL
Total time: 3 seconds
[100%] /data/local/tmp/AppSioeye.jar
INSTRUMENTATION_STATUS: numtests=1

INSTRUMENTATION_STATUS: stream=

one.test.ImageTestCase:

INSTRUMENTATION_STATUS: id=UiAutomatorTestRunner

INSTRUMENTATION_STATUS: test=test

INSTRUMENTATION_STATUS: class=one.test.ImageTestCase

INSTRUMENTATION_STATUS: current=1

INSTRUMENTATION_STATUS_CODE: 1

referenceTable GDEF length=814 1

referenceTable GSUB length=11364 1

referenceTable GPOS length=47302 1

referenceTable head length=54 1

21

1388

88.0

246.0

/mnt/sdcard/DrawText20160907013754.jpg

INSTRUMENTATION_STATUS: numtests=1

INSTRUMENTATION_STATUS: stream=.

INSTRUMENTATION_STATUS: id=UiAutomatorTestRunner

INSTRUMENTATION_STATUS: test=test

INSTRUMENTATION_STATUS: class=one.test.ImageTestCase

INSTRUMENTATION_STATUS: current=1

INSTRUMENTATION_STATUS_CODE: 0

INSTRUMENTATION_STATUS: stream=

Test results for WatcherResultPrinter=.

Time: 2.668



OK (1 test)





INSTRUMENTATION_STATUS_CODE: -1

Updated file D:\soft\workspace\workspace\AppSioeye\build.xml
Buildfile: D:\soft\workspace\workspace\AppSioeye\build.xml

-check-env:
 [checkenv] Android SDK Tools Revision 24.0.2
 [checkenv] Installed at D:\soft\adt-bundle-windows-x86_64-20130219\sdk

-build-setup:
[getbuildtools] Using latest Build Tools: 23.0.2
     [echo] Resolving Build Target for AppSioeye...
[getuitarget] Project Target:   Android 6.0
[getuitarget] API level:        23
     [echo] ----------
     [echo] Creating output directories if needed...

-pre-compile:

compile:
    [javac] Compiling 1 source file to D:\soft\workspace\workspace\AppSioeye\bin\classes

-post-compile:

-dex:
      [dex] input: D:\soft\workspace\workspace\AppSioeye\bin\classes
      [dex] Found Deleted Target File
      [dex] Converting compiled files and external libraries into D:\soft\workspace\workspace\AppSioeye\bin\classes.dex...

-post-dex:

-jar:
      [jar] Building jar: D:\soft\workspace\workspace\AppSioeye\bin\AppSioeye.jar

-post-jar:

build:

BUILD SUCCESSFUL
Total time: 15 seconds
[100%] /data/local/tmp/AppSioeye.jar
INSTRUMENTATION_STATUS: numtests=1

INSTRUMENTATION_STATUS: stream=

one.test.ImageTestCase:

INSTRUMENTATION_STATUS: id=UiAutomatorTestRunner

INSTRUMENTATION_STATUS: test=test

INSTRUMENTATION_STATUS: class=one.test.ImageTestCase

INSTRUMENTATION_STATUS: current=1

INSTRUMENTATION_STATUS_CODE: 1

referenceTable GDEF length=814 1

referenceTable GSUB length=11364 1

referenceTable GPOS length=47302 1

referenceTable head length=54 1

INSTRUMENTATION_STATUS: numtests=1

INSTRUMENTATION_STATUS: stream=

Error in test:

java.lang.NullPointerException: Attempt to read from field 'int android.graphics.Rect.left' on a null object reference

	at one.test.ImageTestCase.drawTextBitmap(ImageTestCase.java:100)

	at one.test.ImageTestCase.screenshotAndDrawText(ImageTestCase.java:74)

	at one.test.ImageTestCase.test(ImageTestCase.java:154)

	at com.android.uiautomator.testrunner.UiAutomatorTestRunner.start(UiAutomatorTestRunner.java:160)

	at com.android.uiautomator.testrunner.UiAutomatorTestRunner.run(UiAutomatorTestRunner.java:96)

	at com.android.commands.uiautomator.RunTestCommand.run(RunTestCommand.java:91)

	at com.android.commands.uiautomator.Launcher.main(Launcher.java:83)

	at com.android.internal.os.RuntimeInit.nativeFinishInit(Native Method)

	at com.android.internal.os.RuntimeInit.main(RuntimeInit.java:251)



INSTRUMENTATION_STATUS: id=UiAutomatorTestRunner

INSTRUMENTATION_STATUS: test=test

INSTRUMENTATION_STATUS: class=one.test.ImageTestCase

INSTRUMENTATION_STATUS: stack=java.lang.NullPointerException: Attempt to read from field 'int android.graphics.Rect.left' on a null object reference

	at one.test.ImageTestCase.drawTextBitmap(ImageTestCase.java:100)

	at one.test.ImageTestCase.screenshotAndDrawText(ImageTestCase.java:74)

	at one.test.ImageTestCase.test(ImageTestCase.java:154)

	at com.android.uiautomator.testrunner.UiAutomatorTestRunner.start(UiAutomatorTestRunner.java:160)

	at com.android.uiautomator.testrunner.UiAutomatorTestRunner.run(UiAutomatorTestRunner.java:96)

	at com.android.commands.uiautomator.RunTestCommand.run(RunTestCommand.java:91)

	at com.android.commands.uiautomator.Launcher.main(Launcher.java:83)

	at com.android.internal.os.RuntimeInit.nativeFinishInit(Native Method)

	at com.android.internal.os.RuntimeInit.main(RuntimeInit.java:251)



INSTRUMENTATION_STATUS: current=1

INSTRUMENTATION_STATUS_CODE: -1

INSTRUMENTATION_STATUS: stream=

Test results for WatcherResultPrinter=.E

Time: 13.139



FAILURES!!!

Tests run: 1,  Failures: 0,  Errors: 1





INSTRUMENTATION_STATUS_CODE: -1

Updated file D:\soft\workspace\workspace\AppSioeye\build.xml
Buildfile: D:\soft\workspace\workspace\AppSioeye\build.xml

-check-env:
 [checkenv] Android SDK Tools Revision 24.0.2
 [checkenv] Installed at D:\soft\adt-bundle-windows-x86_64-20130219\sdk

-build-setup:
[getbuildtools] Using latest Build Tools: 23.0.2
     [echo] Resolving Build Target for AppSioeye...
[getuitarget] Project Target:   Android 6.0
[getuitarget] API level:        23
     [echo] ----------
     [echo] Creating output directories if needed...

-pre-compile:

compile:

-post-compile:

-dex:
      [dex] input: D:\soft\workspace\workspace\AppSioeye\bin\classes
      [dex] Found Deleted Target File
      [dex] Converting compiled files and external libraries into D:\soft\workspace\workspace\AppSioeye\bin\classes.dex...

-post-dex:

-jar:
      [jar] Building jar: D:\soft\workspace\workspace\AppSioeye\bin\AppSioeye.jar

-post-jar:

build:

BUILD SUCCESSFUL
Total time: 14 seconds
[100%] /data/local/tmp/AppSioeye.jar
INSTRUMENTATION_STATUS: numtests=1

INSTRUMENTATION_STATUS: stream=

one.test.ImageTestCase:

INSTRUMENTATION_STATUS: id=UiAutomatorTestRunner

INSTRUMENTATION_STATUS: test=test

INSTRUMENTATION_STATUS: class=one.test.ImageTestCase

INSTRUMENTATION_STATUS: current=1

INSTRUMENTATION_STATUS_CODE: 1

referenceTable GDEF length=814 1

referenceTable GSUB length=11364 1

referenceTable GPOS length=47302 1

referenceTable head length=54 1

21

1388

88.0

246.0

/mnt/sdcard/DrawText20160907014059.jpg

INSTRUMENTATION_STATUS: numtests=1

INSTRUMENTATION_STATUS: stream=.

INSTRUMENTATION_STATUS: id=UiAutomatorTestRunner

INSTRUMENTATION_STATUS: test=test

INSTRUMENTATION_STATUS: class=one.test.ImageTestCase

INSTRUMENTATION_STATUS: current=1

INSTRUMENTATION_STATUS_CODE: 0

INSTRUMENTATION_STATUS: stream=

Test results for WatcherResultPrinter=.

Time: 2.717



OK (1 test)





INSTRUMENTATION_STATUS_CODE: -1

Updated file D:\soft\workspace\workspace\AppSioeye\build.xml
Buildfile: D:\soft\workspace\workspace\AppSioeye\build.xml

-check-env:
 [checkenv] Android SDK Tools Revision 24.0.2
 [checkenv] Installed at D:\soft\adt-bundle-windows-x86_64-20130219\sdk

-build-setup:
[getbuildtools] Using latest Build Tools: 23.0.2
     [echo] Resolving Build Target for AppSioeye...
[getuitarget] Project Target:   Android 6.0
[getuitarget] API level:        23
     [echo] ----------
     [echo] Creating output directories if needed...

-pre-compile:

compile:
    [javac] Compiling 2 source files to D:\soft\workspace\workspace\AppSioeye\bin\classes

-post-compile:

-dex:
      [dex] input: D:\soft\workspace\workspace\AppSioeye\bin\classes
      [dex] Found Deleted Target File
      [dex] Converting compiled files and external libraries into D:\soft\workspace\workspace\AppSioeye\bin\classes.dex...

-post-dex:

-jar:
      [jar] Building jar: D:\soft\workspace\workspace\AppSioeye\bin\AppSioeye.jar

-post-jar:

build:

BUILD SUCCESSFUL
Total time: 16 seconds
[100%] /data/local/tmp/AppSioeye.jar
INSTRUMENTATION_STATUS: numtests=1

INSTRUMENTATION_STATUS: stream=

one.test.test3:

INSTRUMENTATION_STATUS: id=UiAutomatorTestRunner

INSTRUMENTATION_STATUS: test=testA

INSTRUMENTATION_STATUS: class=one.test.test3

INSTRUMENTATION_STATUS: current=1

INSTRUMENTATION_STATUS_CODE: 1

9-31

h-3.0

w22.0

INSTRUMENTATION_STATUS: numtests=1

INSTRUMENTATION_STATUS: stream=

Error in testA:

java.lang.IllegalArgumentException: width must be > 0

	at android.graphics.Bitmap.checkWidthHeight(Bitmap.java:378)

	at android.graphics.Bitmap.createBitmap(Bitmap.java:684)

	at android.graphics.Bitmap.createBitmap(Bitmap.java:653)

	at one.test.test3.convertToBitmap(test3.java:45)

	at one.test.test3.takeScreenshotRectangle(test3.java:62)

	at one.test.test3.testA(test3.java:100)

	at com.android.uiautomator.testrunner.UiAutomatorTestRunner.start(UiAutomatorTestRunner.java:161)

	at com.android.uiautomator.testrunner.UiAutomatorTestRunner.run(UiAutomatorTestRunner.java:96)

	at com.android.commands.uiautomator.RunTestCommand.run(RunTestCommand.java:91)

	at com.android.commands.uiautomator.Launcher.main(Launcher.java:83)

	at com.android.internal.os.RuntimeInit.nativeFinishInit(Native Method)

	at com.android.internal.os.RuntimeInit.main(RuntimeInit.java:276)



INSTRUMENTATION_STATUS: id=UiAutomatorTestRunner

INSTRUMENTATION_STATUS: test=testA

INSTRUMENTATION_STATUS: class=one.test.test3

INSTRUMENTATION_STATUS: stack=java.lang.IllegalArgumentException: width must be > 0

	at android.graphics.Bitmap.checkWidthHeight(Bitmap.java:378)

	at android.graphics.Bitmap.createBitmap(Bitmap.java:684)

	at android.graphics.Bitmap.createBitmap(Bitmap.java:653)

	at one.test.test3.convertToBitmap(test3.java:45)

	at one.test.test3.takeScreenshotRectangle(test3.java:62)

	at one.test.test3.testA(test3.java:100)

	at com.android.uiautomator.testrunner.UiAutomatorTestRunner.start(UiAutomatorTestRunner.java:161)

	at com.android.uiautomator.testrunner.UiAutomatorTestRunner.run(UiAutomatorTestRunner.java:96)

	at com.android.commands.uiautomator.RunTestCommand.run(RunTestCommand.java:91)

	at com.android.commands.uiautomator.Launcher.main(Launcher.java:83)

	at com.android.internal.os.RuntimeInit.nativeFinishInit(Native Method)

	at com.android.internal.os.RuntimeInit.main(RuntimeInit.java:276)



INSTRUMENTATION_STATUS: current=1

INSTRUMENTATION_STATUS_CODE: -1

INSTRUMENTATION_STATUS: stream=

Test results for WatcherResultPrinter=.E

Time: 0.146



FAILURES!!!

Tests run: 1,  Failures: 0,  Errors: 1





INSTRUMENTATION_STATUS_CODE: -1

Updated file D:\soft\workspace\workspace\AppSioeye\build.xml
Buildfile: D:\soft\workspace\workspace\AppSioeye\build.xml

-check-env:
 [checkenv] Android SDK Tools Revision 24.0.2
 [checkenv] Installed at D:\soft\adt-bundle-windows-x86_64-20130219\sdk

-build-setup:
[getbuildtools] Using latest Build Tools: 23.0.2
     [echo] Resolving Build Target for AppSioeye...
[getuitarget] Project Target:   Android 6.0
[getuitarget] API level:        23
     [echo] ----------
     [echo] Creating output directories if needed...

-pre-compile:

compile:
    [javac] Compiling 1 source file to D:\soft\workspace\workspace\AppSioeye\bin\classes

-post-compile:

-dex:
      [dex] input: D:\soft\workspace\workspace\AppSioeye\bin\classes
      [dex] Found Deleted Target File
      [dex] Converting compiled files and external libraries into D:\soft\workspace\workspace\AppSioeye\bin\classes.dex...

-post-dex:

-jar:
      [jar] Building jar: D:\soft\workspace\workspace\AppSioeye\bin\AppSioeye.jar

-post-jar:

build:

BUILD SUCCESSFUL
Total time: 15 seconds
[100%] /data/local/tmp/AppSioeye.jar
INSTRUMENTATION_STATUS: numtests=1

INSTRUMENTATION_STATUS: stream=

one.test.test3:

INSTRUMENTATION_STATUS: id=UiAutomatorTestRunner

INSTRUMENTATION_STATUS: test=testA

INSTRUMENTATION_STATUS: class=one.test.test3

INSTRUMENTATION_STATUS: current=1

INSTRUMENTATION_STATUS_CODE: 1

9-31

h60.0

w85.0

/sdcard/20160907072024.png

INSTRUMENTATION_STATUS: numtests=1

INSTRUMENTATION_STATUS: stream=.

INSTRUMENTATION_STATUS: id=UiAutomatorTestRunner

INSTRUMENTATION_STATUS: test=testA

INSTRUMENTATION_STATUS: class=one.test.test3

INSTRUMENTATION_STATUS: current=1

INSTRUMENTATION_STATUS_CODE: 0

INSTRUMENTATION_STATUS: stream=

Test results for WatcherResultPrinter=.

Time: 0.142



OK (1 test)





INSTRUMENTATION_STATUS_CODE: -1

Updated file D:\soft\workspace\workspace\AppSioeye\build.xml
Buildfile: D:\soft\workspace\workspace\AppSioeye\build.xml

-check-env:
 [checkenv] Android SDK Tools Revision 24.0.2
 [checkenv] Installed at D:\soft\adt-bundle-windows-x86_64-20130219\sdk

-build-setup:
[getbuildtools] Using latest Build Tools: 23.0.2
     [echo] Resolving Build Target for AppSioeye...
[getuitarget] Project Target:   Android 6.0
[getuitarget] API level:        23
     [echo] ----------
     [echo] Creating output directories if needed...

-pre-compile:

compile:
    [javac] Compiling 1 source file to D:\soft\workspace\workspace\AppSioeye\bin\classes

-post-compile:

-dex:
      [dex] input: D:\soft\workspace\workspace\AppSioeye\bin\classes
      [dex] Found Deleted Target File
      [dex] Converting compiled files and external libraries into D:\soft\workspace\workspace\AppSioeye\bin\classes.dex...

-post-dex:

-jar:
      [jar] Building jar: D:\soft\workspace\workspace\AppSioeye\bin\AppSioeye.jar

-post-jar:

build:

BUILD SUCCESSFUL
Total time: 15 seconds
[100%] /data/local/tmp/AppSioeye.jar
INSTRUMENTATION_STATUS: numtests=1

INSTRUMENTATION_STATUS: stream=

one.test.test3:

INSTRUMENTATION_STATUS: id=UiAutomatorTestRunner

INSTRUMENTATION_STATUS: test=testA

INSTRUMENTATION_STATUS: class=one.test.test3

INSTRUMENTATION_STATUS: current=1

INSTRUMENTATION_STATUS_CODE: 1

9-31

h85.0

w60.0

/sdcard/20160907072508.png

INSTRUMENTATION_STATUS: numtests=1

INSTRUMENTATION_STATUS: stream=.

INSTRUMENTATION_STATUS: id=UiAutomatorTestRunner

INSTRUMENTATION_STATUS: test=testA

INSTRUMENTATION_STATUS: class=one.test.test3

INSTRUMENTATION_STATUS: current=1

INSTRUMENTATION_STATUS_CODE: 0

INSTRUMENTATION_STATUS: stream=

Test results for WatcherResultPrinter=.

Time: 0.549



OK (1 test)





INSTRUMENTATION_STATUS_CODE: -1

Updated file D:\soft\workspace\workspace\AppSioeye\build.xml
Buildfile: D:\soft\workspace\workspace\AppSioeye\build.xml

-check-env:
 [checkenv] Android SDK Tools Revision 24.0.2
 [checkenv] Installed at D:\soft\adt-bundle-windows-x86_64-20130219\sdk

-build-setup:
[getbuildtools] Using latest Build Tools: 23.0.2
     [echo] Resolving Build Target for AppSioeye...
[getuitarget] Project Target:   Android 6.0
[getuitarget] API level:        23
     [echo] ----------
     [echo] Creating output directories if needed...

-pre-compile:

compile:
    [javac] Compiling 1 source file to D:\soft\workspace\workspace\AppSioeye\bin\classes

-post-compile:

-dex:
      [dex] input: D:\soft\workspace\workspace\AppSioeye\bin\classes
      [dex] Found Deleted Target File
      [dex] Converting compiled files and external libraries into D:\soft\workspace\workspace\AppSioeye\bin\classes.dex...

-post-dex:

-jar:
      [jar] Building jar: D:\soft\workspace\workspace\AppSioeye\bin\AppSioeye.jar

-post-jar:

build:

BUILD SUCCESSFUL
Total time: 3 seconds
[100%] /data/local/tmp/AppSioeye.jar
INSTRUMENTATION_STATUS: numtests=1

INSTRUMENTATION_STATUS: stream=

one.test.test3:

INSTRUMENTATION_STATUS: id=UiAutomatorTestRunner

INSTRUMENTATION_STATUS: test=testA

INSTRUMENTATION_STATUS: class=one.test.test3

INSTRUMENTATION_STATUS: current=1

INSTRUMENTATION_STATUS_CODE: 1

238-45

h65.0

w32.0

/sdcard/20160907073346.png

INSTRUMENTATION_STATUS: numtests=1

INSTRUMENTATION_STATUS: stream=.

INSTRUMENTATION_STATUS: id=UiAutomatorTestRunner

INSTRUMENTATION_STATUS: test=testA

INSTRUMENTATION_STATUS: class=one.test.test3

INSTRUMENTATION_STATUS: current=1

INSTRUMENTATION_STATUS_CODE: 0

INSTRUMENTATION_STATUS: stream=

Test results for WatcherResultPrinter=.

Time: 0.139



OK (1 test)





INSTRUMENTATION_STATUS_CODE: -1

Updated file D:\soft\workspace\workspace\AppSioeye\build.xml
Buildfile: D:\soft\workspace\workspace\AppSioeye\build.xml

-check-env:
 [checkenv] Android SDK Tools Revision 24.0.2
 [checkenv] Installed at D:\soft\adt-bundle-windows-x86_64-20130219\sdk

-build-setup:
[getbuildtools] Using latest Build Tools: 23.0.2
     [echo] Resolving Build Target for AppSioeye...
[getuitarget] Project Target:   Android 6.0
[getuitarget] API level:        23
     [echo] ----------
     [echo] Creating output directories if needed...

-pre-compile:

compile:
    [javac] Compiling 1 source file to D:\soft\workspace\workspace\AppSioeye\bin\classes

-post-compile:

-dex:
      [dex] input: D:\soft\workspace\workspace\AppSioeye\bin\classes
      [dex] Found Deleted Target File
      [dex] Converting compiled files and external libraries into D:\soft\workspace\workspace\AppSioeye\bin\classes.dex...

-post-dex:

-jar:
      [jar] Building jar: D:\soft\workspace\workspace\AppSioeye\bin\AppSioeye.jar

-post-jar:

build:

BUILD SUCCESSFUL
Total time: 15 seconds
[100%] /data/local/tmp/AppSioeye.jar
INSTRUMENTATION_STATUS: numtests=1

INSTRUMENTATION_STATUS: stream=

one.test.test3:

INSTRUMENTATION_STATUS: id=UiAutomatorTestRunner

INSTRUMENTATION_STATUS: test=testA

INSTRUMENTATION_STATUS: class=one.test.test3

INSTRUMENTATION_STATUS: current=1

INSTRUMENTATION_STATUS_CODE: 1

238-45

h65.0

w32.0

/sdcard/20160907074420.png

INSTRUMENTATION_STATUS: numtests=1

INSTRUMENTATION_STATUS: stream=

Error in testA:

java.lang.IllegalArgumentException: x must be < bitmap.width()

	at android.graphics.Bitmap.checkPixelAccess(Bitmap.java:1400)

	at android.graphics.Bitmap.getPixel(Bitmap.java:1352)

	at one.test.test3.getColorPicel(test3.java:96)

	at one.test.test3.testA(test3.java:109)

	at com.android.uiautomator.testrunner.UiAutomatorTestRunner.start(UiAutomatorTestRunner.java:161)

	at com.android.uiautomator.testrunner.UiAutomatorTestRunner.run(UiAutomatorTestRunner.java:96)

	at com.android.commands.uiautomator.RunTestCommand.run(RunTestCommand.java:91)

	at com.android.commands.uiautomator.Launcher.main(Launcher.java:83)

	at com.android.internal.os.RuntimeInit.nativeFinishInit(Native Method)

	at com.android.internal.os.RuntimeInit.main(RuntimeInit.java:276)



INSTRUMENTATION_STATUS: id=UiAutomatorTestRunner

INSTRUMENTATION_STATUS: test=testA

INSTRUMENTATION_STATUS: class=one.test.test3

INSTRUMENTATION_STATUS: stack=java.lang.IllegalArgumentException: x must be < bitmap.width()

	at android.graphics.Bitmap.checkPixelAccess(Bitmap.java:1400)

	at android.graphics.Bitmap.getPixel(Bitmap.java:1352)

	at one.test.test3.getColorPicel(test3.java:96)

	at one.test.test3.testA(test3.java:109)

	at com.android.uiautomator.testrunner.UiAutomatorTestRunner.start(UiAutomatorTestRunner.java:161)

	at com.android.uiautomator.testrunner.UiAutomatorTestRunner.run(UiAutomatorTestRunner.java:96)

	at com.android.commands.uiautomator.RunTestCommand.run(RunTestCommand.java:91)

	at com.android.commands.uiautomator.Launcher.main(Launcher.java:83)

	at com.android.internal.os.RuntimeInit.nativeFinishInit(Native Method)

	at com.android.internal.os.RuntimeInit.main(RuntimeInit.java:276)



INSTRUMENTATION_STATUS: current=1

INSTRUMENTATION_STATUS_CODE: -1

INSTRUMENTATION_STATUS: stream=

Test results for WatcherResultPrinter=.E

Time: 0.146



FAILURES!!!

Tests run: 1,  Failures: 0,  Errors: 1





INSTRUMENTATION_STATUS_CODE: -1

Updated file D:\soft\workspace\workspace\AppSioeye\build.xml
Buildfile: D:\soft\workspace\workspace\AppSioeye\build.xml

-check-env:
 [checkenv] Android SDK Tools Revision 24.0.2
 [checkenv] Installed at D:\soft\adt-bundle-windows-x86_64-20130219\sdk

-build-setup:
[getbuildtools] Using latest Build Tools: 23.0.2
     [echo] Resolving Build Target for AppSioeye...
[getuitarget] Project Target:   Android 6.0
[getuitarget] API level:        23
     [echo] ----------
     [echo] Creating output directories if needed...

-pre-compile:

compile:
    [javac] Compiling 1 source file to D:\soft\workspace\workspace\AppSioeye\bin\classes

-post-compile:

-dex:
      [dex] input: D:\soft\workspace\workspace\AppSioeye\bin\classes
      [dex] Found Deleted Target File
      [dex] Converting compiled files and external libraries into D:\soft\workspace\workspace\AppSioeye\bin\classes.dex...

-post-dex:

-jar:
      [jar] Building jar: D:\soft\workspace\workspace\AppSioeye\bin\AppSioeye.jar

-post-jar:

build:

BUILD SUCCESSFUL
Total time: 14 seconds
[100%] /data/local/tmp/AppSioeye.jar
INSTRUMENTATION_STATUS: numtests=1

INSTRUMENTATION_STATUS: stream=

one.test.test3:

INSTRUMENTATION_STATUS: id=UiAutomatorTestRunner

INSTRUMENTATION_STATUS: test=testA

INSTRUMENTATION_STATUS: class=one.test.test3

INSTRUMENTATION_STATUS: current=1

INSTRUMENTATION_STATUS_CODE: 1

238-45

h65.0

w32.0

/sdcard/20160907074524.png

INSTRUMENTATION_STATUS: numtests=1

INSTRUMENTATION_STATUS: stream=

Error in testA:

java.lang.IllegalArgumentException: y must be < bitmap.height()

	at android.graphics.Bitmap.checkPixelAccess(Bitmap.java:1403)

	at android.graphics.Bitmap.getPixel(Bitmap.java:1352)

	at one.test.test3.getColorPicel(test3.java:96)

	at one.test.test3.testA(test3.java:109)

	at com.android.uiautomator.testrunner.UiAutomatorTestRunner.start(UiAutomatorTestRunner.java:161)

	at com.android.uiautomator.testrunner.UiAutomatorTestRunner.run(UiAutomatorTestRunner.java:96)

	at com.android.commands.uiautomator.RunTestCommand.run(RunTestCommand.java:91)

	at com.android.commands.uiautomator.Launcher.main(Launcher.java:83)

	at com.android.internal.os.RuntimeInit.nativeFinishInit(Native Method)

	at com.android.internal.os.RuntimeInit.main(RuntimeInit.java:276)



INSTRUMENTATION_STATUS: id=UiAutomatorTestRunner

INSTRUMENTATION_STATUS: test=testA

INSTRUMENTATION_STATUS: class=one.test.test3

INSTRUMENTATION_STATUS: stack=java.lang.IllegalArgumentException: y must be < bitmap.height()

	at android.graphics.Bitmap.checkPixelAccess(Bitmap.java:1403)

	at android.graphics.Bitmap.getPixel(Bitmap.java:1352)

	at one.test.test3.getColorPicel(test3.java:96)

	at one.test.test3.testA(test3.java:109)

	at com.android.uiautomator.testrunner.UiAutomatorTestRunner.start(UiAutomatorTestRunner.java:161)

	at com.android.uiautomator.testrunner.UiAutomatorTestRunner.run(UiAutomatorTestRunner.java:96)

	at com.android.commands.uiautomator.RunTestCommand.run(RunTestCommand.java:91)

	at com.android.commands.uiautomator.Launcher.main(Launcher.java:83)

	at com.android.internal.os.RuntimeInit.nativeFinishInit(Native Method)

	at com.android.internal.os.RuntimeInit.main(RuntimeInit.java:276)



INSTRUMENTATION_STATUS: current=1

INSTRUMENTATION_STATUS_CODE: -1

INSTRUMENTATION_STATUS: stream=

Test results for WatcherResultPrinter=.E

Time: 0.145



FAILURES!!!

Tests run: 1,  Failures: 0,  Errors: 1





INSTRUMENTATION_STATUS_CODE: -1

Updated file D:\soft\workspace\workspace\AppSioeye\build.xml
Buildfile: D:\soft\workspace\workspace\AppSioeye\build.xml

-check-env:
 [checkenv] Android SDK Tools Revision 24.0.2
 [checkenv] Installed at D:\soft\adt-bundle-windows-x86_64-20130219\sdk

-build-setup:
[getbuildtools] Using latest Build Tools: 23.0.2
     [echo] Resolving Build Target for AppSioeye...
[getuitarget] Project Target:   Android 6.0
[getuitarget] API level:        23
     [echo] ----------
     [echo] Creating output directories if needed...

-pre-compile:

compile:
    [javac] Compiling 1 source file to D:\soft\workspace\workspace\AppSioeye\bin\classes

-post-compile:

-dex:
      [dex] input: D:\soft\workspace\workspace\AppSioeye\bin\classes
      [dex] Found Deleted Target File
      [dex] Converting compiled files and external libraries into D:\soft\workspace\workspace\AppSioeye\bin\classes.dex...

-post-dex:

-jar:
      [jar] Building jar: D:\soft\workspace\workspace\AppSioeye\bin\AppSioeye.jar

-post-jar:

build:

BUILD SUCCESSFUL
Total time: 15 seconds
[100%] /data/local/tmp/AppSioeye.jar
INSTRUMENTATION_STATUS: numtests=1

INSTRUMENTATION_STATUS: stream=

one.test.test3:

INSTRUMENTATION_STATUS: id=UiAutomatorTestRunner

INSTRUMENTATION_STATUS: test=testA

INSTRUMENTATION_STATUS: class=one.test.test3

INSTRUMENTATION_STATUS: current=1

INSTRUMENTATION_STATUS_CODE: 1

238-45

h65.0

w32.0

/sdcard/20160907074647.png

color is --12829108

INSTRUMENTATION_STATUS: numtests=1

INSTRUMENTATION_STATUS: stream=.

INSTRUMENTATION_STATUS: id=UiAutomatorTestRunner

INSTRUMENTATION_STATUS: test=testA

INSTRUMENTATION_STATUS: class=one.test.test3

INSTRUMENTATION_STATUS: current=1

INSTRUMENTATION_STATUS_CODE: 0

INSTRUMENTATION_STATUS: stream=

Test results for WatcherResultPrinter=.

Time: 0.146



OK (1 test)





INSTRUMENTATION_STATUS_CODE: -1

Updated file D:\soft\workspace\workspace\AppSioeye\build.xml
Buildfile: D:\soft\workspace\workspace\AppSioeye\build.xml

-check-env:
 [checkenv] Android SDK Tools Revision 24.0.2
 [checkenv] Installed at D:\soft\adt-bundle-windows-x86_64-20130219\sdk

-build-setup:
[getbuildtools] Using latest Build Tools: 23.0.2
     [echo] Resolving Build Target for AppSioeye...
[getuitarget] Project Target:   Android 6.0
[getuitarget] API level:        23
     [echo] ----------
     [echo] Creating output directories if needed...

-pre-compile:

compile:

-post-compile:

-dex:
      [dex] input: D:\soft\workspace\workspace\AppSioeye\bin\classes
      [dex] Found Deleted Target File
      [dex] Converting compiled files and external libraries into D:\soft\workspace\workspace\AppSioeye\bin\classes.dex...

-post-dex:

-jar:
      [jar] Building jar: D:\soft\workspace\workspace\AppSioeye\bin\AppSioeye.jar

-post-jar:

build:

BUILD SUCCESSFUL
Total time: 15 seconds
[100%] /data/local/tmp/AppSioeye.jar
INSTRUMENTATION_STATUS: numtests=1

INSTRUMENTATION_STATUS: stream=

one.test.test3:

INSTRUMENTATION_STATUS: id=UiAutomatorTestRunner

INSTRUMENTATION_STATUS: test=testA

INSTRUMENTATION_STATUS: class=one.test.test3

INSTRUMENTATION_STATUS: current=1

INSTRUMENTATION_STATUS_CODE: 1

238-45

h65.0

w32.0

/sdcard/20160907074735.png

color is --8486256

INSTRUMENTATION_STATUS: numtests=1

INSTRUMENTATION_STATUS: stream=.

INSTRUMENTATION_STATUS: id=UiAutomatorTestRunner

INSTRUMENTATION_STATUS: test=testA

INSTRUMENTATION_STATUS: class=one.test.test3

INSTRUMENTATION_STATUS: current=1

INSTRUMENTATION_STATUS_CODE: 0

INSTRUMENTATION_STATUS: stream=

Test results for WatcherResultPrinter=.

Time: 0.203



OK (1 test)





INSTRUMENTATION_STATUS_CODE: -1

Updated file D:\soft\workspace\workspace\AppSioeye\build.xml
Buildfile: D:\soft\workspace\workspace\AppSioeye\build.xml

-check-env:
 [checkenv] Android SDK Tools Revision 24.0.2
 [checkenv] Installed at D:\soft\adt-bundle-windows-x86_64-20130219\sdk

-build-setup:
[getbuildtools] Using latest Build Tools: 23.0.2
     [echo] Resolving Build Target for AppSioeye...
[getuitarget] Project Target:   Android 6.0
[getuitarget] API level:        23
     [echo] ----------
     [echo] Creating output directories if needed...

-pre-compile:

compile:

-post-compile:

-dex:
      [dex] input: D:\soft\workspace\workspace\AppSioeye\bin\classes
      [dex] Found Deleted Target File
      [dex] Converting compiled files and external libraries into D:\soft\workspace\workspace\AppSioeye\bin\classes.dex...

-post-dex:

-jar:
      [jar] Building jar: D:\soft\workspace\workspace\AppSioeye\bin\AppSioeye.jar

-post-jar:

build:

BUILD SUCCESSFUL
Total time: 15 seconds
[100%] /data/local/tmp/AppSioeye.jar
INSTRUMENTATION_STATUS: numtests=1

INSTRUMENTATION_STATUS: stream=

one.test.test3:

INSTRUMENTATION_STATUS: id=UiAutomatorTestRunner

INSTRUMENTATION_STATUS: test=testA

INSTRUMENTATION_STATUS: class=one.test.test3

INSTRUMENTATION_STATUS: current=1

INSTRUMENTATION_STATUS_CODE: 1

238-45

h65.0

w32.0

/sdcard/20160907074823.png

color is --16710895

INSTRUMENTATION_STATUS: numtests=1

INSTRUMENTATION_STATUS: stream=.

INSTRUMENTATION_STATUS: id=UiAutomatorTestRunner

INSTRUMENTATION_STATUS: test=testA

INSTRUMENTATION_STATUS: class=one.test.test3

INSTRUMENTATION_STATUS: current=1

INSTRUMENTATION_STATUS_CODE: 0

INSTRUMENTATION_STATUS: stream=

Test results for WatcherResultPrinter=.

Time: 0.12



OK (1 test)





INSTRUMENTATION_STATUS_CODE: -1

Updated file D:\soft\workspace\workspace\AppSioeye\build.xml
Buildfile: D:\soft\workspace\workspace\AppSioeye\build.xml

-check-env:
 [checkenv] Android SDK Tools Revision 24.0.2
 [checkenv] Installed at D:\soft\adt-bundle-windows-x86_64-20130219\sdk

-build-setup:
[getbuildtools] Using latest Build Tools: 23.0.2
     [echo] Resolving Build Target for AppSioeye...
[getuitarget] Project Target:   Android 6.0
[getuitarget] API level:        23
     [echo] ----------
     [echo] Creating output directories if needed...

-pre-compile:

compile:
    [javac] Compiling 1 source file to D:\soft\workspace\workspace\AppSioeye\bin\classes

-post-compile:

-dex:
      [dex] input: D:\soft\workspace\workspace\AppSioeye\bin\classes
      [dex] Found Deleted Target File
      [dex] Converting compiled files and external libraries into D:\soft\workspace\workspace\AppSioeye\bin\classes.dex...

-post-dex:

-jar:
      [jar] Building jar: D:\soft\workspace\workspace\AppSioeye\bin\AppSioeye.jar

-post-jar:

build:

BUILD SUCCESSFUL
Total time: 14 seconds
[100%] /data/local/tmp/AppSioeye.jar
INSTRUMENTATION_STATUS: numtests=1

INSTRUMENTATION_STATUS: stream=

one.test.test3:

INSTRUMENTATION_STATUS: id=UiAutomatorTestRunner

INSTRUMENTATION_STATUS: test=testA

INSTRUMENTATION_STATUS: class=one.test.test3

INSTRUMENTATION_STATUS: current=1

INSTRUMENTATION_STATUS_CODE: 1

/storage/emulated/0

238-45

h65.0

w32.0

/sdcard/20160907083840.png

color is --10138345

INSTRUMENTATION_STATUS: numtests=1

INSTRUMENTATION_STATUS: stream=.

INSTRUMENTATION_STATUS: id=UiAutomatorTestRunner

INSTRUMENTATION_STATUS: test=testA

INSTRUMENTATION_STATUS: class=one.test.test3

INSTRUMENTATION_STATUS: current=1

INSTRUMENTATION_STATUS_CODE: 0

INSTRUMENTATION_STATUS: stream=

Test results for WatcherResultPrinter=.

Time: 0.198



OK (1 test)





INSTRUMENTATION_STATUS_CODE: -1

Updated file D:\soft\workspace\workspace\AppSioeye\build.xml
Buildfile: D:\soft\workspace\workspace\AppSioeye\build.xml

-check-env:
 [checkenv] Android SDK Tools Revision 24.0.2
 [checkenv] Installed at D:\soft\adt-bundle-windows-x86_64-20130219\sdk

-build-setup:
[getbuildtools] Using latest Build Tools: 23.0.2
     [echo] Resolving Build Target for AppSioeye...
[getuitarget] Project Target:   Android 6.0
[getuitarget] API level:        23
     [echo] ----------
     [echo] Creating output directories if needed...
    [mkdir] Created dir: D:\soft\workspace\workspace\AppSioeye\bin\classes

-pre-compile:

compile:
    [javac] Compiling 43 source files to D:\soft\workspace\workspace\AppSioeye\bin\classes

-post-compile:

-dex:
      [dex] input: D:\soft\workspace\workspace\AppSioeye\bin\classes
      [dex] Converting compiled files and external libraries into D:\soft\workspace\workspace\AppSioeye\bin\classes.dex...

-post-dex:

-jar:
      [jar] Building jar: D:\soft\workspace\workspace\AppSioeye\bin\AppSioeye.jar

-post-jar:

build:

BUILD SUCCESSFUL
Total time: 4 seconds
[100%] /data/local/tmp/AppSioeye.jar
INSTRUMENTATION_RESULT: shortMsg=java.lang.RuntimeException

INSTRUMENTATION_RESULT: longMsg=Didn't find class "one.hardware.Testcase" on path: DexPathList[[zip file "/system/framework/android.test.runner.jar", zip file "/system/framework/uiautomator.jar", zip file "/data/local/tmp/AppSioeye.jar"],nativeLibraryDirectories=[/vendor/lib64, /system/lib64]]

INSTRUMENTATION_CODE: 0

Updated file D:\soft\workspace\workspace\AppSioeye\build.xml
Buildfile: D:\soft\workspace\workspace\AppSioeye\build.xml

-check-env:
 [checkenv] Android SDK Tools Revision 24.0.2
 [checkenv] Installed at D:\soft\adt-bundle-windows-x86_64-20130219\sdk

-build-setup:
[getbuildtools] Using latest Build Tools: 23.0.2
     [echo] Resolving Build Target for AppSioeye...
[getuitarget] Project Target:   Android 6.0
[getuitarget] API level:        23
     [echo] ----------
     [echo] Creating output directories if needed...

-pre-compile:

compile:
    [javac] Compiling 1 source file to D:\soft\workspace\workspace\AppSioeye\bin\classes

-post-compile:

-dex:
      [dex] input: D:\soft\workspace\workspace\AppSioeye\bin\classes
      [dex] Found Deleted Target File
      [dex] Converting compiled files and external libraries into D:\soft\workspace\workspace\AppSioeye\bin\classes.dex...

-post-dex:

-jar:
      [jar] Building jar: D:\soft\workspace\workspace\AppSioeye\bin\AppSioeye.jar

-post-jar:

build:

BUILD SUCCESSFUL
Total time: 14 seconds
[100%] /data/local/tmp/AppSioeye.jar
INSTRUMENTATION_STATUS: numtests=1

INSTRUMENTATION_STATUS: stream=

one.hardware.Testcase.SettingCase:

INSTRUMENTATION_STATUS: id=UiAutomatorTestRunner

INSTRUMENTATION_STATUS: test=testSetDisplayTimeNever

INSTRUMENTATION_STATUS: class=one.hardware.Testcase.SettingCase

INSTRUMENTATION_STATUS: current=1

INSTRUMENTATION_STATUS_CODE: 1

INSTRUMENTATION_STATUS: numtests=1

INSTRUMENTATION_STATUS: stream=.

INSTRUMENTATION_STATUS: id=UiAutomatorTestRunner

INSTRUMENTATION_STATUS: test=testSetDisplayTimeNever

INSTRUMENTATION_STATUS: class=one.hardware.Testcase.SettingCase

INSTRUMENTATION_STATUS: current=1

INSTRUMENTATION_STATUS_CODE: 0

INSTRUMENTATION_STATUS: stream=

Test results for WatcherResultPrinter=.

Time: 1.695



OK (1 test)





INSTRUMENTATION_STATUS_CODE: -1

Updated file D:\soft\workspace\workspace\AppSioeye\build.xml
Buildfile: D:\soft\workspace\workspace\AppSioeye\build.xml

-check-env:
 [checkenv] Android SDK Tools Revision 24.0.2
 [checkenv] Installed at D:\soft\adt-bundle-windows-x86_64-20130219\sdk

-build-setup:
[getbuildtools] Using latest Build Tools: 23.0.2
     [echo] Resolving Build Target for AppSioeye...
[getuitarget] Project Target:   Android 6.0
[getuitarget] API level:        23
     [echo] ----------
     [echo] Creating output directories if needed...

-pre-compile:

compile:
    [javac] Compiling 1 source file to D:\soft\workspace\workspace\AppSioeye\bin\classes

-post-compile:

-dex:
      [dex] input: D:\soft\workspace\workspace\AppSioeye\bin\classes
      [dex] Found Deleted Target File
      [dex] Converting compiled files and external libraries into D:\soft\workspace\workspace\AppSioeye\bin\classes.dex...

-post-dex:

-jar:
      [jar] Building jar: D:\soft\workspace\workspace\AppSioeye\bin\AppSioeye.jar

-post-jar:

build:

BUILD SUCCESSFUL
Total time: 14 seconds
[100%] /data/local/tmp/AppSioeye.jar
INSTRUMENTATION_STATUS: numtests=1

INSTRUMENTATION_STATUS: stream=

one.hardware.Testcase.SettingCase:

INSTRUMENTATION_STATUS: id=UiAutomatorTestRunner

INSTRUMENTATION_STATUS: test=testSetDisplayTimeNever

INSTRUMENTATION_STATUS: class=one.hardware.Testcase.SettingCase

INSTRUMENTATION_STATUS: current=1

INSTRUMENTATION_STATUS_CODE: 1

INSTRUMENTATION_STATUS: numtests=1

INSTRUMENTATION_STATUS: stream=

Error in testSetDisplayTimeNever:

java.lang.NullPointerException: Attempt to invoke virtual method 'void one.hardware.Util.Common.clickViewById(java.lang.String)' on a null object reference

	at one.hardware.Testcase.SettingCase.testSetDisplayTimeNever(SettingCase.java:10)

	at com.android.uiautomator.testrunner.UiAutomatorTestRunner.start(UiAutomatorTestRunner.java:161)

	at com.android.uiautomator.testrunner.UiAutomatorTestRunner.run(UiAutomatorTestRunner.java:96)

	at com.android.commands.uiautomator.RunTestCommand.run(RunTestCommand.java:91)

	at com.android.commands.uiautomator.Launcher.main(Launcher.java:83)

	at com.android.internal.os.RuntimeInit.nativeFinishInit(Native Method)

	at com.android.internal.os.RuntimeInit.main(RuntimeInit.java:276)



INSTRUMENTATION_STATUS: id=UiAutomatorTestRunner

INSTRUMENTATION_STATUS: test=testSetDisplayTimeNever

INSTRUMENTATION_STATUS: class=one.hardware.Testcase.SettingCase

INSTRUMENTATION_STATUS: stack=java.lang.NullPointerException: Attempt to invoke virtual method 'void one.hardware.Util.Common.clickViewById(java.lang.String)' on a null object reference

	at one.hardware.Testcase.SettingCase.testSetDisplayTimeNever(SettingCase.java:10)

	at com.android.uiautomator.testrunner.UiAutomatorTestRunner.start(UiAutomatorTestRunner.java:161)

	at com.android.uiautomator.testrunner.UiAutomatorTestRunner.run(UiAutomatorTestRunner.java:96)

	at com.android.commands.uiautomator.RunTestCommand.run(RunTestCommand.java:91)

	at com.android.commands.uiautomator.Launcher.main(Launcher.java:83)

	at com.android.internal.os.RuntimeInit.nativeFinishInit(Native Method)

	at com.android.internal.os.RuntimeInit.main(RuntimeInit.java:276)



INSTRUMENTATION_STATUS: current=1

INSTRUMENTATION_STATUS_CODE: -1

INSTRUMENTATION_STATUS: stream=

Test results for WatcherResultPrinter=.E

Time: 1.65



FAILURES!!!

Tests run: 1,  Failures: 0,  Errors: 1





INSTRUMENTATION_STATUS_CODE: -1

Updated file D:\soft\workspace\workspace\AppSioeye\build.xml
Buildfile: D:\soft\workspace\workspace\AppSioeye\build.xml

-check-env:
 [checkenv] Android SDK Tools Revision 24.0.2
 [checkenv] Installed at D:\soft\adt-bundle-windows-x86_64-20130219\sdk

-build-setup:
[getbuildtools] Using latest Build Tools: 23.0.2
     [echo] Resolving Build Target for AppSioeye...
[getuitarget] Project Target:   Android 6.0
[getuitarget] API level:        23
     [echo] ----------
     [echo] Creating output directories if needed...

-pre-compile:

compile:
    [javac] Compiling 1 source file to D:\soft\workspace\workspace\AppSioeye\bin\classes

-post-compile:

-dex:
      [dex] input: D:\soft\workspace\workspace\AppSioeye\bin\classes
      [dex] Found Deleted Target File
      [dex] Converting compiled files and external libraries into D:\soft\workspace\workspace\AppSioeye\bin\classes.dex...

-post-dex:

-jar:
      [jar] Building jar: D:\soft\workspace\workspace\AppSioeye\bin\AppSioeye.jar

-post-jar:

build:

BUILD SUCCESSFUL
Total time: 14 seconds
[100%] /data/local/tmp/AppSioeye.jar
INSTRUMENTATION_STATUS: numtests=1

INSTRUMENTATION_STATUS: stream=

one.hardware.Testcase.SettingCase:

INSTRUMENTATION_STATUS: id=UiAutomatorTestRunner

INSTRUMENTATION_STATUS: test=testSetDisplayTimeNever

INSTRUMENTATION_STATUS: class=one.hardware.Testcase.SettingCase

INSTRUMENTATION_STATUS: current=1

INSTRUMENTATION_STATUS_CODE: 1

INSTRUMENTATION_STATUS: numtests=1

INSTRUMENTATION_STATUS: stream=

Error in testSetDisplayTimeNever:

java.lang.NullPointerException: Attempt to invoke virtual method 'void one.hardware.Util.Common.clickViewByText(java.lang.String)' on a null object reference

	at one.hardware.Testcase.SettingCase.testSetDisplayTimeNever(SettingCase.java:10)

	at com.android.uiautomator.testrunner.UiAutomatorTestRunner.start(UiAutomatorTestRunner.java:161)

	at com.android.uiautomator.testrunner.UiAutomatorTestRunner.run(UiAutomatorTestRunner.java:96)

	at com.android.commands.uiautomator.RunTestCommand.run(RunTestCommand.java:91)

	at com.android.commands.uiautomator.Launcher.main(Launcher.java:83)

	at com.android.internal.os.RuntimeInit.nativeFinishInit(Native Method)

	at com.android.internal.os.RuntimeInit.main(RuntimeInit.java:276)



INSTRUMENTATION_STATUS: id=UiAutomatorTestRunner

INSTRUMENTATION_STATUS: test=testSetDisplayTimeNever

INSTRUMENTATION_STATUS: class=one.hardware.Testcase.SettingCase

INSTRUMENTATION_STATUS: stack=java.lang.NullPointerException: Attempt to invoke virtual method 'void one.hardware.Util.Common.clickViewByText(java.lang.String)' on a null object reference

	at one.hardware.Testcase.SettingCase.testSetDisplayTimeNever(SettingCase.java:10)

	at com.android.uiautomator.testrunner.UiAutomatorTestRunner.start(UiAutomatorTestRunner.java:161)

	at com.android.uiautomator.testrunner.UiAutomatorTestRunner.run(UiAutomatorTestRunner.java:96)

	at com.android.commands.uiautomator.RunTestCommand.run(RunTestCommand.java:91)

	at com.android.commands.uiautomator.Launcher.main(Launcher.java:83)

	at com.android.internal.os.RuntimeInit.nativeFinishInit(Native Method)

	at com.android.internal.os.RuntimeInit.main(RuntimeInit.java:276)



INSTRUMENTATION_STATUS: current=1

INSTRUMENTATION_STATUS_CODE: -1

INSTRUMENTATION_STATUS: stream=

Test results for WatcherResultPrinter=.E

Time: 1.675



FAILURES!!!

Tests run: 1,  Failures: 0,  Errors: 1





INSTRUMENTATION_STATUS_CODE: -1

Updated file D:\soft\workspace\workspace\AppSioeye\build.xml
Buildfile: D:\soft\workspace\workspace\AppSioeye\build.xml

-check-env:
 [checkenv] Android SDK Tools Revision 24.0.2
 [checkenv] Installed at D:\soft\adt-bundle-windows-x86_64-20130219\sdk

-build-setup:
[getbuildtools] Using latest Build Tools: 23.0.2
     [echo] Resolving Build Target for AppSioeye...
[getuitarget] Project Target:   Android 6.0
[getuitarget] API level:        23
     [echo] ----------
     [echo] Creating output directories if needed...

-pre-compile:

compile:
    [javac] Compiling 1 source file to D:\soft\workspace\workspace\AppSioeye\bin\classes

-post-compile:

-dex:
      [dex] input: D:\soft\workspace\workspace\AppSioeye\bin\classes
      [dex] Found Deleted Target File
      [dex] Converting compiled files and external libraries into D:\soft\workspace\workspace\AppSioeye\bin\classes.dex...

-post-dex:

-jar:
      [jar] Building jar: D:\soft\workspace\workspace\AppSioeye\bin\AppSioeye.jar

-post-jar:

build:

BUILD SUCCESSFUL
Total time: 14 seconds
[100%] /data/local/tmp/AppSioeye.jar
INSTRUMENTATION_STATUS: numtests=1

INSTRUMENTATION_STATUS: stream=

one.hardware.Testcase.SettingCase:

INSTRUMENTATION_STATUS: id=UiAutomatorTestRunner

INSTRUMENTATION_STATUS: test=testSetDisplayTimeNever

INSTRUMENTATION_STATUS: class=one.hardware.Testcase.SettingCase

INSTRUMENTATION_STATUS: current=1

INSTRUMENTATION_STATUS_CODE: 1

INSTRUMENTATION_STATUS: numtests=1

INSTRUMENTATION_STATUS: stream=

Error in testSetDisplayTimeNever:

java.lang.NullPointerException: Attempt to invoke virtual method 'void one.hardware.Util.Common.clickViewByText(java.lang.String)' on a null object reference

	at one.hardware.Testcase.SettingCase.testSetDisplayTimeNever(SettingCase.java:11)

	at com.android.uiautomator.testrunner.UiAutomatorTestRunner.start(UiAutomatorTestRunner.java:161)

	at com.android.uiautomator.testrunner.UiAutomatorTestRunner.run(UiAutomatorTestRunner.java:96)

	at com.android.commands.uiautomator.RunTestCommand.run(RunTestCommand.java:91)

	at com.android.commands.uiautomator.Launcher.main(Launcher.java:83)

	at com.android.internal.os.RuntimeInit.nativeFinishInit(Native Method)

	at com.android.internal.os.RuntimeInit.main(RuntimeInit.java:276)



INSTRUMENTATION_STATUS: id=UiAutomatorTestRunner

INSTRUMENTATION_STATUS: test=testSetDisplayTimeNever

INSTRUMENTATION_STATUS: class=one.hardware.Testcase.SettingCase

INSTRUMENTATION_STATUS: stack=java.lang.NullPointerException: Attempt to invoke virtual method 'void one.hardware.Util.Common.clickViewByText(java.lang.String)' on a null object reference

	at one.hardware.Testcase.SettingCase.testSetDisplayTimeNever(SettingCase.java:11)

	at com.android.uiautomator.testrunner.UiAutomatorTestRunner.start(UiAutomatorTestRunner.java:161)

	at com.android.uiautomator.testrunner.UiAutomatorTestRunner.run(UiAutomatorTestRunner.java:96)

	at com.android.commands.uiautomator.RunTestCommand.run(RunTestCommand.java:91)

	at com.android.commands.uiautomator.Launcher.main(Launcher.java:83)

	at com.android.internal.os.RuntimeInit.nativeFinishInit(Native Method)

	at com.android.internal.os.RuntimeInit.main(RuntimeInit.java:276)



INSTRUMENTATION_STATUS: current=1

INSTRUMENTATION_STATUS_CODE: -1

INSTRUMENTATION_STATUS: stream=

Test results for WatcherResultPrinter=.E

Time: 12.148



FAILURES!!!

Tests run: 1,  Failures: 0,  Errors: 1





INSTRUMENTATION_STATUS_CODE: -1

Updated file D:\soft\workspace\workspace\AppSioeye\build.xml
Buildfile: D:\soft\workspace\workspace\AppSioeye\build.xml

-check-env:
 [checkenv] Android SDK Tools Revision 24.0.2
 [checkenv] Installed at D:\soft\adt-bundle-windows-x86_64-20130219\sdk

-build-setup:
[getbuildtools] Using latest Build Tools: 23.0.2
     [echo] Resolving Build Target for AppSioeye...
[getuitarget] Project Target:   Android 6.0
[getuitarget] API level:        23
     [echo] ----------
     [echo] Creating output directories if needed...

-pre-compile:

compile:
    [javac] Compiling 1 source file to D:\soft\workspace\workspace\AppSioeye\bin\classes

-post-compile:

-dex:
      [dex] input: D:\soft\workspace\workspace\AppSioeye\bin\classes
      [dex] Found Deleted Target File
      [dex] Converting compiled files and external libraries into D:\soft\workspace\workspace\AppSioeye\bin\classes.dex...

-post-dex:

-jar:
      [jar] Building jar: D:\soft\workspace\workspace\AppSioeye\bin\AppSioeye.jar

-post-jar:

build:

BUILD SUCCESSFUL
Total time: 14 seconds
[100%] /data/local/tmp/AppSioeye.jar
INSTRUMENTATION_STATUS: numtests=1

INSTRUMENTATION_STATUS: stream=

one.hardware.Testcase.SettingCase:

INSTRUMENTATION_STATUS: id=UiAutomatorTestRunner

INSTRUMENTATION_STATUS: test=testSetDisplayTimeNever

INSTRUMENTATION_STATUS: class=one.hardware.Testcase.SettingCase

INSTRUMENTATION_STATUS: current=1

INSTRUMENTATION_STATUS_CODE: 1

[CktTest-SettingCase-testSetDisplayTimeNever] *****Start to run SettingCase-testSetDisplayTimeNever *****

[CktTest-SettingCase-testSetDisplayTimeNever] 当前package:com.android.launcher3

[CktTest-SettingCase-testSetDisplayTimeNever] 关闭filemanager-Success

[CktTest-SettingCase-testSetDisplayTimeNever] 当前package:com.android.launcher3

[CktTest-SettingCase-testSetDisplayTimeNever] 关闭Camera-Success

[CktTest-SettingCase-testSetDisplayTimeNever] 当前package:com.android.launcher3

[CktTest-SettingCase-testSetDisplayTimeNever] 关闭Gallery-Success

[CktTest-SettingCase-testSetDisplayTimeNever] 截图存储在 /sdcard/CktTest/screen/2016-01-01-00-11-24.png

[CktTest-SettingCase-testSetDisplayTimeNever] <img src="screen/2016-01-01-00-11-24.png" width="320" height="240">

[CktTest-SettingCase-testSetDisplayTimeNever] 发生异常，正在捕获异常

[CktTest-SettingCase-testSetDisplayTimeNever] 开始抓取崩溃日志

[CktTest-SettingCase-testSetDisplayTimeNever] 崩溃日志文件抓取成功-/sdcard/CktTest/screen/Crash_Exception_2016-01-01-00-11-24.txt

[CktTest-SettingCase-testSetDisplayTimeNever] [Fail Reason]: Attempt to get length of null array

[CktTest-SettingCase-testSetDisplayTimeNever] [Test Result]: The Test Case SettingCase-testSetDisplayTimeNever Failed

INSTRUMENTATION_STATUS: numtests=1

INSTRUMENTATION_STATUS: stream=

Failure in testSetDisplayTimeNever:

junit.framework.AssertionFailedError: Case Failed==> Attempt to get length of null array

	at one.hardware.Util.Common.handleException(Common.java:1110)

	at one.hardware.Testcase.SettingCase.testSetDisplayTimeNever(SettingCase.java:31)

	at com.android.uiautomator.testrunner.UiAutomatorTestRunner.start(UiAutomatorTestRunner.java:161)

	at com.android.uiautomator.testrunner.UiAutomatorTestRunner.run(UiAutomatorTestRunner.java:96)

	at com.android.commands.uiautomator.RunTestCommand.run(RunTestCommand.java:91)

	at com.android.commands.uiautomator.Launcher.main(Launcher.java:83)

	at com.android.internal.os.RuntimeInit.nativeFinishInit(Native Method)

	at com.android.internal.os.RuntimeInit.main(RuntimeInit.java:276)



INSTRUMENTATION_STATUS: id=UiAutomatorTestRunner

INSTRUMENTATION_STATUS: test=testSetDisplayTimeNever

INSTRUMENTATION_STATUS: class=one.hardware.Testcase.SettingCase

INSTRUMENTATION_STATUS: stack=junit.framework.AssertionFailedError: Case Failed==> Attempt to get length of null array

	at one.hardware.Util.Common.handleException(Common.java:1110)

	at one.hardware.Testcase.SettingCase.testSetDisplayTimeNever(SettingCase.java:31)

	at com.android.uiautomator.testrunner.UiAutomatorTestRunner.start(UiAutomatorTestRunner.java:161)

	at com.android.uiautomator.testrunner.UiAutomatorTestRunner.run(UiAutomatorTestRunner.java:96)

	at com.android.commands.uiautomator.RunTestCommand.run(RunTestCommand.java:91)

	at com.android.commands.uiautomator.Launcher.main(Launcher.java:83)

	at com.android.internal.os.RuntimeInit.nativeFinishInit(Native Method)

	at com.android.internal.os.RuntimeInit.main(RuntimeInit.java:276)



INSTRUMENTATION_STATUS: current=1

INSTRUMENTATION_STATUS_CODE: -2

INSTRUMENTATION_STATUS: stream=

Test results for WatcherResultPrinter=.F

Time: 52.831



FAILURES!!!

Tests run: 1,  Failures: 1,  Errors: 0





INSTRUMENTATION_STATUS_CODE: -1

Updated file D:\soft\workspace\workspace\AppSioeye\build.xml
Buildfile: D:\soft\workspace\workspace\AppSioeye\build.xml

-check-env:
 [checkenv] Android SDK Tools Revision 24.0.2
 [checkenv] Installed at D:\soft\adt-bundle-windows-x86_64-20130219\sdk

-build-setup:
[getbuildtools] Using latest Build Tools: 23.0.2
     [echo] Resolving Build Target for AppSioeye...
[getuitarget] Project Target:   Android 6.0
[getuitarget] API level:        23
     [echo] ----------
     [echo] Creating output directories if needed...

-pre-compile:

compile:
    [javac] Compiling 2 source files to D:\soft\workspace\workspace\AppSioeye\bin\classes

-post-compile:

-dex:
      [dex] input: D:\soft\workspace\workspace\AppSioeye\bin\classes
      [dex] Found Deleted Target File
      [dex] Converting compiled files and external libraries into D:\soft\workspace\workspace\AppSioeye\bin\classes.dex...

-post-dex:

-jar:
      [jar] Building jar: D:\soft\workspace\workspace\AppSioeye\bin\AppSioeye.jar

-post-jar:

build:

BUILD SUCCESSFUL
Total time: 14 seconds
[100%] /data/local/tmp/AppSioeye.jar
INSTRUMENTATION_STATUS: numtests=1

INSTRUMENTATION_STATUS: stream=

one.hardware.Testcase.SettingCase:

INSTRUMENTATION_STATUS: id=UiAutomatorTestRunner

INSTRUMENTATION_STATUS: test=testSetDisplayTimeNever

INSTRUMENTATION_STATUS: class=one.hardware.Testcase.SettingCase

INSTRUMENTATION_STATUS: current=1

INSTRUMENTATION_STATUS_CODE: 1

[CktTest-SettingCase-testSetDisplayTimeNever] *****Start to run SettingCase-testSetDisplayTimeNever *****

[CktTest-SettingCase-testSetDisplayTimeNever] 当前package:com.android.launcher3

[CktTest-SettingCase-testSetDisplayTimeNever] 关闭filemanager-Success

[CktTest-SettingCase-testSetDisplayTimeNever] 当前package:com.android.launcher3

[CktTest-SettingCase-testSetDisplayTimeNever] 关闭Camera-Success

[CktTest-SettingCase-testSetDisplayTimeNever] 当前package:com.android.settings

[CktTest-SettingCase-testSetDisplayTimeNever] 关闭Gallery-Success

[CktTest-SettingCase-testSetDisplayTimeNever] [Find Object]: Device

[CktTest-SettingCase-testSetDisplayTimeNever] [Scroll Find Object]: Display

[CktTest-SettingCase-testSetDisplayTimeNever] [Find Object]: Display

[CktTest-SettingCase-testSetDisplayTimeNever] [Find Object]: Sleep

[CktTest-SettingCase-testSetDisplayTimeNever] [Scroll Find Object]: Never

[CktTest-SettingCase-testSetDisplayTimeNever] [Find Object]: Never

[CktTest-SettingCase-testSetDisplayTimeNever] *****End to run SettingCase-testSetDisplayTimeNever *****

INSTRUMENTATION_STATUS: numtests=1

INSTRUMENTATION_STATUS: stream=.

INSTRUMENTATION_STATUS: id=UiAutomatorTestRunner

INSTRUMENTATION_STATUS: test=testSetDisplayTimeNever

INSTRUMENTATION_STATUS: class=one.hardware.Testcase.SettingCase

INSTRUMENTATION_STATUS: current=1

INSTRUMENTATION_STATUS_CODE: 0

INSTRUMENTATION_STATUS: stream=

Test results for WatcherResultPrinter=.

Time: 32.303



OK (1 test)





INSTRUMENTATION_STATUS_CODE: -1

Updated file D:\soft\workspace\workspace\AppSioeye\build.xml
Buildfile: D:\soft\workspace\workspace\AppSioeye\build.xml

-check-env:
 [checkenv] Android SDK Tools Revision 24.0.2
 [checkenv] Installed at D:\soft\adt-bundle-windows-x86_64-20130219\sdk

-build-setup:
[getbuildtools] Using latest Build Tools: 23.0.2
     [echo] Resolving Build Target for AppSioeye...
[getuitarget] Project Target:   Android 6.0
[getuitarget] API level:        23
     [echo] ----------
     [echo] Creating output directories if needed...

-pre-compile:

compile:
    [javac] Compiling 1 source file to D:\soft\workspace\workspace\AppSioeye\bin\classes

-post-compile:

-dex:
      [dex] input: D:\soft\workspace\workspace\AppSioeye\bin\classes
      [dex] Found Deleted Target File
      [dex] Converting compiled files and external libraries into D:\soft\workspace\workspace\AppSioeye\bin\classes.dex...

-post-dex:

-jar:
      [jar] Building jar: D:\soft\workspace\workspace\AppSioeye\bin\AppSioeye.jar

-post-jar:

build:

BUILD SUCCESSFUL
Total time: 14 seconds
[100%] /data/local/tmp/AppSioeye.jar
INSTRUMENTATION_STATUS: numtests=1

INSTRUMENTATION_STATUS: stream=

one.hardware.Testcase.SettingCase:

INSTRUMENTATION_STATUS: id=UiAutomatorTestRunner

INSTRUMENTATION_STATUS: test=testSetDisplayTimeNever

INSTRUMENTATION_STATUS: class=one.hardware.Testcase.SettingCase

INSTRUMENTATION_STATUS: current=1

INSTRUMENTATION_STATUS_CODE: 1

[CktTest-SettingCase-testSetDisplayTimeNever] *****Start to run SettingCase-testSetDisplayTimeNever *****

[CktTest-SettingCase-testSetDisplayTimeNever] 当前package:com.android.launcher3

[CktTest-SettingCase-testSetDisplayTimeNever] 关闭filemanager-Success

[CktTest-SettingCase-testSetDisplayTimeNever] 当前package:com.android.launcher3

[CktTest-SettingCase-testSetDisplayTimeNever] 关闭Camera-Success

[CktTest-SettingCase-testSetDisplayTimeNever] 当前package:com.android.launcher3

[CktTest-SettingCase-testSetDisplayTimeNever] 关闭Gallery-Success

[CktTest-SettingCase-testSetDisplayTimeNever] [Find Object]: Device

[CktTest-SettingCase-testSetDisplayTimeNever] [Scroll Find Object]: Display

[CktTest-SettingCase-testSetDisplayTimeNever] [Find Object]: Display

[CktTest-SettingCase-testSetDisplayTimeNever] [Find Object]: Sleep

[CktTest-SettingCase-testSetDisplayTimeNever] [Scroll Find Object]: Never

[CktTest-SettingCase-testSetDisplayTimeNever] [Find Object]: Never

[CktTest-SettingCase-testSetDisplayTimeNever] *****End to run SettingCase-testSetDisplayTimeNever *****

INSTRUMENTATION_STATUS: numtests=1

INSTRUMENTATION_STATUS: stream=.

INSTRUMENTATION_STATUS: id=UiAutomatorTestRunner

INSTRUMENTATION_STATUS: test=testSetDisplayTimeNever

INSTRUMENTATION_STATUS: class=one.hardware.Testcase.SettingCase

INSTRUMENTATION_STATUS: current=1

INSTRUMENTATION_STATUS_CODE: 0

INSTRUMENTATION_STATUS: stream=

Test results for WatcherResultPrinter=.

Time: 28.957



OK (1 test)





INSTRUMENTATION_STATUS_CODE: -1

Updated file D:\soft\workspace\workspace\AppSioeye\build.xml
Buildfile: D:\soft\workspace\workspace\AppSioeye\build.xml

-check-env:
 [checkenv] Android SDK Tools Revision 24.0.2
 [checkenv] Installed at D:\soft\adt-bundle-windows-x86_64-20130219\sdk

-build-setup:
[getbuildtools] Using latest Build Tools: 23.0.2
     [echo] Resolving Build Target for AppSioeye...
[getuitarget] Project Target:   Android 6.0
[getuitarget] API level:        23
     [echo] ----------
     [echo] Creating output directories if needed...

-pre-compile:

compile:
    [javac] Compiling 1 source file to D:\soft\workspace\workspace\AppSioeye\bin\classes

-post-compile:

-dex:
      [dex] input: D:\soft\workspace\workspace\AppSioeye\bin\classes
      [dex] Found Deleted Target File
      [dex] Converting compiled files and external libraries into D:\soft\workspace\workspace\AppSioeye\bin\classes.dex...

-post-dex:

-jar:
      [jar] Building jar: D:\soft\workspace\workspace\AppSioeye\bin\AppSioeye.jar

-post-jar:

build:

BUILD SUCCESSFUL
Total time: 14 seconds
[100%] /data/local/tmp/AppSioeye.jar
INSTRUMENTATION_STATUS: numtests=1

INSTRUMENTATION_STATUS: stream=

one.hardware.Testcase.SettingCase:

INSTRUMENTATION_STATUS: id=UiAutomatorTestRunner

INSTRUMENTATION_STATUS: test=testSetDisplayTimeNever

INSTRUMENTATION_STATUS: class=one.hardware.Testcase.SettingCase

INSTRUMENTATION_STATUS: current=1

INSTRUMENTATION_STATUS_CODE: 1

[CktTest-SettingCase-testSetDisplayTimeNever] *****Start to run SettingCase-testSetDisplayTimeNever *****

[CktTest-SettingCase-testSetDisplayTimeNever] 当前package:com.android.launcher3

[CktTest-SettingCase-testSetDisplayTimeNever] 关闭filemanager-Success

[CktTest-SettingCase-testSetDisplayTimeNever] 当前package:com.android.launcher3

[CktTest-SettingCase-testSetDisplayTimeNever] 关闭Camera-Success

[CktTest-SettingCase-testSetDisplayTimeNever] 当前package:com.android.launcher3

[CktTest-SettingCase-testSetDisplayTimeNever] 关闭Gallery-Success

[CktTest-SettingCase-testSetDisplayTimeNever] [Find Object]: Device

[CktTest-SettingCase-testSetDisplayTimeNever] [Scroll Find Object]: Display

[CktTest-SettingCase-testSetDisplayTimeNever] [Find Object]: Display

[CktTest-SettingCase-testSetDisplayTimeNever] [Find Object]: Sleep

[CktTest-SettingCase-testSetDisplayTimeNever] [Scroll Find Object]: Never

[CktTest-SettingCase-testSetDisplayTimeNever] [Find Object]: Never

[CktTest-SettingCase-testSetDisplayTimeNever] [Find Object]: Connection

[CktTest-SettingCase-testSetDisplayTimeNever] [Find Object]: Wi-Fi

[CktTest-SettingCase-testSetDisplayTimeNever] [Not Find Object]: Add new network...

[CktTest-SettingCase-testSetDisplayTimeNever] 截图存储在 /sdcard/CktTest/screen/2016-09-12-09-16-41.png

[CktTest-SettingCase-testSetDisplayTimeNever] <img src="screen/2016-09-12-09-16-41.png" width="320" height="240">

[CktTest-SettingCase-testSetDisplayTimeNever] 发生异常，正在捕获异常

[CktTest-SettingCase-testSetDisplayTimeNever] 开始抓取崩溃日志

[CktTest-SettingCase-testSetDisplayTimeNever] 崩溃日志文件抓取成功-/sdcard/CktTest/screen/Crash_Exception_2016-09-12-09-16-41.txt

[CktTest-SettingCase-testSetDisplayTimeNever] [Fail Reason]: NotFindObjectAdd new network...

[CktTest-SettingCase-testSetDisplayTimeNever] [Test Result]: The Test Case SettingCase-testSetDisplayTimeNever Failed

INSTRUMENTATION_STATUS: numtests=1

INSTRUMENTATION_STATUS: stream=

Failure in testSetDisplayTimeNever:

junit.framework.AssertionFailedError: Case Failed==> NotFindObjectAdd new network...

	at one.hardware.Util.Common.handleException(Common.java:1119)

	at one.hardware.Testcase.SettingCase.testSetDisplayTimeNever(SettingCase.java:55)

	at com.android.uiautomator.testrunner.UiAutomatorTestRunner.start(UiAutomatorTestRunner.java:161)

	at com.android.uiautomator.testrunner.UiAutomatorTestRunner.run(UiAutomatorTestRunner.java:96)

	at com.android.commands.uiautomator.RunTestCommand.run(RunTestCommand.java:91)

	at com.android.commands.uiautomator.Launcher.main(Launcher.java:83)

	at com.android.internal.os.RuntimeInit.nativeFinishInit(Native Method)

	at com.android.internal.os.RuntimeInit.main(RuntimeInit.java:276)



INSTRUMENTATION_STATUS: id=UiAutomatorTestRunner

INSTRUMENTATION_STATUS: test=testSetDisplayTimeNever

INSTRUMENTATION_STATUS: class=one.hardware.Testcase.SettingCase

INSTRUMENTATION_STATUS: stack=junit.framework.AssertionFailedError: Case Failed==> NotFindObjectAdd new network...

	at one.hardware.Util.Common.handleException(Common.java:1119)

	at one.hardware.Testcase.SettingCase.testSetDisplayTimeNever(SettingCase.java:55)

	at com.android.uiautomator.testrunner.UiAutomatorTestRunner.start(UiAutomatorTestRunner.java:161)

	at com.android.uiautomator.testrunner.UiAutomatorTestRunner.run(UiAutomatorTestRunner.java:96)

	at com.android.commands.uiautomator.RunTestCommand.run(RunTestCommand.java:91)

	at com.android.commands.uiautomator.Launcher.main(Launcher.java:83)

	at com.android.internal.os.RuntimeInit.nativeFinishInit(Native Method)

	at com.android.internal.os.RuntimeInit.main(RuntimeInit.java:276)



INSTRUMENTATION_STATUS: current=1

INSTRUMENTATION_STATUS_CODE: -2

INSTRUMENTATION_STATUS: stream=

Test results for WatcherResultPrinter=.F

Time: 69.068



FAILURES!!!

Tests run: 1,  Failures: 1,  Errors: 0





INSTRUMENTATION_STATUS_CODE: -1

Updated file D:\soft\workspace\workspace\AppSioeye\build.xml
Buildfile: D:\soft\workspace\workspace\AppSioeye\build.xml

-check-env:
 [checkenv] Android SDK Tools Revision 24.0.2
 [checkenv] Installed at D:\soft\adt-bundle-windows-x86_64-20130219\sdk

-build-setup:
[getbuildtools] Using latest Build Tools: 23.0.2
     [echo] Resolving Build Target for AppSioeye...
[getuitarget] Project Target:   Android 6.0
[getuitarget] API level:        23
     [echo] ----------
     [echo] Creating output directories if needed...

-pre-compile:

compile:
    [javac] Compiling 1 source file to D:\soft\workspace\workspace\AppSioeye\bin\classes

-post-compile:

-dex:
      [dex] input: D:\soft\workspace\workspace\AppSioeye\bin\classes
      [dex] Found Deleted Target File
      [dex] Converting compiled files and external libraries into D:\soft\workspace\workspace\AppSioeye\bin\classes.dex...

-post-dex:

-jar:
      [jar] Building jar: D:\soft\workspace\workspace\AppSioeye\bin\AppSioeye.jar

-post-jar:

build:

BUILD SUCCESSFUL
Total time: 3 seconds
[100%] /data/local/tmp/AppSioeye.jar
INSTRUMENTATION_STATUS: numtests=1

INSTRUMENTATION_STATUS: stream=

one.hardware.Testcase.SettingCase:

INSTRUMENTATION_STATUS: id=UiAutomatorTestRunner

INSTRUMENTATION_STATUS: test=testSetDisplayTimeNever

INSTRUMENTATION_STATUS: class=one.hardware.Testcase.SettingCase

INSTRUMENTATION_STATUS: current=1

INSTRUMENTATION_STATUS_CODE: 1

[CktTest-SettingCase-testSetDisplayTimeNever] *****Start to run SettingCase-testSetDisplayTimeNever *****

[CktTest-SettingCase-testSetDisplayTimeNever] 当前package:com.android.launcher3

[CktTest-SettingCase-testSetDisplayTimeNever] 关闭filemanager-Success

[CktTest-SettingCase-testSetDisplayTimeNever] 当前package:com.android.launcher3

[CktTest-SettingCase-testSetDisplayTimeNever] 关闭Camera-Success

[CktTest-SettingCase-testSetDisplayTimeNever] 当前package:com.android.launcher3

[CktTest-SettingCase-testSetDisplayTimeNever] 关闭Gallery-Success

[CktTest-SettingCase-testSetDisplayTimeNever] [Find Object]: Device

[CktTest-SettingCase-testSetDisplayTimeNever] [Scroll Find Object]: Display

[CktTest-SettingCase-testSetDisplayTimeNever] [Find Object]: Display

[CktTest-SettingCase-testSetDisplayTimeNever] [Find Object]: Sleep

[CktTest-SettingCase-testSetDisplayTimeNever] [Scroll Find Object]: Never

[CktTest-SettingCase-testSetDisplayTimeNever] [Find Object]: Never

[CktTest-SettingCase-testSetDisplayTimeNever] [Find Object]: Connection

[CktTest-SettingCase-testSetDisplayTimeNever] [Find Object]: Wi-Fi

[CktTest-SettingCase-testSetDisplayTimeNever] [Scroll Find Object]: CKT

[CktTest-SettingCase-testSetDisplayTimeNever] [Find Object]: CKT

[CktTest-SettingCase-testSetDisplayTimeNever] [Not Find Object]: com.android.settings:id/password

[CktTest-SettingCase-testSetDisplayTimeNever] *****End to run SettingCase-testSetDisplayTimeNever *****

INSTRUMENTATION_STATUS: numtests=1

INSTRUMENTATION_STATUS: stream=.

INSTRUMENTATION_STATUS: id=UiAutomatorTestRunner

INSTRUMENTATION_STATUS: test=testSetDisplayTimeNever

INSTRUMENTATION_STATUS: class=one.hardware.Testcase.SettingCase

INSTRUMENTATION_STATUS: current=1

INSTRUMENTATION_STATUS_CODE: 0

INSTRUMENTATION_STATUS: stream=

Test results for WatcherResultPrinter=.

Time: 36.208



OK (1 test)





INSTRUMENTATION_STATUS_CODE: -1

Updated file D:\soft\workspace\workspace\AppSioeye\build.xml
Buildfile: D:\soft\workspace\workspace\AppSioeye\build.xml

-check-env:
 [checkenv] Android SDK Tools Revision 24.0.2
 [checkenv] Installed at D:\soft\adt-bundle-windows-x86_64-20130219\sdk

-build-setup:
[getbuildtools] Using latest Build Tools: 23.0.2
     [echo] Resolving Build Target for AppSioeye...
[getuitarget] Project Target:   Android 6.0
[getuitarget] API level:        23
     [echo] ----------
     [echo] Creating output directories if needed...

-pre-compile:

compile:
    [javac] Compiling 1 source file to D:\soft\workspace\workspace\AppSioeye\bin\classes

-post-compile:

-dex:
      [dex] input: D:\soft\workspace\workspace\AppSioeye\bin\classes
      [dex] Found Deleted Target File
      [dex] Converting compiled files and external libraries into D:\soft\workspace\workspace\AppSioeye\bin\classes.dex...

-post-dex:

-jar:
      [jar] Building jar: D:\soft\workspace\workspace\AppSioeye\bin\AppSioeye.jar

-post-jar:

build:

BUILD SUCCESSFUL
Total time: 3 seconds
[100%] /data/local/tmp/AppSioeye.jar
INSTRUMENTATION_STATUS: numtests=1

INSTRUMENTATION_STATUS: stream=

one.hardware.Testcase.SettingCase:

INSTRUMENTATION_STATUS: id=UiAutomatorTestRunner

INSTRUMENTATION_STATUS: test=testSetDisplayTimeNever

INSTRUMENTATION_STATUS: class=one.hardware.Testcase.SettingCase

INSTRUMENTATION_STATUS: current=1

INSTRUMENTATION_STATUS_CODE: 1

[CktTest-SettingCase-testSetDisplayTimeNever] *****Start to run SettingCase-testSetDisplayTimeNever *****

[CktTest-SettingCase-testSetDisplayTimeNever] 当前package:com.android.launcher3

[CktTest-SettingCase-testSetDisplayTimeNever] 关闭filemanager-Success

[CktTest-SettingCase-testSetDisplayTimeNever] 当前package:com.android.launcher3

[CktTest-SettingCase-testSetDisplayTimeNever] 关闭Camera-Success

[CktTest-SettingCase-testSetDisplayTimeNever] 当前package:com.android.launcher3

[CktTest-SettingCase-testSetDisplayTimeNever] 关闭Gallery-Success

[CktTest-SettingCase-testSetDisplayTimeNever] [Not Find Object]: Device

[CktTest-SettingCase-testSetDisplayTimeNever] 截图存储在 /sdcard/CktTest/screen/2016-09-12-09-19-57.png

[CktTest-SettingCase-testSetDisplayTimeNever] <img src="screen/2016-09-12-09-19-57.png" width="320" height="240">

[CktTest-SettingCase-testSetDisplayTimeNever] 发生异常，正在捕获异常

[CktTest-SettingCase-testSetDisplayTimeNever] 开始抓取崩溃日志

[CktTest-SettingCase-testSetDisplayTimeNever] 崩溃日志文件抓取成功-/sdcard/CktTest/screen/Crash_Exception_2016-09-12-09-19-57.txt

[CktTest-SettingCase-testSetDisplayTimeNever] [Fail Reason]: NotFindObjectDevice

[CktTest-SettingCase-testSetDisplayTimeNever] [Test Result]: The Test Case SettingCase-testSetDisplayTimeNever Failed

INSTRUMENTATION_STATUS: numtests=1

INSTRUMENTATION_STATUS: stream=

Failure in testSetDisplayTimeNever:

junit.framework.AssertionFailedError: Case Failed==> NotFindObjectDevice

	at one.hardware.Util.Common.handleException(Common.java:1119)

	at one.hardware.Testcase.SettingCase.testSetDisplayTimeNever(SettingCase.java:56)

	at com.android.uiautomator.testrunner.UiAutomatorTestRunner.start(UiAutomatorTestRunner.java:161)

	at com.android.uiautomator.testrunner.UiAutomatorTestRunner.run(UiAutomatorTestRunner.java:96)

	at com.android.commands.uiautomator.RunTestCommand.run(RunTestCommand.java:91)

	at com.android.commands.uiautomator.Launcher.main(Launcher.java:83)

	at com.android.internal.os.RuntimeInit.nativeFinishInit(Native Method)

	at com.android.internal.os.RuntimeInit.main(RuntimeInit.java:276)



INSTRUMENTATION_STATUS: id=UiAutomatorTestRunner

INSTRUMENTATION_STATUS: test=testSetDisplayTimeNever

INSTRUMENTATION_STATUS: class=one.hardware.Testcase.SettingCase

INSTRUMENTATION_STATUS: stack=junit.framework.AssertionFailedError: Case Failed==> NotFindObjectDevice

	at one.hardware.Util.Common.handleException(Common.java:1119)

	at one.hardware.Testcase.SettingCase.testSetDisplayTimeNever(SettingCase.java:56)

	at com.android.uiautomator.testrunner.UiAutomatorTestRunner.start(UiAutomatorTestRunner.java:161)

	at com.android.uiautomator.testrunner.UiAutomatorTestRunner.run(UiAutomatorTestRunner.java:96)

	at com.android.commands.uiautomator.RunTestCommand.run(RunTestCommand.java:91)

	at com.android.commands.uiautomator.Launcher.main(Launcher.java:83)

	at com.android.internal.os.RuntimeInit.nativeFinishInit(Native Method)

	at com.android.internal.os.RuntimeInit.main(RuntimeInit.java:276)



INSTRUMENTATION_STATUS: current=1

INSTRUMENTATION_STATUS_CODE: -2

INSTRUMENTATION_STATUS: stream=

Test results for WatcherResultPrinter=.F

Time: 55.898



FAILURES!!!

Tests run: 1,  Failures: 1,  Errors: 0





INSTRUMENTATION_STATUS_CODE: -1

Updated file D:\soft\workspace\workspace\AppSioeye\build.xml
Buildfile: D:\soft\workspace\workspace\AppSioeye\build.xml

-check-env:
 [checkenv] Android SDK Tools Revision 24.0.2
 [checkenv] Installed at D:\soft\adt-bundle-windows-x86_64-20130219\sdk

-build-setup:
[getbuildtools] Using latest Build Tools: 23.0.2
     [echo] Resolving Build Target for AppSioeye...
[getuitarget] Project Target:   Android 6.0
[getuitarget] API level:        23
     [echo] ----------
     [echo] Creating output directories if needed...

-pre-compile:

compile:
    [javac] Compiling 1 source file to D:\soft\workspace\workspace\AppSioeye\bin\classes
    [javac] D:\soft\workspace\workspace\AppSioeye\src\one\test\test3.java:3: ����: �����java.awt.event������
    [javac] import java.awt.event.KeyEvent;
    [javac]                      ^
    [javac] 1 ������

BUILD FAILED
D:\soft\adt-bundle-windows-x86_64-20130219\sdk\tools\ant\uibuild.xml:183: Compile failed; see the compiler error output for details.

Total time: 1 second
* daemon not running. starting it now on port 5037 *
* daemon started successfully *
[100%] /data/local/tmp/AppSioeye.jar
INSTRUMENTATION_STATUS: numtests=1

INSTRUMENTATION_STATUS: stream=

one.test.test3:

INSTRUMENTATION_STATUS: id=UiAutomatorTestRunner

INSTRUMENTATION_STATUS: test=testScreen

INSTRUMENTATION_STATUS: class=one.test.test3

INSTRUMENTATION_STATUS: current=1

INSTRUMENTATION_STATUS_CODE: 1

INSTRUMENTATION_STATUS: numtests=1

INSTRUMENTATION_STATUS: stream=

Failure in testScreen:

junit.framework.AssertionFailedError: Method "testScreen" not found

	at com.android.uiautomator.testrunner.UiAutomatorTestRunner.start(UiAutomatorTestRunner.java:161)

	at com.android.uiautomator.testrunner.UiAutomatorTestRunner.run(UiAutomatorTestRunner.java:96)

	at com.android.commands.uiautomator.RunTestCommand.run(RunTestCommand.java:91)

	at com.android.commands.uiautomator.Launcher.main(Launcher.java:83)

	at com.android.internal.os.RuntimeInit.nativeFinishInit(Native Method)

	at com.android.internal.os.RuntimeInit.main(RuntimeInit.java:276)



INSTRUMENTATION_STATUS: id=UiAutomatorTestRunner

INSTRUMENTATION_STATUS: test=testScreen

INSTRUMENTATION_STATUS: class=one.test.test3

INSTRUMENTATION_STATUS: stack=junit.framework.AssertionFailedError: Method "testScreen" not found

	at com.android.uiautomator.testrunner.UiAutomatorTestRunner.start(UiAutomatorTestRunner.java:161)

	at com.android.uiautomator.testrunner.UiAutomatorTestRunner.run(UiAutomatorTestRunner.java:96)

	at com.android.commands.uiautomator.RunTestCommand.run(RunTestCommand.java:91)

	at com.android.commands.uiautomator.Launcher.main(Launcher.java:83)

	at com.android.internal.os.RuntimeInit.nativeFinishInit(Native Method)

	at com.android.internal.os.RuntimeInit.main(RuntimeInit.java:276)



INSTRUMENTATION_STATUS: current=1

INSTRUMENTATION_STATUS_CODE: -2

INSTRUMENTATION_STATUS: stream=

Test results for WatcherResultPrinter=.F

Time: 0.068



FAILURES!!!

Tests run: 1,  Failures: 1,  Errors: 0





INSTRUMENTATION_STATUS_CODE: -1

Updated file D:\soft\workspace\workspace\AppSioeye\build.xml
Buildfile: D:\soft\workspace\workspace\AppSioeye\build.xml

-check-env:
 [checkenv] Android SDK Tools Revision 24.0.2
 [checkenv] Installed at D:\soft\adt-bundle-windows-x86_64-20130219\sdk

-build-setup:
[getbuildtools] Using latest Build Tools: 23.0.2
     [echo] Resolving Build Target for AppSioeye...
[getuitarget] Project Target:   Android 6.0
[getuitarget] API level:        23
     [echo] ----------
     [echo] Creating output directories if needed...

-pre-compile:

compile:
    [javac] Compiling 1 source file to D:\soft\workspace\workspace\AppSioeye\bin\classes

-post-compile:

-dex:
      [dex] input: D:\soft\workspace\workspace\AppSioeye\bin\classes
      [dex] Found Deleted Target File
      [dex] Converting compiled files and external libraries into D:\soft\workspace\workspace\AppSioeye\bin\classes.dex...

-post-dex:

-jar:
      [jar] Building jar: D:\soft\workspace\workspace\AppSioeye\bin\AppSioeye.jar

-post-jar:

build:

BUILD SUCCESSFUL
Total time: 14 seconds
[100%] /data/local/tmp/AppSioeye.jar
INSTRUMENTATION_STATUS: numtests=1

INSTRUMENTATION_STATUS: stream=

one.test.test3:

INSTRUMENTATION_STATUS: id=UiAutomatorTestRunner

INSTRUMENTATION_STATUS: test=testScreen

INSTRUMENTATION_STATUS: class=one.test.test3

INSTRUMENTATION_STATUS: current=1

INSTRUMENTATION_STATUS_CODE: 1

true

false

false

INSTRUMENTATION_STATUS: numtests=1

INSTRUMENTATION_STATUS: stream=.

INSTRUMENTATION_STATUS: id=UiAutomatorTestRunner

INSTRUMENTATION_STATUS: test=testScreen

INSTRUMENTATION_STATUS: class=one.test.test3

INSTRUMENTATION_STATUS: current=1

INSTRUMENTATION_STATUS_CODE: 0

INSTRUMENTATION_STATUS: stream=

Test results for WatcherResultPrinter=.

Time: 0.747



OK (1 test)





INSTRUMENTATION_STATUS_CODE: -1

Updated file D:\soft\workspace\workspace\AppSioeye\build.xml
Buildfile: D:\soft\workspace\workspace\AppSioeye\build.xml

-check-env:
 [checkenv] Android SDK Tools Revision 24.0.2
 [checkenv] Installed at D:\soft\adt-bundle-windows-x86_64-20130219\sdk

-build-setup:
[getbuildtools] Using latest Build Tools: 23.0.2
     [echo] Resolving Build Target for AppSioeye...
[getuitarget] Project Target:   Android 6.0
[getuitarget] API level:        23
     [echo] ----------
     [echo] Creating output directories if needed...

-pre-compile:

compile:
    [javac] Compiling 1 source file to D:\soft\workspace\workspace\AppSioeye\bin\classes

-post-compile:

-dex:
      [dex] input: D:\soft\workspace\workspace\AppSioeye\bin\classes
      [dex] Found Deleted Target File
      [dex] Converting compiled files and external libraries into D:\soft\workspace\workspace\AppSioeye\bin\classes.dex...

-post-dex:

-jar:
      [jar] Building jar: D:\soft\workspace\workspace\AppSioeye\bin\AppSioeye.jar

-post-jar:

build:

BUILD SUCCESSFUL
Total time: 14 seconds
[100%] /data/local/tmp/AppSioeye.jar
INSTRUMENTATION_STATUS: numtests=1

INSTRUMENTATION_STATUS: stream=

one.test.test3:

INSTRUMENTATION_STATUS: id=UiAutomatorTestRunner

INSTRUMENTATION_STATUS: test=testScreen

INSTRUMENTATION_STATUS: class=one.test.test3

INSTRUMENTATION_STATUS: current=1

INSTRUMENTATION_STATUS_CODE: 1

true

false

true

INSTRUMENTATION_STATUS: numtests=1

INSTRUMENTATION_STATUS: stream=.

INSTRUMENTATION_STATUS: id=UiAutomatorTestRunner

INSTRUMENTATION_STATUS: test=testScreen

INSTRUMENTATION_STATUS: class=one.test.test3

INSTRUMENTATION_STATUS: current=1

INSTRUMENTATION_STATUS_CODE: 0

INSTRUMENTATION_STATUS: stream=

Test results for WatcherResultPrinter=.

Time: 10.774



OK (1 test)





INSTRUMENTATION_STATUS_CODE: -1

Updated file D:\soft\workspace\workspace\AppSioeye\build.xml
Buildfile: D:\soft\workspace\workspace\AppSioeye\build.xml

-check-env:
 [checkenv] Android SDK Tools Revision 24.0.2
 [checkenv] Installed at D:\soft\adt-bundle-windows-x86_64-20130219\sdk

-build-setup:
[getbuildtools] Using latest Build Tools: 23.0.2
     [echo] Resolving Build Target for AppSioeye...
[getuitarget] Project Target:   Android 6.0
[getuitarget] API level:        23
     [echo] ----------
     [echo] Creating output directories if needed...

-pre-compile:

compile:
    [javac] Compiling 1 source file to D:\soft\workspace\workspace\AppSioeye\bin\classes

-post-compile:

-dex:
      [dex] input: D:\soft\workspace\workspace\AppSioeye\bin\classes
      [dex] Found Deleted Target File
      [dex] Converting compiled files and external libraries into D:\soft\workspace\workspace\AppSioeye\bin\classes.dex...

-post-dex:

-jar:
      [jar] Building jar: D:\soft\workspace\workspace\AppSioeye\bin\AppSioeye.jar

-post-jar:

build:

BUILD SUCCESSFUL
Total time: 3 seconds
[100%] /data/local/tmp/AppSioeye.jar
INSTRUMENTATION_STATUS: numtests=1

INSTRUMENTATION_STATUS: stream=

one.test.test3:

INSTRUMENTATION_STATUS: id=UiAutomatorTestRunner

INSTRUMENTATION_STATUS: test=testScreen

INSTRUMENTATION_STATUS: class=one.test.test3

INSTRUMENTATION_STATUS: current=1

INSTRUMENTATION_STATUS_CODE: 1

true

false

true

INSTRUMENTATION_STATUS: numtests=1

INSTRUMENTATION_STATUS: stream=.

INSTRUMENTATION_STATUS: id=UiAutomatorTestRunner

INSTRUMENTATION_STATUS: test=testScreen

INSTRUMENTATION_STATUS: class=one.test.test3

INSTRUMENTATION_STATUS: current=1

INSTRUMENTATION_STATUS_CODE: 0

INSTRUMENTATION_STATUS: stream=

Test results for WatcherResultPrinter=.

Time: 25.727



OK (1 test)





INSTRUMENTATION_STATUS_CODE: -1

Updated file D:\soft\workspace\workspace\AppSioeye\build.xml
Buildfile: D:\soft\workspace\workspace\AppSioeye\build.xml

-check-env:
 [checkenv] Android SDK Tools Revision 24.0.2
 [checkenv] Installed at D:\soft\adt-bundle-windows-x86_64-20130219\sdk

-build-setup:
[getbuildtools] Using latest Build Tools: 23.0.2
     [echo] Resolving Build Target for AppSioeye...
[getuitarget] Project Target:   Android 6.0
[getuitarget] API level:        23
     [echo] ----------
     [echo] Creating output directories if needed...

-pre-compile:

compile:
    [javac] Compiling 1 source file to D:\soft\workspace\workspace\AppSioeye\bin\classes

-post-compile:

-dex:
      [dex] input: D:\soft\workspace\workspace\AppSioeye\bin\classes
      [dex] Found Deleted Target File
      [dex] Converting compiled files and external libraries into D:\soft\workspace\workspace\AppSioeye\bin\classes.dex...

-post-dex:

-jar:
      [jar] Building jar: D:\soft\workspace\workspace\AppSioeye\bin\AppSioeye.jar

-post-jar:

build:

BUILD SUCCESSFUL
Total time: 14 seconds
[100%] /data/local/tmp/AppSioeye.jar
INSTRUMENTATION_STATUS: numtests=1

INSTRUMENTATION_STATUS: stream=

one.test.test3:

INSTRUMENTATION_STATUS: id=UiAutomatorTestRunner

INSTRUMENTATION_STATUS: test=testScreen

INSTRUMENTATION_STATUS: class=one.test.test3

INSTRUMENTATION_STATUS: current=1

INSTRUMENTATION_STATUS_CODE: 1

1

1

INSTRUMENTATION_STATUS: numtests=1

INSTRUMENTATION_STATUS: stream=.

INSTRUMENTATION_STATUS: id=UiAutomatorTestRunner

INSTRUMENTATION_STATUS: test=testScreen

INSTRUMENTATION_STATUS: class=one.test.test3

INSTRUMENTATION_STATUS: current=1

INSTRUMENTATION_STATUS_CODE: 0

INSTRUMENTATION_STATUS: stream=

Test results for WatcherResultPrinter=.

Time: 18.51



OK (1 test)





INSTRUMENTATION_STATUS_CODE: -1

Updated file D:\soft\workspace\workspace\AppSioeye\build.xml
Buildfile: D:\soft\workspace\workspace\AppSioeye\build.xml

-check-env:
 [checkenv] Android SDK Tools Revision 24.0.2
 [checkenv] Installed at D:\soft\adt-bundle-windows-x86_64-20130219\sdk

-build-setup:
[getbuildtools] Using latest Build Tools: 23.0.2
     [echo] Resolving Build Target for AppSioeye...
[getuitarget] Project Target:   Android 6.0
[getuitarget] API level:        23
     [echo] ----------
     [echo] Creating output directories if needed...

-pre-compile:

compile:
    [javac] Compiling 1 source file to D:\soft\workspace\workspace\AppSioeye\bin\classes

-post-compile:

-dex:
      [dex] input: D:\soft\workspace\workspace\AppSioeye\bin\classes
      [dex] Found Deleted Target File
      [dex] Converting compiled files and external libraries into D:\soft\workspace\workspace\AppSioeye\bin\classes.dex...

-post-dex:

-jar:
      [jar] Building jar: D:\soft\workspace\workspace\AppSioeye\bin\AppSioeye.jar

-post-jar:

build:

BUILD SUCCESSFUL
Total time: 14 seconds
[100%] /data/local/tmp/AppSioeye.jar
INSTRUMENTATION_STATUS: numtests=1

INSTRUMENTATION_STATUS: stream=

one.test.test3:

INSTRUMENTATION_STATUS: id=UiAutomatorTestRunner

INSTRUMENTATION_STATUS: test=testScreen

INSTRUMENTATION_STATUS: class=one.test.test3

INSTRUMENTATION_STATUS: current=1

INSTRUMENTATION_STATUS_CODE: 1

1

3

INSTRUMENTATION_STATUS: numtests=1

INSTRUMENTATION_STATUS: stream=.

INSTRUMENTATION_STATUS: id=UiAutomatorTestRunner

INSTRUMENTATION_STATUS: test=testScreen

INSTRUMENTATION_STATUS: class=one.test.test3

INSTRUMENTATION_STATUS: current=1

INSTRUMENTATION_STATUS_CODE: 0

INSTRUMENTATION_STATUS: stream=

Test results for WatcherResultPrinter=.

Time: 18.53



OK (1 test)





INSTRUMENTATION_STATUS_CODE: -1

Updated file D:\soft\workspace\workspace\AppSioeye\build.xml
Buildfile: D:\soft\workspace\workspace\AppSioeye\build.xml

-check-env:
 [checkenv] Android SDK Tools Revision 24.0.2
 [checkenv] Installed at D:\soft\adt-bundle-windows-x86_64-20130219\sdk

-build-setup:
[getbuildtools] Using latest Build Tools: 23.0.2
     [echo] Resolving Build Target for AppSioeye...
[getuitarget] Project Target:   Android 6.0
[getuitarget] API level:        23
     [echo] ----------
     [echo] Creating output directories if needed...

-pre-compile:

compile:
    [javac] Compiling 1 source file to D:\soft\workspace\workspace\AppSioeye\bin\classes

-post-compile:

-dex:
      [dex] input: D:\soft\workspace\workspace\AppSioeye\bin\classes
      [dex] Found Deleted Target File
      [dex] Converting compiled files and external libraries into D:\soft\workspace\workspace\AppSioeye\bin\classes.dex...

-post-dex:

-jar:
      [jar] Building jar: D:\soft\workspace\workspace\AppSioeye\bin\AppSioeye.jar

-post-jar:

build:

BUILD SUCCESSFUL
Total time: 14 seconds
[100%] /data/local/tmp/AppSioeye.jar
INSTRUMENTATION_STATUS: numtests=1

INSTRUMENTATION_STATUS: stream=

one.test.test3:

INSTRUMENTATION_STATUS: id=UiAutomatorTestRunner

INSTRUMENTATION_STATUS: test=testScreen

INSTRUMENTATION_STATUS: class=one.test.test3

INSTRUMENTATION_STATUS: current=1

INSTRUMENTATION_STATUS_CODE: 1

1

3

3

3

3

3

3

3

Updated file D:\soft\workspace\workspace\AppSioeye\build.xml
Buildfile: D:\soft\workspace\workspace\AppSioeye\build.xml

-check-env:
 [checkenv] Android SDK Tools Revision 24.0.2
 [checkenv] Installed at D:\soft\adt-bundle-windows-x86_64-20130219\sdk

-build-setup:
[getbuildtools] Using latest Build Tools: 23.0.2
     [echo] Resolving Build Target for AppSioeye...
[getuitarget] Project Target:   Android 6.0
[getuitarget] API level:        23
     [echo] ----------
     [echo] Creating output directories if needed...

-pre-compile:

compile:
    [javac] Compiling 1 source file to D:\soft\workspace\workspace\AppSioeye\bin\classes

-post-compile:

-dex:
      [dex] input: D:\soft\workspace\workspace\AppSioeye\bin\classes
      [dex] Found Deleted Target File
      [dex] Converting compiled files and external libraries into D:\soft\workspace\workspace\AppSioeye\bin\classes.dex...

-post-dex:

-jar:
      [jar] Building jar: D:\soft\workspace\workspace\AppSioeye\bin\AppSioeye.jar

-post-jar:

build:

BUILD SUCCESSFUL
Total time: 14 seconds
[100%] /data/local/tmp/AppSioeye.jar
INSTRUMENTATION_STATUS: numtests=1

INSTRUMENTATION_STATUS: stream=

one.test.test3:

INSTRUMENTATION_STATUS: id=UiAutomatorTestRunner

INSTRUMENTATION_STATUS: test=testScreen

INSTRUMENTATION_STATUS: class=one.test.test3

INSTRUMENTATION_STATUS: current=1

INSTRUMENTATION_STATUS_CODE: 1

1

3

3

3

3

3

3

1

INSTRUMENTATION_STATUS: numtests=1

INSTRUMENTATION_STATUS: stream=.

INSTRUMENTATION_STATUS: id=UiAutomatorTestRunner

INSTRUMENTATION_STATUS: test=testScreen

INSTRUMENTATION_STATUS: class=one.test.test3

INSTRUMENTATION_STATUS: current=1

INSTRUMENTATION_STATUS_CODE: 0

INSTRUMENTATION_STATUS: stream=

Test results for WatcherResultPrinter=.

Time: 57.552



OK (1 test)





INSTRUMENTATION_STATUS_CODE: -1

Updated file D:\soft\workspace\workspace\AppSioeye\build.xml
Buildfile: D:\soft\workspace\workspace\AppSioeye\build.xml

-check-env:
 [checkenv] Android SDK Tools Revision 24.0.2
 [checkenv] Installed at D:\soft\adt-bundle-windows-x86_64-20130219\sdk

-build-setup:
[getbuildtools] Using latest Build Tools: 23.0.2
     [echo] Resolving Build Target for AppSioeye...
[getuitarget] Project Target:   Android 6.0
[getuitarget] API level:        23
     [echo] ----------
     [echo] Creating output directories if needed...

-pre-compile:

compile:
    [javac] Compiling 1 source file to D:\soft\workspace\workspace\AppSioeye\bin\classes

-post-compile:

-dex:
      [dex] input: D:\soft\workspace\workspace\AppSioeye\bin\classes
      [dex] Found Deleted Target File
      [dex] Converting compiled files and external libraries into D:\soft\workspace\workspace\AppSioeye\bin\classes.dex...

-post-dex:

-jar:
      [jar] Building jar: D:\soft\workspace\workspace\AppSioeye\bin\AppSioeye.jar

-post-jar:

build:

BUILD SUCCESSFUL
Total time: 14 seconds
[100%] /data/local/tmp/AppSioeye.jar
INSTRUMENTATION_STATUS: numtests=1

INSTRUMENTATION_STATUS: stream=

one.test.test3:

INSTRUMENTATION_STATUS: id=UiAutomatorTestRunner

INSTRUMENTATION_STATUS: test=testScreen

INSTRUMENTATION_STATUS: class=one.test.test3

INSTRUMENTATION_STATUS: current=1

INSTRUMENTATION_STATUS_CODE: 1

1

INSTRUMENTATION_STATUS: numtests=1

INSTRUMENTATION_STATUS: stream=.

INSTRUMENTATION_STATUS: id=UiAutomatorTestRunner

INSTRUMENTATION_STATUS: test=testScreen

INSTRUMENTATION_STATUS: class=one.test.test3

INSTRUMENTATION_STATUS: current=1

INSTRUMENTATION_STATUS_CODE: 0

INSTRUMENTATION_STATUS: stream=

Test results for WatcherResultPrinter=.

Time: 13.563



OK (1 test)





INSTRUMENTATION_STATUS_CODE: -1

Updated file D:\soft\workspace\workspace\AppSioeye\build.xml
Buildfile: D:\soft\workspace\workspace\AppSioeye\build.xml

-check-env:
 [checkenv] Android SDK Tools Revision 24.0.2
 [checkenv] Installed at D:\soft\adt-bundle-windows-x86_64-20130219\sdk

-build-setup:
[getbuildtools] Using latest Build Tools: 23.0.2
     [echo] Resolving Build Target for AppSioeye...
[getuitarget] Project Target:   Android 6.0
[getuitarget] API level:        23
     [echo] ----------
     [echo] Creating output directories if needed...

-pre-compile:

compile:
    [javac] Compiling 1 source file to D:\soft\workspace\workspace\AppSioeye\bin\classes

-post-compile:

-dex:
      [dex] input: D:\soft\workspace\workspace\AppSioeye\bin\classes
      [dex] Found Deleted Target File
      [dex] Converting compiled files and external libraries into D:\soft\workspace\workspace\AppSioeye\bin\classes.dex...

-post-dex:

-jar:
      [jar] Building jar: D:\soft\workspace\workspace\AppSioeye\bin\AppSioeye.jar

-post-jar:

build:

BUILD SUCCESSFUL
Total time: 14 seconds
[100%] /data/local/tmp/AppSioeye.jar
INSTRUMENTATION_STATUS: numtests=1

INSTRUMENTATION_STATUS: stream=

one.test.test3:

INSTRUMENTATION_STATUS: id=UiAutomatorTestRunner

INSTRUMENTATION_STATUS: test=testScreen

INSTRUMENTATION_STATUS: class=one.test.test3

INSTRUMENTATION_STATUS: current=1

INSTRUMENTATION_STATUS_CODE: 1

1

INSTRUMENTATION_STATUS: numtests=1

INSTRUMENTATION_STATUS: stream=.

INSTRUMENTATION_STATUS: id=UiAutomatorTestRunner

INSTRUMENTATION_STATUS: test=testScreen

INSTRUMENTATION_STATUS: class=one.test.test3

INSTRUMENTATION_STATUS: current=1

INSTRUMENTATION_STATUS_CODE: 0

INSTRUMENTATION_STATUS: stream=

Test results for WatcherResultPrinter=.

Time: 0.505



OK (1 test)





INSTRUMENTATION_STATUS_CODE: -1

Updated file D:\soft\workspace\workspace\AppSioeye\build.xml
Buildfile: D:\soft\workspace\workspace\AppSioeye\build.xml

-check-env:
 [checkenv] Android SDK Tools Revision 24.0.2
 [checkenv] Installed at D:\soft\adt-bundle-windows-x86_64-20130219\sdk

-build-setup:
[getbuildtools] Using latest Build Tools: 23.0.2
     [echo] Resolving Build Target for AppSioeye...
[getuitarget] Project Target:   Android 6.0
[getuitarget] API level:        23
     [echo] ----------
     [echo] Creating output directories if needed...

-pre-compile:

compile:

-post-compile:

-dex:
      [dex] input: D:\soft\workspace\workspace\AppSioeye\bin\classes
      [dex] Found Deleted Target File
      [dex] Converting compiled files and external libraries into D:\soft\workspace\workspace\AppSioeye\bin\classes.dex...

-post-dex:

-jar:
      [jar] Building jar: D:\soft\workspace\workspace\AppSioeye\bin\AppSioeye.jar

-post-jar:

build:

BUILD SUCCESSFUL
Total time: 14 seconds
[100%] /data/local/tmp/AppSioeye.jar
INSTRUMENTATION_STATUS: numtests=1

INSTRUMENTATION_STATUS: stream=

one.test.test3:

INSTRUMENTATION_STATUS: id=UiAutomatorTestRunner

INSTRUMENTATION_STATUS: test=testScreen

INSTRUMENTATION_STATUS: class=one.test.test3

INSTRUMENTATION_STATUS: current=1

INSTRUMENTATION_STATUS_CODE: 1

1

INSTRUMENTATION_STATUS: numtests=1

INSTRUMENTATION_STATUS: stream=.

INSTRUMENTATION_STATUS: id=UiAutomatorTestRunner

INSTRUMENTATION_STATUS: test=testScreen

INSTRUMENTATION_STATUS: class=one.test.test3

INSTRUMENTATION_STATUS: current=1

INSTRUMENTATION_STATUS_CODE: 0

INSTRUMENTATION_STATUS: stream=

Test results for WatcherResultPrinter=.

Time: 0.521



OK (1 test)





INSTRUMENTATION_STATUS_CODE: -1

Updated file D:\soft\workspace\workspace\AppSioeye\build.xml
Buildfile: D:\soft\workspace\workspace\AppSioeye\build.xml

-check-env:
 [checkenv] Android SDK Tools Revision 24.0.2
 [checkenv] Installed at D:\soft\adt-bundle-windows-x86_64-20130219\sdk

-build-setup:
[getbuildtools] Using latest Build Tools: 23.0.2
     [echo] Resolving Build Target for AppSioeye...
[getuitarget] Project Target:   Android 6.0
[getuitarget] API level:        23
     [echo] ----------
     [echo] Creating output directories if needed...

-pre-compile:

compile:

-post-compile:

-dex:
      [dex] input: D:\soft\workspace\workspace\AppSioeye\bin\classes
      [dex] Found Deleted Target File
      [dex] Converting compiled files and external libraries into D:\soft\workspace\workspace\AppSioeye\bin\classes.dex...

-post-dex:

-jar:
      [jar] Building jar: D:\soft\workspace\workspace\AppSioeye\bin\AppSioeye.jar

-post-jar:

build:

BUILD SUCCESSFUL
Total time: 3 seconds
[100%] /data/local/tmp/AppSioeye.jar
INSTRUMENTATION_STATUS: numtests=1

INSTRUMENTATION_STATUS: stream=

one.test.test3:

INSTRUMENTATION_STATUS: id=UiAutomatorTestRunner

INSTRUMENTATION_STATUS: test=testScreen

INSTRUMENTATION_STATUS: class=one.test.test3

INSTRUMENTATION_STATUS: current=1

INSTRUMENTATION_STATUS_CODE: 1

3

INSTRUMENTATION_STATUS: numtests=1

INSTRUMENTATION_STATUS: stream=.

INSTRUMENTATION_STATUS: id=UiAutomatorTestRunner

INSTRUMENTATION_STATUS: test=testScreen

INSTRUMENTATION_STATUS: class=one.test.test3

INSTRUMENTATION_STATUS: current=1

INSTRUMENTATION_STATUS_CODE: 0

INSTRUMENTATION_STATUS: stream=

Test results for WatcherResultPrinter=.

Time: 0.513



OK (1 test)





INSTRUMENTATION_STATUS_CODE: -1

Updated file D:\soft\workspace\workspace\AppSioeye\build.xml
Buildfile: D:\soft\workspace\workspace\AppSioeye\build.xml

-check-env:
 [checkenv] Android SDK Tools Revision 24.0.2
 [checkenv] Installed at D:\soft\adt-bundle-windows-x86_64-20130219\sdk

-build-setup:
[getbuildtools] Using latest Build Tools: 23.0.2
     [echo] Resolving Build Target for AppSioeye...
[getuitarget] Project Target:   Android 6.0
[getuitarget] API level:        23
     [echo] ----------
     [echo] Creating output directories if needed...

-pre-compile:

compile:
    [javac] Compiling 1 source file to D:\soft\workspace\workspace\AppSioeye\bin\classes

-post-compile:

-dex:
      [dex] input: D:\soft\workspace\workspace\AppSioeye\bin\classes
      [dex] Found Deleted Target File
      [dex] Converting compiled files and external libraries into D:\soft\workspace\workspace\AppSioeye\bin\classes.dex...

-post-dex:

-jar:
      [jar] Building jar: D:\soft\workspace\workspace\AppSioeye\bin\AppSioeye.jar

-post-jar:

build:

BUILD SUCCESSFUL
Total time: 14 seconds
[100%] /data/local/tmp/AppSioeye.jar
INSTRUMENTATION_STATUS: numtests=1

INSTRUMENTATION_STATUS: stream=

one.test.test3:

INSTRUMENTATION_STATUS: id=UiAutomatorTestRunner

INSTRUMENTATION_STATUS: test=testScreen

INSTRUMENTATION_STATUS: class=one.test.test3

INSTRUMENTATION_STATUS: current=1

INSTRUMENTATION_STATUS_CODE: 1

3

INSTRUMENTATION_STATUS: numtests=1

INSTRUMENTATION_STATUS: stream=.

INSTRUMENTATION_STATUS: id=UiAutomatorTestRunner

INSTRUMENTATION_STATUS: test=testScreen

INSTRUMENTATION_STATUS: class=one.test.test3

INSTRUMENTATION_STATUS: current=1

INSTRUMENTATION_STATUS_CODE: 0

INSTRUMENTATION_STATUS: stream=

Test results for WatcherResultPrinter=.

Time: 0.552



OK (1 test)





INSTRUMENTATION_STATUS_CODE: -1

Updated file D:\soft\workspace\workspace\AppSioeye\build.xml
Buildfile: D:\soft\workspace\workspace\AppSioeye\build.xml

-check-env:
 [checkenv] Android SDK Tools Revision 24.0.2
 [checkenv] Installed at D:\soft\adt-bundle-windows-x86_64-20130219\sdk

-build-setup:
[getbuildtools] Using latest Build Tools: 23.0.2
     [echo] Resolving Build Target for AppSioeye...
[getuitarget] Project Target:   Android 6.0
[getuitarget] API level:        23
     [echo] ----------
     [echo] Creating output directories if needed...

-pre-compile:

compile:
    [javac] Compiling 1 source file to D:\soft\workspace\workspace\AppSioeye\bin\classes

-post-compile:

-dex:
      [dex] input: D:\soft\workspace\workspace\AppSioeye\bin\classes
      [dex] Found Deleted Target File
      [dex] Converting compiled files and external libraries into D:\soft\workspace\workspace\AppSioeye\bin\classes.dex...

-post-dex:

-jar:
      [jar] Building jar: D:\soft\workspace\workspace\AppSioeye\bin\AppSioeye.jar

-post-jar:

build:

BUILD SUCCESSFUL
Total time: 3 seconds
[100%] /data/local/tmp/AppSioeye.jar
INSTRUMENTATION_STATUS: numtests=1

INSTRUMENTATION_STATUS: stream=

one.test.test3:

INSTRUMENTATION_STATUS: id=UiAutomatorTestRunner

INSTRUMENTATION_STATUS: test=testScreen

INSTRUMENTATION_STATUS: class=one.test.test3

INSTRUMENTATION_STATUS: current=1

INSTRUMENTATION_STATUS_CODE: 1

3

INSTRUMENTATION_STATUS: numtests=1

INSTRUMENTATION_STATUS: stream=.

INSTRUMENTATION_STATUS: id=UiAutomatorTestRunner

INSTRUMENTATION_STATUS: test=testScreen

INSTRUMENTATION_STATUS: class=one.test.test3

INSTRUMENTATION_STATUS: current=1

INSTRUMENTATION_STATUS_CODE: 0

INSTRUMENTATION_STATUS: stream=

Test results for WatcherResultPrinter=.

Time: 5.513



OK (1 test)





INSTRUMENTATION_STATUS_CODE: -1

Updated file D:\soft\workspace\workspace\AppSioeye\build.xml
Buildfile: D:\soft\workspace\workspace\AppSioeye\build.xml

-check-env:
 [checkenv] Android SDK Tools Revision 24.0.2
 [checkenv] Installed at D:\soft\adt-bundle-windows-x86_64-20130219\sdk

-build-setup:
[getbuildtools] Using latest Build Tools: 23.0.2
     [echo] Resolving Build Target for AppSioeye...
[getuitarget] Project Target:   Android 6.0
[getuitarget] API level:        23
     [echo] ----------
     [echo] Creating output directories if needed...

-pre-compile:

compile:

-post-compile:

-dex:
      [dex] input: D:\soft\workspace\workspace\AppSioeye\bin\classes
      [dex] Found Deleted Target File
      [dex] Converting compiled files and external libraries into D:\soft\workspace\workspace\AppSioeye\bin\classes.dex...

-post-dex:

-jar:
      [jar] Building jar: D:\soft\workspace\workspace\AppSioeye\bin\AppSioeye.jar

-post-jar:

build:

BUILD SUCCESSFUL
Total time: 14 seconds
[100%] /data/local/tmp/AppSioeye.jar
INSTRUMENTATION_STATUS: numtests=1

INSTRUMENTATION_STATUS: stream=

one.test.test3:

INSTRUMENTATION_STATUS: id=UiAutomatorTestRunner

INSTRUMENTATION_STATUS: test=testScreen

INSTRUMENTATION_STATUS: class=one.test.test3

INSTRUMENTATION_STATUS: current=1

INSTRUMENTATION_STATUS_CODE: 1

3

INSTRUMENTATION_STATUS: numtests=1

INSTRUMENTATION_STATUS: stream=.

INSTRUMENTATION_STATUS: id=UiAutomatorTestRunner

INSTRUMENTATION_STATUS: test=testScreen

INSTRUMENTATION_STATUS: class=one.test.test3

INSTRUMENTATION_STATUS: current=1

INSTRUMENTATION_STATUS_CODE: 0

INSTRUMENTATION_STATUS: stream=

Test results for WatcherResultPrinter=.

Time: 5.567



OK (1 test)





INSTRUMENTATION_STATUS_CODE: -1

Updated file D:\soft\workspace\workspace\AppSioeye\build.xml
Buildfile: D:\soft\workspace\workspace\AppSioeye\build.xml

-check-env:
 [checkenv] Android SDK Tools Revision 24.0.2
 [checkenv] Installed at D:\soft\adt-bundle-windows-x86_64-20130219\sdk

-build-setup:
[getbuildtools] Using latest Build Tools: 23.0.2
     [echo] Resolving Build Target for AppSioeye...
[getuitarget] Project Target:   Android 6.0
[getuitarget] API level:        23
     [echo] ----------
     [echo] Creating output directories if needed...

-pre-compile:

compile:
    [javac] Compiling 1 source file to D:\soft\workspace\workspace\AppSioeye\bin\classes

-post-compile:

-dex:
      [dex] input: D:\soft\workspace\workspace\AppSioeye\bin\classes
      [dex] Found Deleted Target File
      [dex] Converting compiled files and external libraries into D:\soft\workspace\workspace\AppSioeye\bin\classes.dex...

-post-dex:

-jar:
      [jar] Building jar: D:\soft\workspace\workspace\AppSioeye\bin\AppSioeye.jar

-post-jar:

build:

BUILD SUCCESSFUL
Total time: 13 seconds
adb: error: connect failed: no devices/emulators found
error: no devices/emulators found
Updated file D:\soft\workspace\workspace\AppSioeye\build.xml
Buildfile: D:\soft\workspace\workspace\AppSioeye\build.xml

-check-env:
 [checkenv] Android SDK Tools Revision 24.0.2
 [checkenv] Installed at D:\soft\adt-bundle-windows-x86_64-20130219\sdk

-build-setup:
[getbuildtools] Using latest Build Tools: 23.0.2
     [echo] Resolving Build Target for AppSioeye...
[getuitarget] Project Target:   Android 6.0
[getuitarget] API level:        23
     [echo] ----------
     [echo] Creating output directories if needed...

-pre-compile:

compile:
    [javac] Compiling 1 source file to D:\soft\workspace\workspace\AppSioeye\bin\classes

-post-compile:

-dex:
      [dex] input: D:\soft\workspace\workspace\AppSioeye\bin\classes
      [dex] Found Deleted Target File
      [dex] Converting compiled files and external libraries into D:\soft\workspace\workspace\AppSioeye\bin\classes.dex...

-post-dex:

-jar:
      [jar] Building jar: D:\soft\workspace\workspace\AppSioeye\bin\AppSioeye.jar

-post-jar:

build:

BUILD SUCCESSFUL
Total time: 14 seconds
adb: error: connect failed: no devices/emulators found
error: no devices/emulators found
Updated file D:\soft\workspace\workspace\AppSioeye\build.xml
Buildfile: D:\soft\workspace\workspace\AppSioeye\build.xml

-check-env:
 [checkenv] Android SDK Tools Revision 24.0.2
 [checkenv] Installed at D:\soft\adt-bundle-windows-x86_64-20130219\sdk

-build-setup:
[getbuildtools] Using latest Build Tools: 23.0.2
     [echo] Resolving Build Target for AppSioeye...
[getuitarget] Project Target:   Android 6.0
[getuitarget] API level:        23
     [echo] ----------
     [echo] Creating output directories if needed...
    [mkdir] Created dir: D:\soft\workspace\workspace\AppSioeye\bin\classes

-pre-compile:

compile:
    [javac] Compiling 45 source files to D:\soft\workspace\workspace\AppSioeye\bin\classes

-post-compile:

-dex:
      [dex] input: D:\soft\workspace\workspace\AppSioeye\bin\classes
      [dex] Converting compiled files and external libraries into D:\soft\workspace\workspace\AppSioeye\bin\classes.dex...

-post-dex:

-jar:
      [jar] Building jar: D:\soft\workspace\workspace\AppSioeye\bin\AppSioeye.jar

-post-jar:

build:

BUILD SUCCESSFUL
Total time: 6 seconds
[100%] /data/local/tmp/AppSioeye.jar
INSTRUMENTATION_STATUS: numtests=1

INSTRUMENTATION_STATUS: stream=

one.test.test2:

INSTRUMENTATION_STATUS: id=UiAutomatorTestRunner

INSTRUMENTATION_STATUS: test=testA

INSTRUMENTATION_STATUS: class=one.test.test2

INSTRUMENTATION_STATUS: current=1

INSTRUMENTATION_STATUS_CODE: 1

[CktTest-one.test.test2-testA] *****Start to run one.test.test2-testA *****

[CktTest-one.test.test2-testA] 当前package:com.android.launcher3

[CktTest-one.test.test2-testA] 关闭filemanager-Success

Updated file D:\soft\workspace\workspace\AppSioeye\build.xml
Buildfile: D:\soft\workspace\workspace\AppSioeye\build.xml

-check-env:
 [checkenv] Android SDK Tools Revision 24.0.2
 [checkenv] Installed at D:\soft\adt-bundle-windows-x86_64-20130219\sdk

-build-setup:
[getbuildtools] Using latest Build Tools: 23.0.2
     [echo] Resolving Build Target for AppSioeye...
[getuitarget] Project Target:   Android 6.0
[getuitarget] API level:        23
     [echo] ----------
     [echo] Creating output directories if needed...

-pre-compile:

compile:
    [javac] Compiling 1 source file to D:\soft\workspace\workspace\AppSioeye\bin\classes

-post-compile:

-dex:
      [dex] input: D:\soft\workspace\workspace\AppSioeye\bin\classes
      [dex] Found Deleted Target File
      [dex] Converting compiled files and external libraries into D:\soft\workspace\workspace\AppSioeye\bin\classes.dex...

-post-dex:

-jar:
      [jar] Building jar: D:\soft\workspace\workspace\AppSioeye\bin\AppSioeye.jar

-post-jar:

build:

BUILD SUCCESSFUL
Total time: 4 seconds
[100%] /data/local/tmp/AppSioeye.jar
INSTRUMENTATION_RESULT: shortMsg=java.lang.IllegalStateException

INSTRUMENTATION_RESULT: longMsg=UiAutomationService android.accessibilityservice.IAccessibilityServiceClient$Stub$Proxy@5d35f3balready registered!

INSTRUMENTATION_CODE: 0

Updated file D:\soft\workspace\workspace\AppSioeye\build.xml
Buildfile: D:\soft\workspace\workspace\AppSioeye\build.xml

-check-env:
 [checkenv] Android SDK Tools Revision 24.0.2
 [checkenv] Installed at D:\soft\adt-bundle-windows-x86_64-20130219\sdk

-build-setup:
[getbuildtools] Using latest Build Tools: 23.0.2
     [echo] Resolving Build Target for AppSioeye...
[getuitarget] Project Target:   Android 6.0
[getuitarget] API level:        23
     [echo] ----------
     [echo] Creating output directories if needed...

-pre-compile:

compile:

-post-compile:

-dex:
      [dex] input: D:\soft\workspace\workspace\AppSioeye\bin\classes
      [dex] Found Deleted Target File
      [dex] Converting compiled files and external libraries into D:\soft\workspace\workspace\AppSioeye\bin\classes.dex...

-post-dex:

-jar:
      [jar] Building jar: D:\soft\workspace\workspace\AppSioeye\bin\AppSioeye.jar

-post-jar:

build:

BUILD SUCCESSFUL
Total time: 3 seconds
[100%] /data/local/tmp/AppSioeye.jar
INSTRUMENTATION_STATUS: numtests=1

INSTRUMENTATION_STATUS: stream=

one.test.test2:

INSTRUMENTATION_STATUS: id=UiAutomatorTestRunner

INSTRUMENTATION_STATUS: test=testA

INSTRUMENTATION_STATUS: class=one.test.test2

INSTRUMENTATION_STATUS: current=1

INSTRUMENTATION_STATUS_CODE: 1

[CktTest-one.test.test2-testA] *****Start to run one.test.test2-testA *****

[CktTest-one.test.test2-testA] [Scroll Find Object]: Video

[CktTest-one.test.test2-testA] *****End to run one.test.test2-testA *****

INSTRUMENTATION_STATUS: numtests=1

INSTRUMENTATION_STATUS: stream=.

INSTRUMENTATION_STATUS: id=UiAutomatorTestRunner

INSTRUMENTATION_STATUS: test=testA

INSTRUMENTATION_STATUS: class=one.test.test2

INSTRUMENTATION_STATUS: current=1

INSTRUMENTATION_STATUS_CODE: 0

INSTRUMENTATION_STATUS: stream=

Test results for WatcherResultPrinter=.

Time: 11.068



OK (1 test)





INSTRUMENTATION_STATUS_CODE: -1

Updated file D:\soft\workspace\workspace\AppSioeye\build.xml
Buildfile: D:\soft\workspace\workspace\AppSioeye\build.xml

-check-env:
 [checkenv] Android SDK Tools Revision 24.0.2
 [checkenv] Installed at D:\soft\adt-bundle-windows-x86_64-20130219\sdk

-build-setup:
[getbuildtools] Using latest Build Tools: 23.0.2
     [echo] Resolving Build Target for AppSioeye...
[getuitarget] Project Target:   Android 6.0
[getuitarget] API level:        23
     [echo] ----------
     [echo] Creating output directories if needed...
    [mkdir] Created dir: D:\soft\workspace\workspace\AppSioeye\bin\classes

-pre-compile:

compile:
    [javac] Compiling 45 source files to D:\soft\workspace\workspace\AppSioeye\bin\classes

-post-compile:

-dex:
      [dex] input: D:\soft\workspace\workspace\AppSioeye\bin\classes
      [dex] Converting compiled files and external libraries into D:\soft\workspace\workspace\AppSioeye\bin\classes.dex...

-post-dex:

-jar:
      [jar] Building jar: D:\soft\workspace\workspace\AppSioeye\bin\AppSioeye.jar

-post-jar:

build:

BUILD SUCCESSFUL
Total time: 16 seconds
[100%] /data/local/tmp/AppSioeye.jar
INSTRUMENTATION_STATUS: numtests=1

INSTRUMENTATION_STATUS: stream=

one.test.test2:

INSTRUMENTATION_STATUS: id=UiAutomatorTestRunner

INSTRUMENTATION_STATUS: test=testA

INSTRUMENTATION_STATUS: class=one.test.test2

INSTRUMENTATION_STATUS: current=1

INSTRUMENTATION_STATUS_CODE: 1

[CktTest-one.test.test2-testA] *****Start to run one.test.test2-testA *****

[CktTest-one.test.test2-testA] [Find Object]: com.hicam:id/itemText

[CktTest-one.test.test2-testA] *****End to run one.test.test2-testA *****

INSTRUMENTATION_STATUS: numtests=1

INSTRUMENTATION_STATUS: stream=.

INSTRUMENTATION_STATUS: id=UiAutomatorTestRunner

INSTRUMENTATION_STATUS: test=testA

INSTRUMENTATION_STATUS: class=one.test.test2

INSTRUMENTATION_STATUS: current=1

INSTRUMENTATION_STATUS_CODE: 0

INSTRUMENTATION_STATUS: stream=

Test results for WatcherResultPrinter=.

Time: 4.477



OK (1 test)





INSTRUMENTATION_STATUS_CODE: -1

Updated file D:\soft\workspace\workspace\AppSioeye\build.xml
Buildfile: D:\soft\workspace\workspace\AppSioeye\build.xml

-check-env:
 [checkenv] Android SDK Tools Revision 24.0.2
 [checkenv] Installed at D:\soft\adt-bundle-windows-x86_64-20130219\sdk

-build-setup:
[getbuildtools] Using latest Build Tools: 23.0.2
     [echo] Resolving Build Target for AppSioeye...
[getuitarget] Project Target:   Android 6.0
[getuitarget] API level:        23
     [echo] ----------
     [echo] Creating output directories if needed...

-pre-compile:

compile:

-post-compile:

-dex:
      [dex] input: D:\soft\workspace\workspace\AppSioeye\bin\classes
      [dex] Found Deleted Target File
      [dex] Converting compiled files and external libraries into D:\soft\workspace\workspace\AppSioeye\bin\classes.dex...

-post-dex:

-jar:
      [jar] Building jar: D:\soft\workspace\workspace\AppSioeye\bin\AppSioeye.jar

-post-jar:

build:

BUILD SUCCESSFUL
Total time: 13 seconds
[100%] /data/local/tmp/AppSioeye.jar
INSTRUMENTATION_STATUS: numtests=1

INSTRUMENTATION_STATUS: stream=

one.test.test2:

INSTRUMENTATION_STATUS: id=UiAutomatorTestRunner

INSTRUMENTATION_STATUS: test=testA

INSTRUMENTATION_STATUS: class=one.test.test2

INSTRUMENTATION_STATUS: current=1

INSTRUMENTATION_STATUS_CODE: 1

[CktTest-one.test.test2-testA] *****Start to run one.test.test2-testA *****

[CktTest-one.test.test2-testA] [Not Find Object]: com.hicam:id/itemText

[CktTest-one.test.test2-testA] 截图存储在 /sdcard/CktTest/screen/2016-01-03-09-29-09.png

[CktTest-one.test.test2-testA] <img src="screen/2016-01-03-09-29-09.png" width="320" height="240">

[CktTest-one.test.test2-testA] 发生异常，正在捕获异常

[CktTest-one.test.test2-testA] 开始抓取崩溃日志

[CktTest-one.test.test2-testA] 崩溃日志文件抓取成功-/sdcard/CktTest/screen/Crash_Exception_2016-01-03-09-29-09.txt

[CktTest-one.test.test2-testA] [Fail Reason]: [Not Find Object]: com.hicam:id/itemText

[CktTest-one.test.test2-testA] [Test Result]: The Test Case one.test.test2-testA Failed

INSTRUMENTATION_STATUS: numtests=1

INSTRUMENTATION_STATUS: stream=

Failure in testA:

junit.framework.AssertionFailedError: Case Failed==> [Not Find Object]: com.hicam:id/itemText

	at one.hardware.Util.Common.handleException(Common.java:1119)

	at one.test.test2.testA(test2.java:26)

	at com.android.uiautomator.testrunner.UiAutomatorTestRunner.start(UiAutomatorTestRunner.java:161)

	at com.android.uiautomator.testrunner.UiAutomatorTestRunner.run(UiAutomatorTestRunner.java:96)

	at com.android.commands.uiautomator.RunTestCommand.run(RunTestCommand.java:91)

	at com.android.commands.uiautomator.Launcher.main(Launcher.java:83)

	at com.android.internal.os.RuntimeInit.nativeFinishInit(Native Method)

	at com.android.internal.os.RuntimeInit.main(RuntimeInit.java:276)



INSTRUMENTATION_STATUS: id=UiAutomatorTestRunner

INSTRUMENTATION_STATUS: test=testA

INSTRUMENTATION_STATUS: class=one.test.test2

INSTRUMENTATION_STATUS: stack=junit.framework.AssertionFailedError: Case Failed==> [Not Find Object]: com.hicam:id/itemText

	at one.hardware.Util.Common.handleException(Common.java:1119)

	at one.test.test2.testA(test2.java:26)

	at com.android.uiautomator.testrunner.UiAutomatorTestRunner.start(UiAutomatorTestRunner.java:161)

	at com.android.uiautomator.testrunner.UiAutomatorTestRunner.run(UiAutomatorTestRunner.java:96)

	at com.android.commands.uiautomator.RunTestCommand.run(RunTestCommand.java:91)

	at com.android.commands.uiautomator.Launcher.main(Launcher.java:83)

	at com.android.internal.os.RuntimeInit.nativeFinishInit(Native Method)

	at com.android.internal.os.RuntimeInit.main(RuntimeInit.java:276)



INSTRUMENTATION_STATUS: current=1

INSTRUMENTATION_STATUS_CODE: -2

INSTRUMENTATION_STATUS: stream=

Test results for WatcherResultPrinter=.F

Time: 38.801



FAILURES!!!

Tests run: 1,  Failures: 1,  Errors: 0





INSTRUMENTATION_STATUS_CODE: -1

Updated file D:\soft\workspace\workspace\AppSioeye\build.xml
Buildfile: D:\soft\workspace\workspace\AppSioeye\build.xml

-check-env:
 [checkenv] Android SDK Tools Revision 24.0.2
 [checkenv] Installed at D:\soft\adt-bundle-windows-x86_64-20130219\sdk

-build-setup:
[getbuildtools] Using latest Build Tools: 23.0.2
     [echo] Resolving Build Target for AppSioeye...
[getuitarget] Project Target:   Android 6.0
[getuitarget] API level:        23
     [echo] ----------
     [echo] Creating output directories if needed...

-pre-compile:

compile:
    [javac] Compiling 1 source file to D:\soft\workspace\workspace\AppSioeye\bin\classes

-post-compile:

-dex:
      [dex] input: D:\soft\workspace\workspace\AppSioeye\bin\classes
      [dex] Found Deleted Target File
      [dex] Converting compiled files and external libraries into D:\soft\workspace\workspace\AppSioeye\bin\classes.dex...

-post-dex:

-jar:
      [jar] Building jar: D:\soft\workspace\workspace\AppSioeye\bin\AppSioeye.jar

-post-jar:

build:

BUILD SUCCESSFUL
Total time: 14 seconds
[100%] /data/local/tmp/AppSioeye.jar
INSTRUMENTATION_STATUS: numtests=1

INSTRUMENTATION_STATUS: stream=

one.test.test2:

INSTRUMENTATION_STATUS: id=UiAutomatorTestRunner

INSTRUMENTATION_STATUS: test=testA

INSTRUMENTATION_STATUS: class=one.test.test2

INSTRUMENTATION_STATUS: current=1

INSTRUMENTATION_STATUS_CODE: 1

[CktTest-one.test.test2-testA] *****Start to run one.test.test2-testA *****

[CktTest-one.test.test2-testA] [Find Object]: Medium

[CktTest-one.test.test2-testA] *****End to run one.test.test2-testA *****

INSTRUMENTATION_STATUS: numtests=1

INSTRUMENTATION_STATUS: stream=.

INSTRUMENTATION_STATUS: id=UiAutomatorTestRunner

INSTRUMENTATION_STATUS: test=testA

INSTRUMENTATION_STATUS: class=one.test.test2

INSTRUMENTATION_STATUS: current=1

INSTRUMENTATION_STATUS_CODE: 0

INSTRUMENTATION_STATUS: stream=

Test results for WatcherResultPrinter=.

Time: 4.549



OK (1 test)





INSTRUMENTATION_STATUS_CODE: -1

Updated file D:\soft\workspace\workspace\AppSioeye\build.xml
Buildfile: D:\soft\workspace\workspace\AppSioeye\build.xml

-check-env:
 [checkenv] Android SDK Tools Revision 24.0.2
 [checkenv] Installed at D:\soft\adt-bundle-windows-x86_64-20130219\sdk

-build-setup:
[getbuildtools] Using latest Build Tools: 23.0.2
     [echo] Resolving Build Target for AppSioeye...
[getuitarget] Project Target:   Android 6.0
[getuitarget] API level:        23
     [echo] ----------
     [echo] Creating output directories if needed...

-pre-compile:

compile:
    [javac] Compiling 1 source file to D:\soft\workspace\workspace\AppSioeye\bin\classes

-post-compile:

-dex:
      [dex] input: D:\soft\workspace\workspace\AppSioeye\bin\classes
      [dex] Found Deleted Target File
      [dex] Converting compiled files and external libraries into D:\soft\workspace\workspace\AppSioeye\bin\classes.dex...

-post-dex:

-jar:
      [jar] Building jar: D:\soft\workspace\workspace\AppSioeye\bin\AppSioeye.jar

-post-jar:

build:

BUILD SUCCESSFUL
Total time: 14 seconds
[100%] /data/local/tmp/AppSioeye.jar
INSTRUMENTATION_STATUS: numtests=1

INSTRUMENTATION_STATUS: stream=

one.test.test2:

INSTRUMENTATION_STATUS: id=UiAutomatorTestRunner

INSTRUMENTATION_STATUS: test=testA

INSTRUMENTATION_STATUS: class=one.test.test2

INSTRUMENTATION_STATUS: current=1

INSTRUMENTATION_STATUS_CODE: 1

[CktTest-one.test.test2-testA] *****Start to run one.test.test2-testA *****

[CktTest-one.test.test2-testA] [Find Object]: Super Wide

[CktTest-one.test.test2-testA] *****End to run one.test.test2-testA *****

INSTRUMENTATION_STATUS: numtests=1

INSTRUMENTATION_STATUS: stream=.

INSTRUMENTATION_STATUS: id=UiAutomatorTestRunner

INSTRUMENTATION_STATUS: test=testA

INSTRUMENTATION_STATUS: class=one.test.test2

INSTRUMENTATION_STATUS: current=1

INSTRUMENTATION_STATUS_CODE: 0

INSTRUMENTATION_STATUS: stream=

Test results for WatcherResultPrinter=.

Time: 4.509



OK (1 test)





INSTRUMENTATION_STATUS_CODE: -1

Updated file D:\soft\workspace\workspace\AppSioeye\build.xml
Buildfile: D:\soft\workspace\workspace\AppSioeye\build.xml

-check-env:
 [checkenv] Android SDK Tools Revision 24.0.2
 [checkenv] Installed at D:\soft\adt-bundle-windows-x86_64-20130219\sdk

-build-setup:
[getbuildtools] Using latest Build Tools: 23.0.2
     [echo] Resolving Build Target for AppSioeye...
[getuitarget] Project Target:   Android 6.0
[getuitarget] API level:        23
     [echo] ----------
     [echo] Creating output directories if needed...

-pre-compile:

compile:
    [javac] Compiling 1 source file to D:\soft\workspace\workspace\AppSioeye\bin\classes

-post-compile:

-dex:
      [dex] input: D:\soft\workspace\workspace\AppSioeye\bin\classes
      [dex] Found Deleted Target File
      [dex] Converting compiled files and external libraries into D:\soft\workspace\workspace\AppSioeye\bin\classes.dex...

-post-dex:

-jar:
      [jar] Building jar: D:\soft\workspace\workspace\AppSioeye\bin\AppSioeye.jar

-post-jar:

build:

BUILD SUCCESSFUL
Total time: 14 seconds
[100%] /data/local/tmp/AppSioeye.jar
INSTRUMENTATION_STATUS: numtests=1

INSTRUMENTATION_STATUS: stream=

one.test.test2:

INSTRUMENTATION_STATUS: id=UiAutomatorTestRunner

INSTRUMENTATION_STATUS: test=testA

INSTRUMENTATION_STATUS: class=one.test.test2

INSTRUMENTATION_STATUS: current=1

INSTRUMENTATION_STATUS_CODE: 1

[CktTest-one.test.test2-testA] *****Start to run one.test.test2-testA *****

[CktTest-one.test.test2-testA] [Find Object]: Wide

[CktTest-one.test.test2-testA] *****End to run one.test.test2-testA *****

INSTRUMENTATION_STATUS: numtests=1

INSTRUMENTATION_STATUS: stream=.

INSTRUMENTATION_STATUS: id=UiAutomatorTestRunner

INSTRUMENTATION_STATUS: test=testA

INSTRUMENTATION_STATUS: class=one.test.test2

INSTRUMENTATION_STATUS: current=1

INSTRUMENTATION_STATUS_CODE: 0

INSTRUMENTATION_STATUS: stream=

Test results for WatcherResultPrinter=.

Time: 3.673



OK (1 test)





INSTRUMENTATION_STATUS_CODE: -1

Updated file D:\soft\workspace\workspace\AppSioeye\build.xml
Buildfile: D:\soft\workspace\workspace\AppSioeye\build.xml

-check-env:
 [checkenv] Android SDK Tools Revision 24.0.2
 [checkenv] Installed at D:\soft\adt-bundle-windows-x86_64-20130219\sdk

-build-setup:
[getbuildtools] Using latest Build Tools: 23.0.2
     [echo] Resolving Build Target for AppSioeye...
[getuitarget] Project Target:   Android 6.0
[getuitarget] API level:        23
     [echo] ----------
     [echo] Creating output directories if needed...

-pre-compile:

compile:
    [javac] Compiling 1 source file to D:\soft\workspace\workspace\AppSioeye\bin\classes

-post-compile:

-dex:
      [dex] input: D:\soft\workspace\workspace\AppSioeye\bin\classes
      [dex] Found Deleted Target File
      [dex] Converting compiled files and external libraries into D:\soft\workspace\workspace\AppSioeye\bin\classes.dex...

-post-dex:

-jar:
      [jar] Building jar: D:\soft\workspace\workspace\AppSioeye\bin\AppSioeye.jar

-post-jar:

build:

BUILD SUCCESSFUL
Total time: 14 seconds
[100%] /data/local/tmp/AppSioeye.jar
INSTRUMENTATION_STATUS: numtests=1

INSTRUMENTATION_STATUS: stream=

one.test.test2:

INSTRUMENTATION_STATUS: id=UiAutomatorTestRunner

INSTRUMENTATION_STATUS: test=testA

INSTRUMENTATION_STATUS: class=one.test.test2

INSTRUMENTATION_STATUS: current=1

INSTRUMENTATION_STATUS_CODE: 1

[CktTest-one.test.test2-testA] *****Start to run one.test.test2-testA *****

[CktTest-one.test.test2-testA] *****End to run one.test.test2-testA *****

INSTRUMENTATION_STATUS: numtests=1

INSTRUMENTATION_STATUS: stream=.

INSTRUMENTATION_STATUS: id=UiAutomatorTestRunner

INSTRUMENTATION_STATUS: test=testA

INSTRUMENTATION_STATUS: class=one.test.test2

INSTRUMENTATION_STATUS: current=1

INSTRUMENTATION_STATUS_CODE: 0

INSTRUMENTATION_STATUS: stream=

Test results for WatcherResultPrinter=.

Time: 1.456



OK (1 test)





INSTRUMENTATION_STATUS_CODE: -1

Updated file D:\soft\workspace\workspace\AppSioeye\build.xml
Buildfile: D:\soft\workspace\workspace\AppSioeye\build.xml

-check-env:
 [checkenv] Android SDK Tools Revision 24.0.2
 [checkenv] Installed at D:\soft\adt-bundle-windows-x86_64-20130219\sdk

-build-setup:
[getbuildtools] Using latest Build Tools: 23.0.2
     [echo] Resolving Build Target for AppSioeye...
[getuitarget] Project Target:   Android 6.0
[getuitarget] API level:        23
     [echo] ----------
     [echo] Creating output directories if needed...

-pre-compile:

compile:
    [javac] Compiling 1 source file to D:\soft\workspace\workspace\AppSioeye\bin\classes

-post-compile:

-dex:
      [dex] input: D:\soft\workspace\workspace\AppSioeye\bin\classes
      [dex] Found Deleted Target File
      [dex] Converting compiled files and external libraries into D:\soft\workspace\workspace\AppSioeye\bin\classes.dex...

-post-dex:

-jar:
      [jar] Building jar: D:\soft\workspace\workspace\AppSioeye\bin\AppSioeye.jar

-post-jar:

build:

BUILD SUCCESSFUL
Total time: 14 seconds
[100%] /data/local/tmp/AppSioeye.jar
INSTRUMENTATION_STATUS: numtests=1

INSTRUMENTATION_STATUS: stream=

one.hardware.Action.CameraAction:

INSTRUMENTATION_STATUS: id=UiAutomatorTestRunner

INSTRUMENTATION_STATUS: test=openLivaAndSave

INSTRUMENTATION_STATUS: class=one.hardware.Action.CameraAction

INSTRUMENTATION_STATUS: current=1

INSTRUMENTATION_STATUS_CODE: 1

INSTRUMENTATION_STATUS: numtests=1

INSTRUMENTATION_STATUS: stream=.

INSTRUMENTATION_STATUS: id=UiAutomatorTestRunner

INSTRUMENTATION_STATUS: test=openLivaAndSave

INSTRUMENTATION_STATUS: class=one.hardware.Action.CameraAction

INSTRUMENTATION_STATUS: current=1

INSTRUMENTATION_STATUS_CODE: 0

INSTRUMENTATION_STATUS: stream=

Test results for WatcherResultPrinter=.

Time: 3.796



OK (1 test)





INSTRUMENTATION_STATUS_CODE: -1

Updated file D:\soft\workspace\workspace\AppSioeye\build.xml
Buildfile: D:\soft\workspace\workspace\AppSioeye\build.xml

-check-env:
 [checkenv] Android SDK Tools Revision 24.0.2
 [checkenv] Installed at D:\soft\adt-bundle-windows-x86_64-20130219\sdk

-build-setup:
[getbuildtools] Using latest Build Tools: 23.0.2
     [echo] Resolving Build Target for AppSioeye...
[getuitarget] Project Target:   Android 6.0
[getuitarget] API level:        23
     [echo] ----------
     [echo] Creating output directories if needed...

-pre-compile:

compile:
    [javac] Compiling 1 source file to D:\soft\workspace\workspace\AppSioeye\bin\classes

-post-compile:

-dex:
      [dex] input: D:\soft\workspace\workspace\AppSioeye\bin\classes
      [dex] Found Deleted Target File
      [dex] Converting compiled files and external libraries into D:\soft\workspace\workspace\AppSioeye\bin\classes.dex...

-post-dex:

-jar:
      [jar] Building jar: D:\soft\workspace\workspace\AppSioeye\bin\AppSioeye.jar

-post-jar:

build:

BUILD SUCCESSFUL
Total time: 4 seconds
[100%] /data/local/tmp/AppSioeye.jar
INSTRUMENTATION_STATUS: numtests=1

INSTRUMENTATION_STATUS: stream=

one.hardware.Testcase.BurstDownToUp:

INSTRUMENTATION_STATUS: id=UiAutomatorTestRunner

INSTRUMENTATION_STATUS: test=testBurstDownToUp

INSTRUMENTATION_STATUS: class=one.hardware.Testcase.BurstDownToUp

INSTRUMENTATION_STATUS: current=1

INSTRUMENTATION_STATUS_CODE: 1

[CktTest-BurstDownToUp-testBurstDownToUp] *****Start to run BurstDownToUp-testBurstDownToUp *****

[CktTest-BurstDownToUp-testBurstDownToUp] 当前package:com.hicam

[CktTest-BurstDownToUp-testBurstDownToUp] 关闭filemanager-Success

[CktTest-BurstDownToUp-testBurstDownToUp] 当前package:com.android.launcher3

[CktTest-BurstDownToUp-testBurstDownToUp] 关闭Camera-Success

[CktTest-BurstDownToUp-testBurstDownToUp] 当前package:com.android.launcher3

[CktTest-BurstDownToUp-testBurstDownToUp] 关闭Gallery-Success

[CktTest-BurstDownToUp-testBurstDownToUp] delete:/mnt/sdcard/Video/VID_20160929044001_slo.mp4

[CktTest-BurstDownToUp-testBurstDownToUp] 当前package:com.hicam

[CktTest-BurstDownToUp-testBurstDownToUp] 已经进入相机

[CktTest-BurstDownToUp-testBurstDownToUp] [Scroll Find Object]: Burst

[CktTest-BurstDownToUp-testBurstDownToUp] [Find Object]: Burst

[CktTest-BurstDownToUp-testBurstDownToUp] [Find Object]: com.hicam:id/camera_setting_shortcut

[CktTest-BurstDownToUp-testBurstDownToUp] [Find Object]: Up/Down/Auto

[CktTest-BurstDownToUp-testBurstDownToUp] [Find Object]: Down

[CktTest-BurstDownToUp-testBurstDownToUp] [Find Object]: Up/Down/Auto

[CktTest-BurstDownToUp-testBurstDownToUp] [Find Object]: Up

[CktTest-BurstDownToUp-testBurstDownToUp] [Find Object]: Up/Down/Auto

[CktTest-BurstDownToUp-testBurstDownToUp] [Test Result]: The Test case BurstDownToUp-testBurstDownToUp Pass

[CktTest-BurstDownToUp-testBurstDownToUp] [Find Object]: Up

[CktTest-BurstDownToUp-testBurstDownToUp] *****End to run BurstDownToUp-testBurstDownToUp *****

INSTRUMENTATION_STATUS: numtests=1

INSTRUMENTATION_STATUS: stream=.

INSTRUMENTATION_STATUS: id=UiAutomatorTestRunner

INSTRUMENTATION_STATUS: test=testBurstDownToUp

INSTRUMENTATION_STATUS: class=one.hardware.Testcase.BurstDownToUp

INSTRUMENTATION_STATUS: current=1

INSTRUMENTATION_STATUS_CODE: 0

INSTRUMENTATION_STATUS: stream=

Test results for WatcherResultPrinter=.

Time: 58.246



OK (1 test)





INSTRUMENTATION_STATUS_CODE: -1

Updated file D:\soft\workspace\workspace\AppSioeye\build.xml
Buildfile: D:\soft\workspace\workspace\AppSioeye\build.xml

-check-env:
 [checkenv] Android SDK Tools Revision 24.0.2
 [checkenv] Installed at D:\soft\adt-bundle-windows-x86_64-20130219\sdk

-build-setup:
[getbuildtools] Using latest Build Tools: 23.0.2
     [echo] Resolving Build Target for AppSioeye...
[getuitarget] Project Target:   Android 5.1
[getuitarget] API level:        22
     [echo] ----------
     [echo] Creating output directories if needed...

-pre-compile:

compile:
    [javac] Compiling 1 source file to D:\soft\workspace\workspace\AppSioeye\bin\classes

-post-compile:

-dex:
      [dex] input: D:\soft\workspace\workspace\AppSioeye\bin\classes
      [dex] Found Deleted Target File
      [dex] Converting compiled files and external libraries into D:\soft\workspace\workspace\AppSioeye\bin\classes.dex...

-post-dex:

-jar:
      [jar] Building jar: D:\soft\workspace\workspace\AppSioeye\bin\AppSioeye.jar

-post-jar:

build:

BUILD SUCCESSFUL
Total time: 3 seconds
[100%] /data/local/tmp/AppSioeye.jar
INSTRUMENTATION_STATUS: numtests=1

INSTRUMENTATION_STATUS: stream=

one.hardware.Testcase.BurstDownUpToAuto:

INSTRUMENTATION_STATUS: id=UiAutomatorTestRunner

INSTRUMENTATION_STATUS: test=testBurstDownUpToAuto

INSTRUMENTATION_STATUS: class=one.hardware.Testcase.BurstDownUpToAuto

INSTRUMENTATION_STATUS: current=1

INSTRUMENTATION_STATUS_CODE: 1

[CktTest-BurstDownUpToAuto-testBurstDownUpToAuto] *****Start to run BurstDownUpToAuto-testBurstDownUpToAuto *****

[CktTest-BurstDownUpToAuto-testBurstDownUpToAuto] 当前package:com.hicam

[CktTest-BurstDownUpToAuto-testBurstDownUpToAuto] 关闭filemanager-Success

[CktTest-BurstDownUpToAuto-testBurstDownUpToAuto] 当前package:com.android.launcher3

[CktTest-BurstDownUpToAuto-testBurstDownUpToAuto] 关闭Camera-Success

[CktTest-BurstDownUpToAuto-testBurstDownUpToAuto] 当前package:com.android.launcher3

[CktTest-BurstDownUpToAuto-testBurstDownUpToAuto] 关闭Gallery-Success

[CktTest-BurstDownUpToAuto-testBurstDownUpToAuto] 当前package:com.hicam

[CktTest-BurstDownUpToAuto-testBurstDownUpToAuto] 已经进入相机

[CktTest-BurstDownUpToAuto-testBurstDownUpToAuto] [Scroll Find Object]: Burst

[CktTest-BurstDownUpToAuto-testBurstDownUpToAuto] [Find Object]: Burst

[CktTest-BurstDownUpToAuto-testBurstDownUpToAuto] [Find Object]: com.hicam:id/camera_setting_shortcut

[CktTest-BurstDownUpToAuto-testBurstDownUpToAuto] [Find Object]: Up/Down/Auto

[CktTest-BurstDownUpToAuto-testBurstDownUpToAuto] [Find Object]: Auto

[CktTest-BurstDownUpToAuto-testBurstDownUpToAuto] [Find Object]: Up/Down/Auto

[CktTest-BurstDownUpToAuto-testBurstDownUpToAuto] flag1 pass = 1

[CktTest-BurstDownUpToAuto-testBurstDownUpToAuto] [Find Object]: Up

[CktTest-BurstDownUpToAuto-testBurstDownUpToAuto] [Find Object]: Up/Down/Auto

[CktTest-BurstDownUpToAuto-testBurstDownUpToAuto] [Find Object]: Down

[CktTest-BurstDownUpToAuto-testBurstDownUpToAuto] [Find Object]: Up/Down/Auto

[CktTest-BurstDownUpToAuto-testBurstDownUpToAuto] [Find Object]: Auto

[CktTest-BurstDownUpToAuto-testBurstDownUpToAuto] [Find Object]: Up/Down/Auto

[CktTest-BurstDownUpToAuto-testBurstDownUpToAuto] flag2 pass = 1

[CktTest-BurstDownUpToAuto-testBurstDownUpToAuto] [Find Object]: Up

[CktTest-BurstDownUpToAuto-testBurstDownUpToAuto] [Test Result]: The Test case BurstDownUpToAuto-testBurstDownUpToAuto Pass

INSTRUMENTATION_STATUS: numtests=1

INSTRUMENTATION_STATUS: stream=.

INSTRUMENTATION_STATUS: id=UiAutomatorTestRunner

INSTRUMENTATION_STATUS: test=testBurstDownUpToAuto

INSTRUMENTATION_STATUS: class=one.hardware.Testcase.BurstDownUpToAuto

INSTRUMENTATION_STATUS: current=1

INSTRUMENTATION_STATUS_CODE: 0

INSTRUMENTATION_STATUS: stream=

Test results for WatcherResultPrinter=.

Time: 70.222



OK (1 test)





INSTRUMENTATION_STATUS_CODE: -1

Updated file D:\soft\workspace\workspace\AppSioeye\build.xml
Buildfile: D:\soft\workspace\workspace\AppSioeye\build.xml

-check-env:
 [checkenv] Android SDK Tools Revision 24.0.2
 [checkenv] Installed at D:\soft\adt-bundle-windows-x86_64-20130219\sdk

-build-setup:
[getbuildtools] Using latest Build Tools: 23.0.2
     [echo] Resolving Build Target for AppSioeye...
[getuitarget] Project Target:   Android 6.0
[getuitarget] API level:        23
     [echo] ----------
     [echo] Creating output directories if needed...

-pre-compile:

compile:
    [javac] Compiling 1 source file to D:\soft\workspace\workspace\AppSioeye\bin\classes

-post-compile:

-dex:
      [dex] input: D:\soft\workspace\workspace\AppSioeye\bin\classes
      [dex] Found Deleted Target File
      [dex] Converting compiled files and external libraries into D:\soft\workspace\workspace\AppSioeye\bin\classes.dex...

-post-dex:

-jar:
      [jar] Building jar: D:\soft\workspace\workspace\AppSioeye\bin\AppSioeye.jar

-post-jar:

build:

BUILD SUCCESSFUL
Total time: 3 seconds
[100%] /data/local/tmp/AppSioeye.jar
INSTRUMENTATION_STATUS: numtests=1

INSTRUMENTATION_STATUS: stream=

one.hardware.Testcase.BurstUpToDown:

INSTRUMENTATION_STATUS: id=UiAutomatorTestRunner

INSTRUMENTATION_STATUS: test=testBurstUpToDown

INSTRUMENTATION_STATUS: class=one.hardware.Testcase.BurstUpToDown

INSTRUMENTATION_STATUS: current=1

INSTRUMENTATION_STATUS_CODE: 1

[CktTest-BurstUpToDown-testBurstUpToDown] *****Start to run BurstUpToDown-testBurstUpToDown *****

[CktTest-BurstUpToDown-testBurstUpToDown] 当前package:com.hicam

[CktTest-BurstUpToDown-testBurstUpToDown] 关闭filemanager-Success

[CktTest-BurstUpToDown-testBurstUpToDown] 当前package:com.android.launcher3

[CktTest-BurstUpToDown-testBurstUpToDown] 关闭Camera-Success

[CktTest-BurstUpToDown-testBurstUpToDown] 当前package:com.android.launcher3

[CktTest-BurstUpToDown-testBurstUpToDown] 关闭Gallery-Success

[CktTest-BurstUpToDown-testBurstUpToDown] 当前package:com.hicam

[CktTest-BurstUpToDown-testBurstUpToDown] 已经进入相机

[CktTest-BurstUpToDown-testBurstUpToDown] [Scroll Find Object]: Burst

[CktTest-BurstUpToDown-testBurstUpToDown] [Find Object]: Burst

[CktTest-BurstUpToDown-testBurstUpToDown] [Find Object]: com.hicam:id/camera_setting_shortcut

[CktTest-BurstUpToDown-testBurstUpToDown] [Find Object]: Up/Down/Auto

[CktTest-BurstUpToDown-testBurstUpToDown] [Find Object]: Down

[CktTest-BurstUpToDown-testBurstUpToDown] [Find Object]: Up/Down/Auto

[CktTest-BurstUpToDown-testBurstUpToDown] [Test Result]: The Test case BurstUpToDown-testBurstUpToDown Pass

[CktTest-BurstUpToDown-testBurstUpToDown] [Find Object]: Up

[CktTest-BurstUpToDown-testBurstUpToDown] *****End to run BurstUpToDown-testBurstUpToDown *****

INSTRUMENTATION_STATUS: numtests=1

INSTRUMENTATION_STATUS: stream=.

INSTRUMENTATION_STATUS: id=UiAutomatorTestRunner

INSTRUMENTATION_STATUS: test=testBurstUpToDown

INSTRUMENTATION_STATUS: class=one.hardware.Testcase.BurstUpToDown

INSTRUMENTATION_STATUS: current=1

INSTRUMENTATION_STATUS_CODE: 0

INSTRUMENTATION_STATUS: stream=

Test results for WatcherResultPrinter=.

Time: 51.639



OK (1 test)





INSTRUMENTATION_STATUS_CODE: -1

Updated file D:\soft\workspace\workspace\AppSioeye\build.xml
Buildfile: D:\soft\workspace\workspace\AppSioeye\build.xml

-check-env:
 [checkenv] Android SDK Tools Revision 24.0.2
 [checkenv] Installed at D:\soft\adt-bundle-windows-x86_64-20130219\sdk

-build-setup:
[getbuildtools] Using latest Build Tools: 23.0.2
     [echo] Resolving Build Target for AppSioeye...
[getuitarget] Project Target:   Android 6.0
[getuitarget] API level:        23
     [echo] ----------
     [echo] Creating output directories if needed...

-pre-compile:

compile:
    [javac] Compiling 1 source file to D:\soft\workspace\workspace\AppSioeye\bin\classes

-post-compile:

-dex:
      [dex] input: D:\soft\workspace\workspace\AppSioeye\bin\classes
      [dex] Found Deleted Target File
      [dex] Converting compiled files and external libraries into D:\soft\workspace\workspace\AppSioeye\bin\classes.dex...

-post-dex:

-jar:
      [jar] Building jar: D:\soft\workspace\workspace\AppSioeye\bin\AppSioeye.jar

-post-jar:

build:

BUILD SUCCESSFUL
Total time: 4 seconds
[100%] /data/local/tmp/AppSioeye.jar
INSTRUMENTATION_STATUS: numtests=1

INSTRUMENTATION_STATUS: stream=

one.hardware.Testcase.LiveUpDown:

INSTRUMENTATION_STATUS: id=UiAutomatorTestRunner

INSTRUMENTATION_STATUS: test=testLiveUpDown

INSTRUMENTATION_STATUS: class=one.hardware.Testcase.LiveUpDown

INSTRUMENTATION_STATUS: current=1

INSTRUMENTATION_STATUS_CODE: 1

[CktTest-LiveUpDown-testLiveUpDown] *****Start to run LiveUpDown-testLiveUpDown *****

[CktTest-LiveUpDown-testLiveUpDown] 当前package:com.hicam

[CktTest-LiveUpDown-testLiveUpDown] 关闭filemanager-Success

[CktTest-LiveUpDown-testLiveUpDown] 当前package:com.android.launcher3

[CktTest-LiveUpDown-testLiveUpDown] 关闭Camera-Success

[CktTest-LiveUpDown-testLiveUpDown] 当前package:com.android.launcher3

[CktTest-LiveUpDown-testLiveUpDown] 关闭Gallery-Success

[CktTest-LiveUpDown-testLiveUpDown] 当前package:com.hicam

[CktTest-LiveUpDown-testLiveUpDown] 已经进入相机

[CktTest-LiveUpDown-testLiveUpDown] [Find Object]: com.hicam:id/camera_live_shortcut

[CktTest-LiveUpDown-testLiveUpDown] [Find Object]: com.hicam:id/camera_setting_shortcut

[CktTest-LiveUpDown-testLiveUpDown] [Scroll Find Object]: Up/Down/Auto

[CktTest-LiveUpDown-testLiveUpDown] [Find Object]: Up/Down/Auto

[CktTest-LiveUpDown-testLiveUpDown] [Find Object]: Down

[CktTest-LiveUpDown-testLiveUpDown] Up设置为Down成功

[CktTest-LiveUpDown-testLiveUpDown] [Test Result]: The Test case LiveUpDown-testLiveUpDown Pass

[CktTest-LiveUpDown-testLiveUpDown] [Find Object]: Up/Down/Auto

[CktTest-LiveUpDown-testLiveUpDown] [Find Object]: Up

[CktTest-LiveUpDown-testLiveUpDown] 操纵还原成功且用例执行成功

[CktTest-LiveUpDown-testLiveUpDown] *****End to run LiveUpDown-testLiveUpDown *****

INSTRUMENTATION_STATUS: numtests=1

INSTRUMENTATION_STATUS: stream=.

INSTRUMENTATION_STATUS: id=UiAutomatorTestRunner

INSTRUMENTATION_STATUS: test=testLiveUpDown

INSTRUMENTATION_STATUS: class=one.hardware.Testcase.LiveUpDown

INSTRUMENTATION_STATUS: current=1

INSTRUMENTATION_STATUS_CODE: 0

INSTRUMENTATION_STATUS: stream=

Test results for WatcherResultPrinter=.

Time: 55.69



OK (1 test)





INSTRUMENTATION_STATUS_CODE: -1

Updated file D:\soft\workspace\workspace\AppSioeye\build.xml
Buildfile: D:\soft\workspace\workspace\AppSioeye\build.xml

-check-env:
 [checkenv] Android SDK Tools Revision 24.0.2
 [checkenv] Installed at D:\soft\adt-bundle-windows-x86_64-20130219\sdk

-build-setup:
[getbuildtools] Using latest Build Tools: 23.0.2
     [echo] Resolving Build Target for AppSioeye...
[getuitarget] Project Target:   Android 6.0
[getuitarget] API level:        23
     [echo] ----------
     [echo] Creating output directories if needed...

-pre-compile:

compile:
    [javac] Compiling 1 source file to D:\soft\workspace\workspace\AppSioeye\bin\classes

-post-compile:

-dex:
      [dex] input: D:\soft\workspace\workspace\AppSioeye\bin\classes
      [dex] Found Deleted Target File
      [dex] Converting compiled files and external libraries into D:\soft\workspace\workspace\AppSioeye\bin\classes.dex...

-post-dex:

-jar:
      [jar] Building jar: D:\soft\workspace\workspace\AppSioeye\bin\AppSioeye.jar

-post-jar:

build:

BUILD SUCCESSFUL
Total time: 4 seconds
[100%] /data/local/tmp/AppSioeye.jar
INSTRUMENTATION_STATUS: numtests=1

INSTRUMENTATION_STATUS: stream=

one.hardware.Testcase.Review_Screen_onoff:

INSTRUMENTATION_STATUS: id=UiAutomatorTestRunner

INSTRUMENTATION_STATUS: test=testReview_Screen_onoff

INSTRUMENTATION_STATUS: class=one.hardware.Testcase.Review_Screen_onoff

INSTRUMENTATION_STATUS: current=1

INSTRUMENTATION_STATUS_CODE: 1

[CktTest-Review_Screen_onoff-testReview_Screen_onoff] *****Start to run Review_Screen_onoff-testReview_Screen_onoff *****

[CktTest-Review_Screen_onoff-testReview_Screen_onoff] 当前package:com.hicam

[CktTest-Review_Screen_onoff-testReview_Screen_onoff] 已经进入相机

验证程序包名：com.hicam

testReview_Screen_onoff case was passed

INSTRUMENTATION_STATUS: numtests=1

INSTRUMENTATION_STATUS: stream=.

INSTRUMENTATION_STATUS: id=UiAutomatorTestRunner

INSTRUMENTATION_STATUS: test=testReview_Screen_onoff

INSTRUMENTATION_STATUS: class=one.hardware.Testcase.Review_Screen_onoff

INSTRUMENTATION_STATUS: current=1

INSTRUMENTATION_STATUS_CODE: 0

INSTRUMENTATION_STATUS: stream=

Test results for WatcherResultPrinter=.

Time: 86.948



OK (1 test)





INSTRUMENTATION_STATUS_CODE: -1

Updated file D:\soft\workspace\workspace\AppSioeye\build.xml
Buildfile: D:\soft\workspace\workspace\AppSioeye\build.xml

-check-env:
 [checkenv] Android SDK Tools Revision 24.0.2
 [checkenv] Installed at D:\soft\adt-bundle-windows-x86_64-20130219\sdk

-build-setup:
[getbuildtools] Using latest Build Tools: 23.0.2
     [echo] Resolving Build Target for one.hardware.Testcase...
[getuitarget] Project Target:   Android 6.0
[getuitarget] API level:        23
     [echo] ----------
     [echo] Creating output directories if needed...

-pre-compile:

compile:
    [javac] Compiling 1 source file to D:\soft\workspace\workspace\AppSioeye\bin\classes

-post-compile:

-dex:
      [dex] input: D:\soft\workspace\workspace\AppSioeye\bin\classes
      [dex] Found Deleted Target File
      [dex] Converting compiled files and external libraries into D:\soft\workspace\workspace\AppSioeye\bin\classes.dex...

-post-dex:

-jar:
      [jar] Building jar: D:\soft\workspace\workspace\AppSioeye\bin\one.hardware.Testcase.jar

-post-jar:

build:

BUILD SUCCESSFUL
Total time: 4 seconds
[100%] /data/local/tmp/one.hardware.Testcase.jar
INSTRUMENTATION_STATUS: numtests=1

INSTRUMENTATION_STATUS: stream=

one.hardware.Testcase.Sleeptime_setting:

INSTRUMENTATION_STATUS: id=UiAutomatorTestRunner

INSTRUMENTATION_STATUS: test=test

INSTRUMENTATION_STATUS: class=one.hardware.Testcase.Sleeptime_setting

INSTRUMENTATION_STATUS: current=1

INSTRUMENTATION_STATUS_CODE: 1

[CktTest-Sleeptime_setting-test] *****Start to run  + 睡眠时间设置  *****

[CktTest-Sleeptime_setting-test] 当前package:com.hicam

[CktTest-Sleeptime_setting-test] 关闭filemanager-Success

[CktTest-Sleeptime_setting-test] 当前package:com.android.launcher3

[CktTest-Sleeptime_setting-test] 关闭Camera-Success

[CktTest-Sleeptime_setting-test] 当前package:com.android.launcher3

[CktTest-Sleeptime_setting-test] 关闭Gallery-Success

[CktTest-Sleeptime_setting-test] delete:/mnt/sdcard/Video/VID_20160929065816_30fps.mp4

[CktTest-Sleeptime_setting-test] delete:/mnt/sdcard/Photo/IMG_20160929065813.jpg

苦逼寻找setting中

Orz.

Orz..

Orz..

o(∩_∩)o 找到了

[CktTest-Sleeptime_setting-test] [Find Object]: Settings

进入setting界面

[CktTest-Sleeptime_setting-test] [Find Object]: Device

进入Device界面

[CktTest-Sleeptime_setting-test] [Find Object]: Display

进入Display界面

[CktTest-Sleeptime_setting-test] [Find Object]: Sleep

进入Sleep界面

[CktTest-Sleeptime_setting-test] [Find Object]: 15 seconds

[CktTest-Sleeptime_setting-test] [Test Result]: The Test Case Sleeptime_setting-test Failed

[CktTest-Sleeptime_setting-test] [Find Object]: 60 seconds

[CktTest-Sleeptime_setting-test] [Test Result]: The Test Case Sleeptime_setting-test Failed

[CktTest-Sleeptime_setting-test] [Find Object]: 10 minutes

[CktTest-Sleeptime_setting-test] [Test Result]: The Test Case Sleeptime_setting-test Failed

[CktTest-Sleeptime_setting-test] [Find Object]: Never

[CktTest-Sleeptime_setting-test] [Test Result]: The Test case Sleeptime_setting-test Pass

[CktTest-Sleeptime_setting-test] Never设置---------------------------------- pass

[CktTest-Sleeptime_setting-test] [Find Object]: Never

Never设置初始化成功

[CktTest-Sleeptime_setting-test] *****end to run  + 睡眠时间设置  *****

INSTRUMENTATION_STATUS: numtests=1

INSTRUMENTATION_STATUS: stream=.

INSTRUMENTATION_STATUS: id=UiAutomatorTestRunner

INSTRUMENTATION_STATUS: test=test

INSTRUMENTATION_STATUS: class=one.hardware.Testcase.Sleeptime_setting

INSTRUMENTATION_STATUS: current=1

INSTRUMENTATION_STATUS_CODE: 0

INSTRUMENTATION_STATUS: stream=

Test results for WatcherResultPrinter=.

Time: 1302.454



OK (1 test)





INSTRUMENTATION_STATUS_CODE: -1

Updated file D:\soft\workspace\workspace\AppSioeye\build.xml
Buildfile: D:\soft\workspace\workspace\AppSioeye\build.xml

-check-env:
 [checkenv] Android SDK Tools Revision 24.0.2
 [checkenv] Installed at D:\soft\adt-bundle-windows-x86_64-20130219\sdk

-build-setup:
[getbuildtools] Using latest Build Tools: 23.0.2
     [echo] Resolving Build Target for AppSioeye...
[getuitarget] Project Target:   Android 6.0
[getuitarget] API level:        23
     [echo] ----------
     [echo] Creating output directories if needed...

-pre-compile:

compile:
    [javac] Compiling 1 source file to D:\soft\workspace\workspace\AppSioeye\bin\classes

-post-compile:

-dex:
      [dex] input: D:\soft\workspace\workspace\AppSioeye\bin\classes
      [dex] Found Deleted Target File
      [dex] Converting compiled files and external libraries into D:\soft\workspace\workspace\AppSioeye\bin\classes.dex...

-post-dex:

-jar:
      [jar] Building jar: D:\soft\workspace\workspace\AppSioeye\bin\AppSioeye.jar

-post-jar:

build:

BUILD SUCCESSFUL
Total time: 4 seconds
[100%] /data/local/tmp/AppSioeye.jar
INSTRUMENTATION_STATUS: numtests=1

INSTRUMENTATION_STATUS: stream=

one.hardware.Testcase.Slo_Mo_Screen_onoff:

INSTRUMENTATION_STATUS: id=UiAutomatorTestRunner

INSTRUMENTATION_STATUS: test=testAlo_Mo_Screen_onoff

INSTRUMENTATION_STATUS: class=one.hardware.Testcase.Slo_Mo_Screen_onoff

INSTRUMENTATION_STATUS: current=1

INSTRUMENTATION_STATUS_CODE: 1

[CktTest-Slo_Mo_Screen_onoff-testAlo_Mo_Screen_onoff] *****Start to run  + runcase +  *****

[CktTest-Slo_Mo_Screen_onoff-testAlo_Mo_Screen_onoff] 当前package:com.android.launcher3

[CktTest-Slo_Mo_Screen_onoff-testAlo_Mo_Screen_onoff] 关闭filemanager-Success

[CktTest-Slo_Mo_Screen_onoff-testAlo_Mo_Screen_onoff] 当前package:com.android.launcher3

[CktTest-Slo_Mo_Screen_onoff-testAlo_Mo_Screen_onoff] 关闭Camera-Success

[CktTest-Slo_Mo_Screen_onoff-testAlo_Mo_Screen_onoff] 当前package:com.android.launcher3

[CktTest-Slo_Mo_Screen_onoff-testAlo_Mo_Screen_onoff] 关闭Gallery-Success

[CktTest-Slo_Mo_Screen_onoff-testAlo_Mo_Screen_onoff] 当前package:com.hicam

[CktTest-Slo_Mo_Screen_onoff-testAlo_Mo_Screen_onoff] 已经进入相机

[CktTest-Slo_Mo_Screen_onoff-testAlo_Mo_Screen_onoff] [Scroll Find Object]: Slo_Mo

[CktTest-Slo_Mo_Screen_onoff-testAlo_Mo_Screen_onoff] [Find Object]: Slo_Mo

[CktTest-Slo_Mo_Screen_onoff-testAlo_Mo_Screen_onoff] *****慢速录像选择

[CktTest-Slo_Mo_Screen_onoff-testAlo_Mo_Screen_onoff] Launch-Camera-Key

[CktTest-Slo_Mo_Screen_onoff-testAlo_Mo_Screen_onoff] Launch-Camera-Key

INSTRUMENTATION_STATUS: numtests=1

INSTRUMENTATION_STATUS: stream=.

INSTRUMENTATION_STATUS: id=UiAutomatorTestRunner

INSTRUMENTATION_STATUS: test=testAlo_Mo_Screen_onoff

INSTRUMENTATION_STATUS: class=one.hardware.Testcase.Slo_Mo_Screen_onoff

INSTRUMENTATION_STATUS: current=1

INSTRUMENTATION_STATUS_CODE: 0

INSTRUMENTATION_STATUS: stream=

Test results for WatcherResultPrinter=.

Time: 75.636



OK (1 test)





INSTRUMENTATION_STATUS_CODE: -1

